<?xml version="1.0" encoding="UTF-8"?>
<coverage generated="1630831440195" clover="3.2.0">
  <project timestamp="1630831440195" name="All files">
    <metrics statements="2857" coveredstatements="2800" conditionals="1149" coveredconditionals="1127" methods="607" coveredmethods="594" elements="4613" coveredelements="4521" complexity="0" loc="2857" ncloc="2857" packages="103" files="158" classes="158"/>
    <package name="algorithms.cryptography.caesar-cipher">
      <metrics statements="17" coveredstatements="17" conditionals="8" coveredconditionals="8" methods="6" coveredmethods="6"/>
      <file name="caesarCipher.js" path="/Users/fangqi-apple/Library/Mobile Documents/com~apple~CloudDocs/Documents/WebDev/javascript/src/algorithms/cryptography/caesar-cipher/caesarCipher.js">
        <metrics statements="17" coveredstatements="17" conditionals="8" coveredconditionals="8" methods="6" coveredmethods="6"/>
        <line num="2" count="1" type="stmt"/>
        <line num="12" count="1" type="stmt"/>
        <line num="13" count="14" type="stmt"/>
        <line num="15" count="364" type="stmt"/>
        <line num="17" count="364" type="stmt"/>
        <line num="20" count="364" type="cond" truecount="2" falsecount="0"/>
        <line num="21" count="31" type="stmt"/>
        <line num="23" count="364" type="stmt"/>
        <line num="24" count="364" type="stmt"/>
        <line num="34" count="1" type="cond" truecount="1" falsecount="0"/>
        <line num="36" count="8" type="stmt"/>
        <line num="37" count="8" type="stmt"/>
        <line num="40" count="71" type="cond" truecount="2" falsecount="0"/>
        <line num="50" count="1" type="cond" truecount="1" falsecount="0"/>
        <line num="52" count="6" type="stmt"/>
        <line num="53" count="6" type="stmt"/>
        <line num="56" count="66" type="cond" truecount="2" falsecount="0"/>
      </file>
    </package>
    <package name="algorithms.cryptography.polynomial-hash">
      <metrics statements="43" coveredstatements="43" conditionals="6" coveredconditionals="6" methods="8" coveredmethods="8"/>
      <file name="PolynomialHash.js" path="/Users/fangqi-apple/Library/Mobile Documents/com~apple~CloudDocs/Documents/WebDev/javascript/src/algorithms/cryptography/polynomial-hash/PolynomialHash.js">
        <metrics statements="30" coveredstatements="30" conditionals="5" coveredconditionals="5" methods="5" coveredmethods="5"/>
        <line num="1" count="2" type="stmt"/>
        <line num="2" count="2" type="stmt"/>
        <line num="10" count="33" type="stmt"/>
        <line num="11" count="33" type="stmt"/>
        <line num="23" count="107816" type="stmt"/>
        <line num="25" count="8767" type="stmt"/>
        <line num="26" count="8767" type="stmt"/>
        <line num="27" count="107816" type="stmt"/>
        <line num="28" count="107816" type="stmt"/>
        <line num="29" count="107816" type="stmt"/>
        <line num="32" count="8767" type="stmt"/>
        <line num="50" count="10851" type="stmt"/>
        <line num="52" count="10851" type="stmt"/>
        <line num="53" count="10851" type="stmt"/>
        <line num="55" count="10851" type="stmt"/>
        <line num="56" count="10851" type="stmt"/>
        <line num="57" count="147092" type="stmt"/>
        <line num="58" count="147092" type="stmt"/>
        <line num="61" count="10851" type="stmt"/>
        <line num="62" count="10851" type="stmt"/>
        <line num="64" count="10851" type="stmt"/>
        <line num="65" count="10851" type="stmt"/>
        <line num="66" count="10851" type="stmt"/>
        <line num="68" count="10851" type="stmt"/>
        <line num="78" count="129518" type="stmt"/>
        <line num="81" count="129518" type="stmt"/>
        <line num="82" count="129518" type="cond" truecount="2" falsecount="0"/>
        <line num="83" count="1" type="stmt"/>
        <line num="84" count="1" type="stmt"/>
        <line num="87" count="129518" type="stmt"/>
      </file>
      <file name="SimplePolynomialHash.js" path="/Users/fangqi-apple/Library/Mobile Documents/com~apple~CloudDocs/Documents/WebDev/javascript/src/algorithms/cryptography/polynomial-hash/SimplePolynomialHash.js">
        <metrics statements="13" coveredstatements="13" conditionals="1" coveredconditionals="1" methods="3" coveredmethods="3"/>
        <line num="1" count="1" type="stmt"/>
        <line num="8" count="3" type="stmt"/>
        <line num="25" count="1518" type="stmt"/>
        <line num="26" count="1518" type="stmt"/>
        <line num="27" count="11314" type="stmt"/>
        <line num="30" count="1518" type="stmt"/>
        <line num="52" count="1506" type="stmt"/>
        <line num="54" count="1506" type="stmt"/>
        <line num="55" count="1506" type="stmt"/>
        <line num="57" count="1506" type="stmt"/>
        <line num="58" count="1506" type="stmt"/>
        <line num="59" count="1506" type="stmt"/>
        <line num="61" count="1506" type="stmt"/>
      </file>
    </package>
    <package name="algorithms.cryptography.rail-fence-cipher">
      <metrics statements="51" coveredstatements="51" conditionals="25" coveredconditionals="25" methods="11" coveredmethods="11"/>
      <file name="railFenceCipher.js" path="/Users/fangqi-apple/Library/Mobile Documents/com~apple~CloudDocs/Documents/WebDev/javascript/src/algorithms/cryptography/rail-fence-cipher/railFenceCipher.js">
        <metrics statements="51" coveredstatements="51" conditionals="25" coveredconditionals="25" methods="11" coveredmethods="11"/>
        <line num="13" count="1" type="stmt"/>
        <line num="21" count="12" type="stmt"/>
        <line num="23" count="40" type="stmt"/>
        <line num="34" count="1" type="stmt"/>
        <line num="35" count="367" type="cond" truecount="3" falsecount="0"/>
        <line num="38" count="86" type="stmt"/>
        <line num="41" count="76" type="stmt"/>
        <line num="44" count="205" type="stmt"/>
        <line num="53" count="1" type="stmt"/>
        <line num="62" count="482" type="cond" truecount="2" falsecount="0"/>
        <line num="66" count="142" type="stmt"/>
        <line num="79" count="1" type="stmt"/>
        <line num="85" count="77" type="cond" truecount="2" falsecount="0"/>
        <line num="87" count="6" type="stmt"/>
        <line num="90" count="71" type="stmt"/>
        <line num="93" count="71" type="stmt"/>
        <line num="94" count="71" type="stmt"/>
        <line num="100" count="71" type="stmt"/>
        <line num="118" count="1" type="stmt"/>
        <line num="121" count="241" type="stmt"/>
        <line num="123" count="241" type="stmt"/>
        <line num="125" count="241" type="cond" truecount="2" falsecount="0"/>
        <line num="126" count="6" type="stmt"/>
        <line num="129" count="235" type="stmt"/>
        <line num="130" count="235" type="stmt"/>
        <line num="131" count="235" type="cond" truecount="2" falsecount="0"/>
        <line num="136" count="235" type="cond" truecount="2" falsecount="0"/>
        <line num="137" count="235" type="stmt"/>
        <line num="142" count="235" type="stmt"/>
        <line num="143" count="235" type="stmt"/>
        <line num="144" count="235" type="cond" truecount="2" falsecount="0"/>
        <line num="145" count="235" type="cond" truecount="2" falsecount="0"/>
        <line num="147" count="235" type="stmt"/>
        <line num="166" count="1" type="stmt"/>
        <line num="173" count="77" type="stmt"/>
        <line num="175" count="77" type="cond" truecount="2" falsecount="0"/>
        <line num="176" count="6" type="stmt"/>
        <line num="179" count="71" type="stmt"/>
        <line num="181" count="71" type="stmt"/>
        <line num="182" count="71" type="stmt"/>
        <line num="186" count="71" type="stmt"/>
        <line num="192" count="241" type="cond" truecount="2" falsecount="0"/>
        <line num="203" count="1" type="stmt"/>
        <line num="204" count="6" type="stmt"/>
        <line num="206" count="6" type="stmt"/>
        <line num="213" count="6" type="stmt"/>
        <line num="223" count="1" type="stmt"/>
        <line num="224" count="6" type="stmt"/>
        <line num="225" count="6" type="stmt"/>
        <line num="226" count="6" type="stmt"/>
        <line num="235" count="6" type="stmt"/>
      </file>
    </package>
    <package name="algorithms.graph.articulation-points">
      <metrics statements="28" coveredstatements="28" conditionals="12" coveredconditionals="12" methods="7" coveredmethods="7"/>
      <file name="articulationPoints.js" path="/Users/fangqi-apple/Library/Mobile Documents/com~apple~CloudDocs/Documents/WebDev/javascript/src/algorithms/graph/articulation-points/articulationPoints.js">
        <metrics statements="28" coveredstatements="28" conditionals="12" coveredconditionals="12" methods="7" coveredmethods="7"/>
        <line num="8" count="41" type="stmt"/>
        <line num="9" count="41" type="stmt"/>
        <line num="12" count="41" type="stmt"/>
        <line num="24" count="7" type="stmt"/>
        <line num="27" count="7" type="stmt"/>
        <line num="30" count="7" type="stmt"/>
        <line num="33" count="7" type="stmt"/>
        <line num="35" count="7" type="stmt"/>
        <line num="42" count="41" type="stmt"/>
        <line num="45" count="41" type="stmt"/>
        <line num="50" count="41" type="cond" truecount="2" falsecount="0"/>
        <line num="52" count="34" type="stmt"/>
        <line num="60" count="41" type="cond" truecount="2" falsecount="0"/>
        <line num="62" count="7" type="stmt"/>
        <line num="68" count="34" type="stmt"/>
        <line num="69" count="73" type="stmt"/>
        <line num="76" count="39" type="stmt"/>
        <line num="77" count="39" type="cond" truecount="2" falsecount="0"/>
        <line num="86" count="34" type="cond" truecount="2" falsecount="0"/>
        <line num="88" count="8" type="cond" truecount="2" falsecount="0"/>
        <line num="89" count="1" type="stmt"/>
        <line num="93" count="26" type="stmt"/>
        <line num="98" count="26" type="stmt"/>
        <line num="99" count="26" type="cond" truecount="2" falsecount="0"/>
        <line num="100" count="15" type="stmt"/>
        <line num="105" count="86" type="stmt"/>
        <line num="110" count="7" type="stmt"/>
        <line num="112" count="7" type="stmt"/>
      </file>
    </package>
    <package name="algorithms.graph.bellman-ford">
      <metrics statements="18" coveredstatements="18" conditionals="4" coveredconditionals="4" methods="4" coveredmethods="4"/>
      <file name="bellmanFord.js" path="/Users/fangqi-apple/Library/Mobile Documents/com~apple~CloudDocs/Documents/WebDev/javascript/src/algorithms/graph/bellman-ford/bellmanFord.js">
        <metrics statements="18" coveredstatements="18" conditionals="4" coveredconditionals="4" methods="4" coveredmethods="4"/>
        <line num="7" count="2" type="stmt"/>
        <line num="8" count="2" type="stmt"/>
        <line num="12" count="2" type="stmt"/>
        <line num="13" count="2" type="stmt"/>
        <line num="14" count="15" type="stmt"/>
        <line num="15" count="15" type="cond" truecount="2" falsecount="0"/>
        <line num="16" count="13" type="stmt"/>
        <line num="21" count="2" type="stmt"/>
        <line num="23" count="13" type="stmt"/>
        <line num="24" count="98" type="stmt"/>
        <line num="27" count="98" type="stmt"/>
        <line num="28" count="216" type="stmt"/>
        <line num="31" count="216" type="stmt"/>
        <line num="32" count="216" type="stmt"/>
        <line num="33" count="216" type="cond" truecount="2" falsecount="0"/>
        <line num="34" count="15" type="stmt"/>
        <line num="35" count="15" type="stmt"/>
        <line num="41" count="2" type="stmt"/>
      </file>
    </package>
    <package name="algorithms.graph.breadth-first-search">
      <metrics statements="25" coveredstatements="25" conditionals="11" coveredconditionals="11" methods="6" coveredmethods="6"/>
      <file name="breadthFirstSearch.js" path="/Users/fangqi-apple/Library/Mobile Documents/com~apple~CloudDocs/Documents/WebDev/javascript/src/algorithms/graph/breadth-first-search/breadthFirstSearch.js">
        <metrics statements="25" coveredstatements="25" conditionals="11" coveredconditionals="11" methods="6" coveredmethods="6"/>
        <line num="20" count="3" type="stmt"/>
        <line num="22" count="3" type="stmt"/>
        <line num="24" count="3" type="stmt"/>
        <line num="26" count="3" type="stmt"/>
        <line num="27" count="3" type="stmt"/>
        <line num="28" count="18" type="cond" truecount="2" falsecount="0"/>
        <line num="29" count="14" type="stmt"/>
        <line num="30" count="14" type="stmt"/>
        <line num="32" count="4" type="stmt"/>
        <line num="37" count="3" type="cond" truecount="2" falsecount="0"/>
        <line num="38" count="3" type="cond" truecount="2" falsecount="0"/>
        <line num="39" count="3" type="cond" truecount="2" falsecount="0"/>
        <line num="41" count="3" type="stmt"/>
        <line num="50" count="3" type="stmt"/>
        <line num="51" count="3" type="stmt"/>
        <line num="54" count="3" type="stmt"/>
        <line num="56" count="3" type="stmt"/>
        <line num="59" count="3" type="stmt"/>
        <line num="60" count="23" type="stmt"/>
        <line num="61" count="23" type="stmt"/>
        <line num="64" count="23" type="stmt"/>
        <line num="65" count="25" type="cond" truecount="2" falsecount="0"/>
        <line num="66" count="20" type="stmt"/>
        <line num="70" count="23" type="stmt"/>
        <line num="73" count="23" type="stmt"/>
      </file>
    </package>
    <package name="algorithms.graph.bridges">
      <metrics statements="26" coveredstatements="26" conditionals="8" coveredconditionals="8" methods="7" coveredmethods="7"/>
      <file name="graphBridges.js" path="/Users/fangqi-apple/Library/Mobile Documents/com~apple~CloudDocs/Documents/WebDev/javascript/src/algorithms/graph/bridges/graphBridges.js">
        <metrics statements="26" coveredstatements="26" conditionals="8" coveredconditionals="8" methods="7" coveredmethods="7"/>
        <line num="8" count="110" type="stmt"/>
        <line num="9" count="110" type="stmt"/>
        <line num="19" count="25" type="stmt"/>
        <line num="22" count="25" type="stmt"/>
        <line num="25" count="25" type="stmt"/>
        <line num="28" count="25" type="stmt"/>
        <line num="30" count="25" type="stmt"/>
        <line num="36" count="110" type="stmt"/>
        <line num="39" count="110" type="stmt"/>
        <line num="49" count="110" type="cond" truecount="2" falsecount="0"/>
        <line num="51" count="25" type="stmt"/>
        <line num="55" count="85" type="stmt"/>
        <line num="56" count="180" type="stmt"/>
        <line num="63" count="93" type="stmt"/>
        <line num="64" count="93" type="cond" truecount="2" falsecount="0"/>
        <line num="71" count="85" type="stmt"/>
        <line num="72" count="85" type="stmt"/>
        <line num="73" count="85" type="cond" truecount="2" falsecount="0"/>
        <line num="74" count="28" type="stmt"/>
        <line num="80" count="85" type="stmt"/>
        <line num="81" count="85" type="cond" truecount="2" falsecount="0"/>
        <line num="82" count="35" type="stmt"/>
        <line num="83" count="35" type="stmt"/>
        <line num="87" count="220" type="stmt"/>
        <line num="92" count="25" type="stmt"/>
        <line num="94" count="25" type="stmt"/>
      </file>
    </package>
    <package name="algorithms.graph.depth-first-search">
      <metrics statements="20" coveredstatements="20" conditionals="11" coveredconditionals="11" methods="7" coveredmethods="7"/>
      <file name="depthFirstSearch.js" path="/Users/fangqi-apple/Library/Mobile Documents/com~apple~CloudDocs/Documents/WebDev/javascript/src/algorithms/graph/depth-first-search/depthFirstSearch.js">
        <metrics statements="20" coveredstatements="20" conditionals="11" coveredconditionals="11" methods="7" coveredmethods="7"/>
        <line num="18" count="52" type="stmt"/>
        <line num="20" count="52" type="stmt"/>
        <line num="22" count="52" type="stmt"/>
        <line num="24" count="52" type="stmt"/>
        <line num="25" count="52" type="stmt"/>
        <line num="26" count="16" type="cond" truecount="2" falsecount="0"/>
        <line num="27" count="12" type="stmt"/>
        <line num="28" count="12" type="stmt"/>
        <line num="30" count="4" type="stmt"/>
        <line num="35" count="52" type="cond" truecount="2" falsecount="0"/>
        <line num="36" count="52" type="cond" truecount="2" falsecount="0"/>
        <line num="37" count="52" type="cond" truecount="2" falsecount="0"/>
        <line num="39" count="52" type="stmt"/>
        <line num="49" count="236" type="stmt"/>
        <line num="51" count="236" type="stmt"/>
        <line num="52" count="411" type="cond" truecount="2" falsecount="0"/>
        <line num="53" count="184" type="stmt"/>
        <line num="57" count="236" type="stmt"/>
        <line num="66" count="52" type="stmt"/>
        <line num="67" count="52" type="stmt"/>
      </file>
    </package>
    <package name="algorithms.graph.detect-cycle">
      <metrics statements="62" coveredstatements="62" conditionals="12" coveredconditionals="12" methods="12" coveredmethods="12"/>
      <file name="detectDirectedCycle.js" path="/Users/fangqi-apple/Library/Mobile Documents/com~apple~CloudDocs/Documents/WebDev/javascript/src/algorithms/graph/detect-cycle/detectDirectedCycle.js">
        <metrics statements="30" coveredstatements="30" conditionals="4" coveredconditionals="4" methods="5" coveredmethods="5"/>
        <line num="9" count="2" type="stmt"/>
        <line num="13" count="2" type="stmt"/>
        <line num="16" count="2" type="stmt"/>
        <line num="20" count="2" type="stmt"/>
        <line num="24" count="2" type="stmt"/>
        <line num="32" count="2" type="stmt"/>
        <line num="33" count="12" type="stmt"/>
        <line num="37" count="2" type="stmt"/>
        <line num="39" count="13" type="cond" truecount="2" falsecount="0"/>
        <line num="42" count="1" type="stmt"/>
        <line num="44" count="1" type="stmt"/>
        <line num="45" count="1" type="stmt"/>
        <line num="47" count="1" type="stmt"/>
        <line num="48" count="2" type="stmt"/>
        <line num="49" count="2" type="stmt"/>
        <line num="50" count="2" type="stmt"/>
        <line num="53" count="1" type="stmt"/>
        <line num="56" count="12" type="stmt"/>
        <line num="57" count="12" type="stmt"/>
        <line num="60" count="12" type="stmt"/>
        <line num="66" count="13" type="stmt"/>
        <line num="67" count="13" type="stmt"/>
        <line num="72" count="15" type="cond" truecount="2" falsecount="0"/>
        <line num="73" count="2" type="stmt"/>
        <line num="78" count="13" type="stmt"/>
        <line num="83" count="2" type="stmt"/>
        <line num="85" count="4" type="stmt"/>
        <line num="86" count="4" type="stmt"/>
        <line num="89" count="4" type="stmt"/>
        <line num="92" count="2" type="stmt"/>
      </file>
      <file name="detectUndirectedCycle.js" path="/Users/fangqi-apple/Library/Mobile Documents/com~apple~CloudDocs/Documents/WebDev/javascript/src/algorithms/graph/detect-cycle/detectUndirectedCycle.js">
        <metrics statements="23" coveredstatements="23" conditionals="6" coveredconditionals="6" methods="3" coveredmethods="3"/>
        <line num="9" count="2" type="stmt"/>
        <line num="12" count="2" type="stmt"/>
        <line num="15" count="2" type="stmt"/>
        <line num="18" count="2" type="stmt"/>
        <line num="21" count="25" type="cond" truecount="2" falsecount="0"/>
        <line num="22" count="6" type="stmt"/>
        <line num="26" count="19" type="stmt"/>
        <line num="27" count="19" type="cond" truecount="2" falsecount="0"/>
        <line num="29" count="19" type="stmt"/>
        <line num="32" count="13" type="cond" truecount="2" falsecount="0"/>
        <line num="34" count="1" type="stmt"/>
        <line num="36" count="1" type="stmt"/>
        <line num="37" count="1" type="stmt"/>
        <line num="39" count="1" type="stmt"/>
        <line num="40" count="3" type="stmt"/>
        <line num="41" count="3" type="stmt"/>
        <line num="42" count="3" type="stmt"/>
        <line num="45" count="1" type="stmt"/>
        <line num="48" count="12" type="stmt"/>
        <line num="49" count="12" type="stmt"/>
        <line num="55" count="2" type="stmt"/>
        <line num="56" count="2" type="stmt"/>
        <line num="58" count="2" type="stmt"/>
      </file>
      <file name="detectUndirectedCycleUsingDisjointSet.js" path="/Users/fangqi-apple/Library/Mobile Documents/com~apple~CloudDocs/Documents/WebDev/javascript/src/algorithms/graph/detect-cycle/detectUndirectedCycleUsingDisjointSet.js">
        <metrics statements="9" coveredstatements="9" conditionals="2" coveredconditionals="2" methods="4" coveredmethods="4"/>
        <line num="11" count="118" type="stmt"/>
        <line num="12" count="2" type="stmt"/>
        <line num="13" count="12" type="stmt"/>
        <line num="19" count="2" type="stmt"/>
        <line num="21" count="2" type="stmt"/>
        <line num="22" count="11" type="cond" truecount="2" falsecount="0"/>
        <line num="24" count="1" type="stmt"/>
        <line num="26" count="10" type="stmt"/>
        <line num="30" count="2" type="stmt"/>
      </file>
    </package>
    <package name="algorithms.graph.dijkstra">
      <metrics statements="25" coveredstatements="25" conditionals="8" coveredconditionals="8" methods="3" coveredmethods="3"/>
      <file name="dijkstra.js" path="/Users/fangqi-apple/Library/Mobile Documents/com~apple~CloudDocs/Documents/WebDev/javascript/src/algorithms/graph/dijkstra/dijkstra.js">
        <metrics statements="25" coveredstatements="25" conditionals="8" coveredconditionals="8" methods="3" coveredmethods="3"/>
        <line num="17" count="2" type="stmt"/>
        <line num="18" count="2" type="stmt"/>
        <line num="19" count="2" type="stmt"/>
        <line num="20" count="2" type="stmt"/>
        <line num="24" count="2" type="stmt"/>
        <line num="25" count="15" type="stmt"/>
        <line num="26" count="15" type="stmt"/>
        <line num="30" count="2" type="stmt"/>
        <line num="33" count="2" type="stmt"/>
        <line num="36" count="2" type="stmt"/>
        <line num="38" count="13" type="stmt"/>
        <line num="41" count="13" type="stmt"/>
        <line num="43" count="32" type="cond" truecount="2" falsecount="0"/>
        <line num="45" count="19" type="stmt"/>
        <line num="47" count="19" type="stmt"/>
        <line num="48" count="19" type="stmt"/>
        <line num="51" count="19" type="cond" truecount="2" falsecount="0"/>
        <line num="52" count="14" type="stmt"/>
        <line num="55" count="14" type="cond" truecount="2" falsecount="0"/>
        <line num="56" count="3" type="stmt"/>
        <line num="60" count="14" type="stmt"/>
        <line num="64" count="19" type="cond" truecount="2" falsecount="0"/>
        <line num="65" count="11" type="stmt"/>
        <line num="71" count="13" type="stmt"/>
        <line num="76" count="2" type="stmt"/>
      </file>
    </package>
    <package name="algorithms.graph.eulerian-path">
      <metrics statements="36" coveredstatements="36" conditionals="14" coveredconditionals="14" methods="4" coveredmethods="4"/>
      <file name="eulerianPath.js" path="/Users/fangqi-apple/Library/Mobile Documents/com~apple~CloudDocs/Documents/WebDev/javascript/src/algorithms/graph/eulerian-path/eulerianPath.js">
        <metrics statements="36" coveredstatements="36" conditionals="14" coveredconditionals="14" methods="4" coveredmethods="4"/>
        <line num="10" count="3" type="stmt"/>
        <line num="13" count="3" type="stmt"/>
        <line num="16" count="3" type="stmt"/>
        <line num="19" count="3" type="stmt"/>
        <line num="20" count="3" type="stmt"/>
        <line num="21" count="24" type="stmt"/>
        <line num="26" count="3" type="stmt"/>
        <line num="27" count="20" type="cond" truecount="2" falsecount="0"/>
        <line num="28" count="6" type="stmt"/>
        <line num="30" count="14" type="stmt"/>
        <line num="38" count="3" type="stmt"/>
        <line num="40" count="3" type="cond" truecount="4" falsecount="0"/>
        <line num="41" count="1" type="stmt"/>
        <line num="45" count="2" type="stmt"/>
        <line num="47" count="2" type="cond" truecount="2" falsecount="0"/>
        <line num="50" count="1" type="stmt"/>
        <line num="51" count="1" type="stmt"/>
        <line num="54" count="1" type="stmt"/>
        <line num="55" count="1" type="stmt"/>
        <line num="59" count="2" type="stmt"/>
        <line num="60" count="2" type="stmt"/>
        <line num="62" count="19" type="stmt"/>
        <line num="67" count="19" type="stmt"/>
        <line num="70" count="19" type="stmt"/>
        <line num="72" count="19" type="stmt"/>
        <line num="73" count="19" type="cond" truecount="2" falsecount="0"/>
        <line num="75" count="13" type="stmt"/>
        <line num="78" count="17" type="stmt"/>
        <line num="82" count="19" type="cond" truecount="2" falsecount="0"/>
        <line num="83" count="13" type="stmt"/>
        <line num="85" count="6" type="stmt"/>
        <line num="89" count="19" type="stmt"/>
        <line num="92" count="19" type="cond" truecount="2" falsecount="0"/>
        <line num="93" count="2" type="stmt"/>
        <line num="97" count="19" type="stmt"/>
        <line num="100" count="2" type="stmt"/>
      </file>
    </package>
    <package name="algorithms.graph.floyd-warshall">
      <metrics statements="22" coveredstatements="22" conditionals="6" coveredconditionals="6" methods="8" coveredmethods="8"/>
      <file name="floydWarshall.js" path="/Users/fangqi-apple/Library/Mobile Documents/com~apple~CloudDocs/Documents/WebDev/javascript/src/algorithms/graph/floyd-warshall/floydWarshall.js">
        <metrics statements="22" coveredstatements="22" conditionals="6" coveredconditionals="6" methods="8" coveredmethods="8"/>
        <line num="7" count="3" type="stmt"/>
        <line num="11" count="3" type="stmt"/>
        <line num="12" count="19" type="stmt"/>
        <line num="17" count="3" type="stmt"/>
        <line num="18" count="19" type="stmt"/>
        <line num="23" count="3" type="stmt"/>
        <line num="24" count="19" type="stmt"/>
        <line num="25" count="129" type="cond" truecount="2" falsecount="0"/>
        <line num="27" count="19" type="stmt"/>
        <line num="30" count="110" type="stmt"/>
        <line num="32" count="110" type="cond" truecount="2" falsecount="0"/>
        <line num="35" count="39" type="stmt"/>
        <line num="36" count="39" type="stmt"/>
        <line num="38" count="71" type="stmt"/>
        <line num="49" count="3" type="stmt"/>
        <line num="51" count="19" type="stmt"/>
        <line num="53" count="129" type="stmt"/>
        <line num="58" count="919" type="stmt"/>
        <line num="60" count="919" type="cond" truecount="2" falsecount="0"/>
        <line num="62" count="61" type="stmt"/>
        <line num="63" count="61" type="stmt"/>
        <line num="71" count="3" type="stmt"/>
      </file>
    </package>
    <package name="algorithms.graph.hamiltonian-cycle">
      <metrics statements="31" coveredstatements="31" conditionals="8" coveredconditionals="8" methods="6" coveredmethods="6"/>
      <file name="hamiltonianCycle.js" path="/Users/fangqi-apple/Library/Mobile Documents/com~apple~CloudDocs/Documents/WebDev/javascript/src/algorithms/graph/hamiltonian-cycle/hamiltonianCycle.js">
        <metrics statements="31" coveredstatements="31" conditionals="8" coveredconditionals="8" methods="6" coveredmethods="6"/>
        <line num="11" count="170" type="stmt"/>
        <line num="14" count="170" type="stmt"/>
        <line num="15" count="170" type="stmt"/>
        <line num="18" count="170" type="cond" truecount="2" falsecount="0"/>
        <line num="19" count="70" type="stmt"/>
        <line num="23" count="232" type="stmt"/>
        <line num="25" count="100" type="stmt"/>
        <line num="38" count="12" type="stmt"/>
        <line num="39" count="12" type="stmt"/>
        <line num="42" count="12" type="stmt"/>
        <line num="43" count="12" type="stmt"/>
        <line num="46" count="12" type="stmt"/>
        <line num="64" count="169" type="stmt"/>
        <line num="66" count="46" type="cond" truecount="2" falsecount="0"/>
        <line num="69" count="12" type="cond" truecount="2" falsecount="0"/>
        <line num="71" count="8" type="stmt"/>
        <line num="73" count="12" type="stmt"/>
        <line num="76" count="34" type="stmt"/>
        <line num="78" count="170" type="stmt"/>
        <line num="81" count="170" type="cond" truecount="2" falsecount="0"/>
        <line num="83" count="44" type="stmt"/>
        <line num="86" count="44" type="stmt"/>
        <line num="96" count="44" type="stmt"/>
        <line num="108" count="2" type="stmt"/>
        <line num="109" count="2" type="stmt"/>
        <line num="110" count="2" type="stmt"/>
        <line num="115" count="2" type="stmt"/>
        <line num="118" count="2" type="stmt"/>
        <line num="121" count="2" type="stmt"/>
        <line num="124" count="2" type="stmt"/>
        <line num="133" count="2" type="stmt"/>
      </file>
    </package>
    <package name="algorithms.graph.kruskal">
      <metrics statements="18" coveredstatements="18" conditionals="8" coveredconditionals="8" methods="4" coveredmethods="4"/>
      <file name="kruskal.js" path="/Users/fangqi-apple/Library/Mobile Documents/com~apple~CloudDocs/Documents/WebDev/javascript/src/algorithms/graph/kruskal/kruskal.js">
        <metrics statements="18" coveredstatements="18" conditionals="8" coveredconditionals="8" methods="4" coveredmethods="4"/>
        <line num="12" count="3" type="cond" truecount="2" falsecount="0"/>
        <line num="13" count="1" type="stmt"/>
        <line num="17" count="2" type="stmt"/>
        <line num="20" count="2" type="stmt"/>
        <line num="26" count="78" type="cond" truecount="2" falsecount="0"/>
        <line num="27" count="14" type="stmt"/>
        <line num="30" count="64" type="cond" truecount="2" falsecount="0"/>
        <line num="33" count="2" type="stmt"/>
        <line num="36" count="127" type="stmt"/>
        <line num="37" count="2" type="stmt"/>
        <line num="39" count="2" type="stmt"/>
        <line num="40" count="11" type="stmt"/>
        <line num="47" count="2" type="stmt"/>
        <line num="49" count="15" type="stmt"/>
        <line num="52" count="15" type="cond" truecount="2" falsecount="0"/>
        <line num="54" count="9" type="stmt"/>
        <line num="57" count="9" type="stmt"/>
        <line num="61" count="2" type="stmt"/>
      </file>
    </package>
    <package name="algorithms.graph.prim">
      <metrics statements="23" coveredstatements="23" conditionals="12" coveredconditionals="12" methods="3" coveredmethods="3"/>
      <file name="prim.js" path="/Users/fangqi-apple/Library/Mobile Documents/com~apple~CloudDocs/Documents/WebDev/javascript/src/algorithms/graph/prim/prim.js">
        <metrics statements="23" coveredstatements="23" conditionals="12" coveredconditionals="12" methods="3" coveredmethods="3"/>
        <line num="11" count="3" type="cond" truecount="2" falsecount="0"/>
        <line num="12" count="1" type="stmt"/>
        <line num="16" count="2" type="stmt"/>
        <line num="21" count="2" type="stmt"/>
        <line num="24" count="2" type="stmt"/>
        <line num="27" count="2" type="stmt"/>
        <line num="30" count="2" type="stmt"/>
        <line num="33" count="2" type="stmt"/>
        <line num="34" count="5" type="stmt"/>
        <line num="38" count="2" type="stmt"/>
        <line num="41" count="15" type="stmt"/>
        <line num="44" count="15" type="stmt"/>
        <line num="45" count="15" type="cond" truecount="2" falsecount="0"/>
        <line num="46" count="2" type="stmt"/>
        <line num="47" count="13" type="cond" truecount="2" falsecount="0"/>
        <line num="48" count="7" type="stmt"/>
        <line num="52" count="15" type="cond" truecount="2" falsecount="0"/>
        <line num="54" count="9" type="stmt"/>
        <line num="57" count="9" type="stmt"/>
        <line num="60" count="9" type="stmt"/>
        <line num="62" count="34" type="cond" truecount="2" falsecount="0"/>
        <line num="66" count="10" type="stmt"/>
        <line num="72" count="2" type="stmt"/>
      </file>
    </package>
    <package name="algorithms.graph.strongly-connected-components">
      <metrics statements="34" coveredstatements="34" conditionals="4" coveredconditionals="4" methods="10" coveredmethods="10"/>
      <file name="stronglyConnectedComponents.js" path="/Users/fangqi-apple/Library/Mobile Documents/com~apple~CloudDocs/Documents/WebDev/javascript/src/algorithms/graph/strongly-connected-components/stronglyConnectedComponents.js">
        <metrics statements="34" coveredstatements="34" conditionals="4" coveredconditionals="4" methods="10" coveredmethods="10"/>
        <line num="10" count="2" type="stmt"/>
        <line num="16" count="2" type="stmt"/>
        <line num="19" count="2" type="stmt"/>
        <line num="20" count="2" type="stmt"/>
        <line num="21" count="15" type="stmt"/>
        <line num="25" count="2" type="stmt"/>
        <line num="28" count="15" type="stmt"/>
        <line num="31" count="15" type="stmt"/>
        <line num="36" count="15" type="stmt"/>
        <line num="40" count="17" type="stmt"/>
        <line num="45" count="2" type="stmt"/>
        <line num="47" count="3" type="stmt"/>
        <line num="48" count="3" type="stmt"/>
        <line num="49" count="3" type="stmt"/>
        <line num="51" count="3" type="stmt"/>
        <line num="54" count="2" type="stmt"/>
        <line num="64" count="2" type="stmt"/>
        <line num="67" count="2" type="stmt"/>
        <line num="70" count="2" type="stmt"/>
        <line num="73" count="2" type="stmt"/>
        <line num="76" count="15" type="stmt"/>
        <line num="79" count="15" type="stmt"/>
        <line num="86" count="15" type="cond" truecount="2" falsecount="0"/>
        <line num="87" count="6" type="stmt"/>
        <line num="92" count="17" type="stmt"/>
        <line num="96" count="2" type="stmt"/>
        <line num="98" count="15" type="stmt"/>
        <line num="101" count="15" type="stmt"/>
        <line num="104" count="15" type="cond" truecount="2" falsecount="0"/>
        <line num="106" count="6" type="stmt"/>
        <line num="110" count="2" type="stmt"/>
        <line num="126" count="2" type="stmt"/>
        <line num="129" count="2" type="stmt"/>
        <line num="132" count="2" type="stmt"/>
      </file>
    </package>
    <package name="algorithms.graph.topological-sorting">
      <metrics statements="15" coveredstatements="15" conditionals="0" coveredconditionals="0" methods="5" coveredmethods="5"/>
      <file name="topologicalSort.js" path="/Users/fangqi-apple/Library/Mobile Documents/com~apple~CloudDocs/Documents/WebDev/javascript/src/algorithms/graph/topological-sorting/topologicalSort.js">
        <metrics statements="15" coveredstatements="15" conditionals="0" coveredconditionals="0" methods="5" coveredmethods="5"/>
        <line num="9" count="1" type="stmt"/>
        <line num="10" count="1" type="stmt"/>
        <line num="11" count="8" type="stmt"/>
        <line num="15" count="1" type="stmt"/>
        <line num="18" count="1" type="stmt"/>
        <line num="20" count="1" type="stmt"/>
        <line num="23" count="8" type="stmt"/>
        <line num="26" count="8" type="stmt"/>
        <line num="30" count="8" type="stmt"/>
        <line num="33" count="8" type="stmt"/>
        <line num="38" count="1" type="stmt"/>
        <line num="39" count="2" type="stmt"/>
        <line num="40" count="2" type="stmt"/>
        <line num="43" count="2" type="stmt"/>
        <line num="46" count="1" type="stmt"/>
      </file>
    </package>
    <package name="algorithms.graph.travelling-salesman">
      <metrics statements="40" coveredstatements="40" conditionals="8" coveredconditionals="8" methods="6" coveredmethods="6"/>
      <file name="bfTravellingSalesman.js" path="/Users/fangqi-apple/Library/Mobile Documents/com~apple~CloudDocs/Documents/WebDev/javascript/src/algorithms/graph/travelling-salesman/bfTravellingSalesman.js">
        <metrics statements="40" coveredstatements="40" conditionals="8" coveredconditionals="8" methods="6" coveredmethods="6"/>
        <line num="9" count="16" type="stmt"/>
        <line num="12" count="16" type="stmt"/>
        <line num="15" count="16" type="stmt"/>
        <line num="16" count="49" type="stmt"/>
        <line num="17" count="49" type="stmt"/>
        <line num="19" count="49" type="stmt"/>
        <line num="23" count="16" type="stmt"/>
        <line num="24" count="48" type="stmt"/>
        <line num="28" count="16" type="cond" truecount="2" falsecount="0"/>
        <line num="29" count="6" type="stmt"/>
        <line num="31" count="6" type="stmt"/>
        <line num="35" count="10" type="stmt"/>
        <line num="36" count="15" type="stmt"/>
        <line num="37" count="15" type="stmt"/>
        <line num="40" count="10" type="stmt"/>
        <line num="50" count="6" type="stmt"/>
        <line num="52" count="6" type="stmt"/>
        <line num="53" count="18" type="stmt"/>
        <line num="54" count="18" type="stmt"/>
        <line num="55" count="18" type="stmt"/>
        <line num="56" count="18" type="stmt"/>
        <line num="57" count="18" type="stmt"/>
        <line num="60" count="6" type="stmt"/>
        <line num="71" count="1" type="stmt"/>
        <line num="75" count="1" type="stmt"/>
        <line num="78" count="1" type="stmt"/>
        <line num="80" count="6" type="stmt"/>
        <line num="81" count="6" type="stmt"/>
        <line num="83" count="6" type="stmt"/>
        <line num="87" count="1" type="stmt"/>
        <line num="88" count="1" type="stmt"/>
        <line num="89" count="1" type="stmt"/>
        <line num="90" count="1" type="stmt"/>
        <line num="91" count="1" type="stmt"/>
        <line num="92" count="6" type="stmt"/>
        <line num="93" count="6" type="stmt"/>
        <line num="96" count="6" type="cond" truecount="4" falsecount="0"/>
        <line num="97" count="1" type="stmt"/>
        <line num="98" count="1" type="stmt"/>
        <line num="103" count="1" type="stmt"/>
      </file>
    </package>
    <package name="algorithms.linked-list.reverse-traversal">
      <metrics statements="4" coveredstatements="4" conditionals="2" coveredconditionals="2" methods="2" coveredmethods="2"/>
      <file name="reverseTraversal.js" path="/Users/fangqi-apple/Library/Mobile Documents/com~apple~CloudDocs/Documents/WebDev/javascript/src/algorithms/linked-list/reverse-traversal/reverseTraversal.js">
        <metrics statements="4" coveredstatements="4" conditionals="2" coveredconditionals="2" methods="2" coveredmethods="2"/>
        <line num="12" count="4" type="cond" truecount="2" falsecount="0"/>
        <line num="13" count="3" type="stmt"/>
        <line num="14" count="3" type="stmt"/>
        <line num="23" count="1" type="stmt"/>
      </file>
    </package>
    <package name="algorithms.linked-list.traversal">
      <metrics statements="4" coveredstatements="4" conditionals="0" coveredconditionals="0" methods="1" coveredmethods="1"/>
      <file name="traversal.js" path="/Users/fangqi-apple/Library/Mobile Documents/com~apple~CloudDocs/Documents/WebDev/javascript/src/algorithms/linked-list/traversal/traversal.js">
        <metrics statements="4" coveredstatements="4" conditionals="0" coveredconditionals="0" methods="1" coveredmethods="1"/>
        <line num="12" count="1" type="stmt"/>
        <line num="14" count="1" type="stmt"/>
        <line num="15" count="3" type="stmt"/>
        <line num="16" count="3" type="stmt"/>
      </file>
    </package>
    <package name="algorithms.math.bits">
      <metrics statements="54" coveredstatements="54" conditionals="14" coveredconditionals="14" methods="20" coveredmethods="20"/>
      <file name="bitLength.js" path="/Users/fangqi-apple/Library/Mobile Documents/com~apple~CloudDocs/Documents/WebDev/javascript/src/algorithms/math/bits/bitLength.js">
        <metrics statements="4" coveredstatements="4" conditionals="0" coveredconditionals="0" methods="1" coveredmethods="1"/>
        <line num="8" count="14" type="stmt"/>
        <line num="10" count="14" type="stmt"/>
        <line num="11" count="41" type="stmt"/>
        <line num="14" count="14" type="stmt"/>
      </file>
      <file name="bitsDiff.js" path="/Users/fangqi-apple/Library/Mobile Documents/com~apple~CloudDocs/Documents/WebDev/javascript/src/algorithms/math/bits/bitsDiff.js">
        <metrics statements="1" coveredstatements="1" conditionals="0" coveredconditionals="0" methods="1" coveredmethods="1"/>
        <line num="12" count="7" type="stmt"/>
      </file>
      <file name="clearBit.js" path="/Users/fangqi-apple/Library/Mobile Documents/com~apple~CloudDocs/Documents/WebDev/javascript/src/algorithms/math/bits/clearBit.js">
        <metrics statements="2" coveredstatements="2" conditionals="0" coveredconditionals="0" methods="1" coveredmethods="1"/>
        <line num="7" count="6" type="stmt"/>
        <line num="9" count="6" type="stmt"/>
      </file>
      <file name="countSetBits.js" path="/Users/fangqi-apple/Library/Mobile Documents/com~apple~CloudDocs/Documents/WebDev/javascript/src/algorithms/math/bits/countSetBits.js">
        <metrics statements="6" coveredstatements="6" conditionals="0" coveredconditionals="0" methods="1" coveredmethods="1"/>
        <line num="6" count="21" type="stmt"/>
        <line num="7" count="21" type="stmt"/>
        <line num="9" count="21" type="stmt"/>
        <line num="11" count="169" type="stmt"/>
        <line num="14" count="169" type="stmt"/>
        <line num="17" count="21" type="stmt"/>
      </file>
      <file name="divideByTwo.js" path="/Users/fangqi-apple/Library/Mobile Documents/com~apple~CloudDocs/Documents/WebDev/javascript/src/algorithms/math/bits/divideByTwo.js">
        <metrics statements="1" coveredstatements="1" conditionals="0" coveredconditionals="0" methods="1" coveredmethods="1"/>
        <line num="6" count="32" type="stmt"/>
      </file>
      <file name="fullAdder.js" path="/Users/fangqi-apple/Library/Mobile Documents/com~apple~CloudDocs/Documents/WebDev/javascript/src/algorithms/math/bits/fullAdder.js">
        <metrics statements="12" coveredstatements="12" conditionals="0" coveredconditionals="0" methods="1" coveredmethods="1"/>
        <line num="38" count="12" type="stmt"/>
        <line num="39" count="12" type="stmt"/>
        <line num="44" count="12" type="stmt"/>
        <line num="45" count="384" type="stmt"/>
        <line num="46" count="384" type="stmt"/>
        <line num="47" count="384" type="stmt"/>
        <line num="51" count="384" type="stmt"/>
        <line num="56" count="384" type="stmt"/>
        <line num="62" count="384" type="stmt"/>
        <line num="63" count="384" type="stmt"/>
        <line num="66" count="384" type="stmt"/>
        <line num="69" count="12" type="stmt"/>
      </file>
      <file name="getBit.js" path="/Users/fangqi-apple/Library/Mobile Documents/com~apple~CloudDocs/Documents/WebDev/javascript/src/algorithms/math/bits/getBit.js">
        <metrics statements="1" coveredstatements="1" conditionals="0" coveredconditionals="0" methods="1" coveredmethods="1"/>
        <line num="7" count="778" type="stmt"/>
      </file>
      <file name="isEven.js" path="/Users/fangqi-apple/Library/Mobile Documents/com~apple~CloudDocs/Documents/WebDev/javascript/src/algorithms/math/bits/isEven.js">
        <metrics statements="1" coveredstatements="1" conditionals="0" coveredconditionals="0" methods="1" coveredmethods="1"/>
        <line num="6" count="39" type="stmt"/>
      </file>
      <file name="isPositive.js" path="/Users/fangqi-apple/Library/Mobile Documents/com~apple~CloudDocs/Documents/WebDev/javascript/src/algorithms/math/bits/isPositive.js">
        <metrics statements="3" coveredstatements="3" conditionals="2" coveredconditionals="2" methods="1" coveredmethods="1"/>
        <line num="7" count="27" type="cond" truecount="2" falsecount="0"/>
        <line num="8" count="2" type="stmt"/>
        <line num="12" count="25" type="stmt"/>
      </file>
      <file name="isPowerOfTwo.js" path="/Users/fangqi-apple/Library/Mobile Documents/com~apple~CloudDocs/Documents/WebDev/javascript/src/algorithms/math/bits/isPowerOfTwo.js">
        <metrics statements="1" coveredstatements="1" conditionals="0" coveredconditionals="0" methods="1" coveredmethods="1"/>
        <line num="6" count="14" type="stmt"/>
      </file>
      <file name="multiply.js" path="/Users/fangqi-apple/Library/Mobile Documents/com~apple~CloudDocs/Documents/WebDev/javascript/src/algorithms/math/bits/multiply.js">
        <metrics statements="7" coveredstatements="7" conditionals="8" coveredconditionals="8" methods="5" coveredmethods="5"/>
        <line num="29" count="38" type="cond" truecount="4" falsecount="0"/>
        <line num="30" count="12" type="stmt"/>
        <line num="34" count="26" type="stmt"/>
        <line num="35" count="26" type="stmt"/>
        <line num="37" count="26" type="stmt"/>
        <line num="38" count="26" type="cond" truecount="2" falsecount="0"/>
        <line num="40" count="26" type="cond" truecount="2" falsecount="0"/>
      </file>
      <file name="multiplyByTwo.js" path="/Users/fangqi-apple/Library/Mobile Documents/com~apple~CloudDocs/Documents/WebDev/javascript/src/algorithms/math/bits/multiplyByTwo.js">
        <metrics statements="1" coveredstatements="1" conditionals="0" coveredconditionals="0" methods="1" coveredmethods="1"/>
        <line num="6" count="32" type="stmt"/>
      </file>
      <file name="multiplyUnsigned.js" path="/Users/fangqi-apple/Library/Mobile Documents/com~apple~CloudDocs/Documents/WebDev/javascript/src/algorithms/math/bits/multiplyUnsigned.js">
        <metrics statements="9" coveredstatements="9" conditionals="2" coveredconditionals="2" methods="1" coveredmethods="1"/>
        <line num="20" count="9" type="stmt"/>
        <line num="23" count="9" type="stmt"/>
        <line num="26" count="9" type="stmt"/>
        <line num="29" count="9" type="stmt"/>
        <line num="31" count="30" type="cond" truecount="2" falsecount="0"/>
        <line num="35" count="14" type="stmt"/>
        <line num="38" count="30" type="stmt"/>
        <line num="39" count="30" type="stmt"/>
        <line num="42" count="9" type="stmt"/>
      </file>
      <file name="setBit.js" path="/Users/fangqi-apple/Library/Mobile Documents/com~apple~CloudDocs/Documents/WebDev/javascript/src/algorithms/math/bits/setBit.js">
        <metrics statements="1" coveredstatements="1" conditionals="0" coveredconditionals="0" methods="1" coveredmethods="1"/>
        <line num="7" count="6" type="stmt"/>
      </file>
      <file name="switchSign.js" path="/Users/fangqi-apple/Library/Mobile Documents/com~apple~CloudDocs/Documents/WebDev/javascript/src/algorithms/math/bits/switchSign.js">
        <metrics statements="1" coveredstatements="1" conditionals="0" coveredconditionals="0" methods="1" coveredmethods="1"/>
        <line num="7" count="7" type="stmt"/>
      </file>
      <file name="updateBit.js" path="/Users/fangqi-apple/Library/Mobile Documents/com~apple~CloudDocs/Documents/WebDev/javascript/src/algorithms/math/bits/updateBit.js">
        <metrics statements="3" coveredstatements="3" conditionals="2" coveredconditionals="2" methods="1" coveredmethods="1"/>
        <line num="9" count="10" type="cond" truecount="2" falsecount="0"/>
        <line num="12" count="10" type="stmt"/>
        <line num="15" count="10" type="stmt"/>
      </file>
    </package>
    <package name="algorithms.math.complex-number">
      <metrics statements="40" coveredstatements="40" conditionals="41" coveredconditionals="40" methods="10" coveredmethods="10"/>
      <file name="ComplexNumber.js" path="/Users/fangqi-apple/Library/Mobile Documents/com~apple~CloudDocs/Documents/WebDev/javascript/src/algorithms/math/complex-number/ComplexNumber.js">
        <metrics statements="40" coveredstatements="40" conditionals="41" coveredconditionals="40" methods="10" coveredmethods="10"/>
        <line num="12" count="1731" type="stmt"/>
        <line num="13" count="1731" type="stmt"/>
        <line num="22" count="369" type="stmt"/>
        <line num="24" count="369" type="stmt"/>
        <line num="36" count="77" type="stmt"/>
        <line num="38" count="77" type="stmt"/>
        <line num="50" count="483" type="stmt"/>
        <line num="52" count="483" type="stmt"/>
        <line num="64" count="42" type="stmt"/>
        <line num="67" count="42" type="stmt"/>
        <line num="70" count="42" type="stmt"/>
        <line num="73" count="42" type="stmt"/>
        <line num="75" count="42" type="stmt"/>
        <line num="86" count="42" type="stmt"/>
        <line num="88" count="42" type="stmt"/>
        <line num="98" count="70" type="stmt"/>
        <line num="106" count="70" type="stmt"/>
        <line num="108" count="70" type="cond" truecount="4" falsecount="0"/>
        <line num="109" count="4" type="stmt"/>
        <line num="110" count="66" type="cond" truecount="4" falsecount="0"/>
        <line num="111" count="4" type="stmt"/>
        <line num="112" count="62" type="cond" truecount="4" falsecount="0"/>
        <line num="113" count="5" type="stmt"/>
        <line num="114" count="57" type="cond" truecount="4" falsecount="0"/>
        <line num="115" count="6" type="stmt"/>
        <line num="116" count="51" type="cond" truecount="4" falsecount="0"/>
        <line num="117" count="6" type="stmt"/>
        <line num="118" count="45" type="cond" truecount="4" falsecount="0"/>
        <line num="119" count="10" type="stmt"/>
        <line num="120" count="35" type="cond" truecount="4" falsecount="0"/>
        <line num="121" count="24" type="stmt"/>
        <line num="122" count="11" type="cond" truecount="4" falsecount="0"/>
        <line num="125" count="3" type="stmt"/>
        <line num="128" count="70" type="cond" truecount="2" falsecount="0"/>
        <line num="129" count="50" type="stmt"/>
        <line num="132" count="70" type="stmt"/>
        <line num="140" count="70" type="stmt"/>
        <line num="154" count="1013" type="cond" truecount="2" falsecount="0"/>
        <line num="155" count="823" type="stmt"/>
        <line num="158" count="190" type="stmt"/>
      </file>
    </package>
    <package name="algorithms.math.euclidean-algorithm">
      <metrics statements="8" coveredstatements="8" conditionals="9" coveredconditionals="9" methods="2" coveredmethods="2"/>
      <file name="euclideanAlgorithm.js" path="/Users/fangqi-apple/Library/Mobile Documents/com~apple~CloudDocs/Documents/WebDev/javascript/src/algorithms/math/euclidean-algorithm/euclideanAlgorithm.js">
        <metrics statements="3" coveredstatements="3" conditionals="2" coveredconditionals="2" methods="1" coveredmethods="1"/>
        <line num="9" count="99" type="stmt"/>
        <line num="10" count="99" type="stmt"/>
        <line num="14" count="99" type="cond" truecount="2" falsecount="0"/>
      </file>
      <file name="euclideanAlgorithmIterative.js" path="/Users/fangqi-apple/Library/Mobile Documents/com~apple~CloudDocs/Documents/WebDev/javascript/src/algorithms/math/euclidean-algorithm/euclideanAlgorithmIterative.js">
        <metrics statements="5" coveredstatements="5" conditionals="7" coveredconditionals="7" methods="1" coveredmethods="1"/>
        <line num="9" count="20" type="stmt"/>
        <line num="10" count="20" type="stmt"/>
        <line num="14" count="20" type="cond" truecount="3" falsecount="0"/>
        <line num="15" count="87" type="cond" truecount="2" falsecount="0"/>
        <line num="19" count="20" type="cond" truecount="2" falsecount="0"/>
      </file>
    </package>
    <package name="algorithms.math.euclidean-distance">
      <metrics statements="7" coveredstatements="7" conditionals="0" coveredconditionals="0" methods="2" coveredmethods="2"/>
      <file name="euclideanDistance.js" path="/Users/fangqi-apple/Library/Mobile Documents/com~apple~CloudDocs/Documents/WebDev/javascript/src/algorithms/math/euclidean-distance/euclideanDistance.js">
        <metrics statements="7" coveredstatements="7" conditionals="0" coveredconditionals="0" methods="2" coveredmethods="2"/>
        <line num="15" count="2" type="stmt"/>
        <line num="16" count="107" type="stmt"/>
        <line num="18" count="105" type="stmt"/>
        <line num="20" count="105" type="stmt"/>
        <line num="21" count="231" type="stmt"/>
        <line num="22" count="231" type="stmt"/>
        <line num="25" count="105" type="stmt"/>
      </file>
    </package>
    <package name="algorithms.math.factorial">
      <metrics statements="5" coveredstatements="5" conditionals="2" coveredconditionals="2" methods="2" coveredmethods="2"/>
      <file name="factorial.js" path="/Users/fangqi-apple/Library/Mobile Documents/com~apple~CloudDocs/Documents/WebDev/javascript/src/algorithms/math/factorial/factorial.js">
        <metrics statements="4" coveredstatements="4" conditionals="0" coveredconditionals="0" methods="1" coveredmethods="1"/>
        <line num="6" count="14" type="stmt"/>
        <line num="8" count="14" type="stmt"/>
        <line num="9" count="62" type="stmt"/>
        <line num="12" count="14" type="stmt"/>
      </file>
      <file name="factorialRecursive.js" path="/Users/fangqi-apple/Library/Mobile Documents/com~apple~CloudDocs/Documents/WebDev/javascript/src/algorithms/math/factorial/factorialRecursive.js">
        <metrics statements="1" coveredstatements="1" conditionals="2" coveredconditionals="2" methods="1" coveredmethods="1"/>
        <line num="6" count="25" type="cond" truecount="2" falsecount="0"/>
      </file>
    </package>
    <package name="algorithms.math.fast-powering">
      <metrics statements="7" coveredstatements="7" conditionals="4" coveredconditionals="4" methods="1" coveredmethods="1"/>
      <file name="fastPowering.js" path="/Users/fangqi-apple/Library/Mobile Documents/com~apple~CloudDocs/Documents/WebDev/javascript/src/algorithms/math/fast-powering/fastPowering.js">
        <metrics statements="7" coveredstatements="7" conditionals="4" coveredconditionals="4" methods="1" coveredmethods="1"/>
        <line num="12" count="69" type="cond" truecount="2" falsecount="0"/>
        <line num="14" count="17" type="stmt"/>
        <line num="17" count="52" type="cond" truecount="2" falsecount="0"/>
        <line num="21" count="25" type="stmt"/>
        <line num="22" count="25" type="stmt"/>
        <line num="28" count="27" type="stmt"/>
        <line num="29" count="27" type="stmt"/>
      </file>
    </package>
    <package name="algorithms.math.fibonacci">
      <metrics statements="28" coveredstatements="28" conditionals="8" coveredconditionals="8" methods="3" coveredmethods="3"/>
      <file name="fibonacci.js" path="/Users/fangqi-apple/Library/Mobile Documents/com~apple~CloudDocs/Documents/WebDev/javascript/src/algorithms/math/fibonacci/fibonacci.js">
        <metrics statements="12" coveredstatements="12" conditionals="2" coveredconditionals="2" methods="1" coveredmethods="1"/>
        <line num="8" count="10" type="stmt"/>
        <line num="10" count="10" type="stmt"/>
        <line num="11" count="10" type="stmt"/>
        <line num="13" count="10" type="cond" truecount="2" falsecount="0"/>
        <line num="14" count="1" type="stmt"/>
        <line num="17" count="9" type="stmt"/>
        <line num="19" count="9" type="stmt"/>
        <line num="20" count="45" type="stmt"/>
        <line num="21" count="45" type="stmt"/>
        <line num="23" count="45" type="stmt"/>
        <line num="25" count="45" type="stmt"/>
        <line num="28" count="9" type="stmt"/>
      </file>
      <file name="fibonacciNth.js" path="/Users/fangqi-apple/Library/Mobile Documents/com~apple~CloudDocs/Documents/WebDev/javascript/src/algorithms/math/fibonacci/fibonacciNth.js">
        <metrics statements="10" coveredstatements="10" conditionals="2" coveredconditionals="2" methods="1" coveredmethods="1"/>
        <line num="8" count="19" type="stmt"/>
        <line num="9" count="19" type="stmt"/>
        <line num="11" count="19" type="cond" truecount="2" falsecount="0"/>
        <line num="12" count="1" type="stmt"/>
        <line num="15" count="18" type="stmt"/>
        <line num="17" count="18" type="stmt"/>
        <line num="18" count="722" type="stmt"/>
        <line num="19" count="722" type="stmt"/>
        <line num="21" count="722" type="stmt"/>
        <line num="24" count="18" type="stmt"/>
      </file>
      <file name="fibonacciNthClosedForm.js" path="/Users/fangqi-apple/Library/Mobile Documents/com~apple~CloudDocs/Documents/WebDev/javascript/src/algorithms/math/fibonacci/fibonacciNthClosedForm.js">
        <metrics statements="6" coveredstatements="6" conditionals="4" coveredconditionals="4" methods="1" coveredmethods="1"/>
        <line num="9" count="13" type="stmt"/>
        <line num="12" count="13" type="cond" truecount="4" falsecount="0"/>
        <line num="13" count="1" type="stmt"/>
        <line num="17" count="12" type="stmt"/>
        <line num="19" count="12" type="stmt"/>
        <line num="22" count="12" type="stmt"/>
      </file>
    </package>
    <package name="algorithms.math.fourier-transform">
      <metrics statements="62" coveredstatements="62" conditionals="17" coveredconditionals="17" methods="4" coveredmethods="4"/>
      <file name="discreteFourierTransform.js" path="/Users/fangqi-apple/Library/Mobile Documents/com~apple~CloudDocs/Documents/WebDev/javascript/src/algorithms/math/fourier-transform/discreteFourierTransform.js">
        <metrics statements="17" coveredstatements="17" conditionals="5" coveredconditionals="5" methods="1" coveredmethods="1"/>
        <line num="3" count="1" type="stmt"/>
        <line num="23" count="12" type="stmt"/>
        <line num="24" count="12" type="stmt"/>
        <line num="27" count="12" type="stmt"/>
        <line num="30" count="40" type="stmt"/>
        <line num="33" count="40" type="stmt"/>
        <line num="34" count="146" type="stmt"/>
        <line num="37" count="146" type="stmt"/>
        <line num="40" count="146" type="stmt"/>
        <line num="46" count="146" type="stmt"/>
        <line num="50" count="40" type="cond" truecount="2" falsecount="0"/>
        <line num="51" count="6" type="stmt"/>
        <line num="54" count="40" type="cond" truecount="2" falsecount="0"/>
        <line num="55" count="28" type="stmt"/>
        <line num="62" count="40" type="stmt"/>
        <line num="65" count="40" type="stmt"/>
        <line num="68" count="12" type="stmt"/>
      </file>
      <file name="fastFourierTransform.js" path="/Users/fangqi-apple/Library/Mobile Documents/com~apple~CloudDocs/Documents/WebDev/javascript/src/algorithms/math/fourier-transform/fastFourierTransform.js">
        <metrics statements="29" coveredstatements="29" conditionals="7" coveredconditionals="7" methods="2" coveredmethods="2"/>
        <line num="12" count="42" type="stmt"/>
        <line num="14" count="42" type="stmt"/>
        <line num="15" count="144" type="stmt"/>
        <line num="17" count="144" type="cond" truecount="2" falsecount="0"/>
        <line num="18" count="72" type="stmt"/>
        <line num="22" count="42" type="stmt"/>
        <line num="34" count="6" type="stmt"/>
        <line num="35" count="6" type="stmt"/>
        <line num="37" count="6" type="stmt"/>
        <line num="38" count="7" type="stmt"/>
        <line num="41" count="6" type="stmt"/>
        <line num="42" count="6" type="stmt"/>
        <line num="43" count="42" type="stmt"/>
        <line num="46" count="6" type="stmt"/>
        <line num="47" count="12" type="cond" truecount="2" falsecount="0"/>
        <line num="48" count="12" type="stmt"/>
        <line num="53" count="12" type="stmt"/>
        <line num="54" count="36" type="stmt"/>
        <line num="56" count="36" type="stmt"/>
        <line num="57" count="72" type="stmt"/>
        <line num="59" count="72" type="stmt"/>
        <line num="60" count="72" type="stmt"/>
        <line num="62" count="72" type="stmt"/>
        <line num="63" count="72" type="stmt"/>
        <line num="65" count="72" type="stmt"/>
        <line num="70" count="6" type="cond" truecount="2" falsecount="0"/>
        <line num="71" count="3" type="stmt"/>
        <line num="72" count="21" type="stmt"/>
        <line num="76" count="6" type="stmt"/>
      </file>
      <file name="inverseDiscreteFourierTransform.js" path="/Users/fangqi-apple/Library/Mobile Documents/com~apple~CloudDocs/Documents/WebDev/javascript/src/algorithms/math/fourier-transform/inverseDiscreteFourierTransform.js">
        <metrics statements="16" coveredstatements="16" conditionals="5" coveredconditionals="5" methods="1" coveredmethods="1"/>
        <line num="3" count="1" type="stmt"/>
        <line num="20" count="12" type="stmt"/>
        <line num="21" count="12" type="stmt"/>
        <line num="24" count="12" type="stmt"/>
        <line num="26" count="40" type="stmt"/>
        <line num="29" count="40" type="stmt"/>
        <line num="30" count="146" type="stmt"/>
        <line num="33" count="146" type="stmt"/>
        <line num="36" count="146" type="stmt"/>
        <line num="41" count="146" type="stmt"/>
        <line num="45" count="40" type="cond" truecount="2" falsecount="0"/>
        <line num="46" count="18" type="stmt"/>
        <line num="49" count="40" type="cond" truecount="2" falsecount="0"/>
        <line num="50" count="32" type="stmt"/>
        <line num="54" count="40" type="stmt"/>
        <line num="57" count="12" type="stmt"/>
      </file>
    </package>
    <package name="algorithms.math.fourier-transform.__test__">
      <metrics statements="23" coveredstatements="23" conditionals="0" coveredconditionals="0" methods="8" coveredmethods="8"/>
      <file name="FourierTester.js" path="/Users/fangqi-apple/Library/Mobile Documents/com~apple~CloudDocs/Documents/WebDev/javascript/src/algorithms/math/fourier-transform/__test__/FourierTester.js">
        <metrics statements="23" coveredstatements="23" conditionals="0" coveredconditionals="0" methods="8" coveredmethods="8"/>
        <line num="3" count="2" type="stmt"/>
        <line num="243" count="1" type="stmt"/>
        <line num="244" count="12" type="stmt"/>
        <line num="247" count="40" type="stmt"/>
        <line num="248" count="12" type="stmt"/>
        <line num="251" count="12" type="stmt"/>
        <line num="254" count="12" type="stmt"/>
        <line num="256" count="40" type="stmt"/>
        <line num="257" count="40" type="stmt"/>
        <line num="260" count="40" type="stmt"/>
        <line num="261" count="40" type="stmt"/>
        <line num="262" count="40" type="stmt"/>
        <line num="263" count="40" type="stmt"/>
        <line num="264" count="40" type="stmt"/>
        <line num="273" count="1" type="stmt"/>
        <line num="274" count="12" type="stmt"/>
        <line num="277" count="12" type="stmt"/>
        <line num="278" count="40" type="stmt"/>
        <line num="280" count="12" type="stmt"/>
        <line num="283" count="12" type="stmt"/>
        <line num="286" count="12" type="stmt"/>
        <line num="288" count="40" type="stmt"/>
        <line num="291" count="40" type="stmt"/>
      </file>
    </package>
    <package name="algorithms.math.horner-method">
      <metrics statements="4" coveredstatements="4" conditionals="0" coveredconditionals="0" methods="4" coveredmethods="4"/>
      <file name="classicPolynome.js" path="/Users/fangqi-apple/Library/Mobile Documents/com~apple~CloudDocs/Documents/WebDev/javascript/src/algorithms/math/horner-method/classicPolynome.js">
        <metrics statements="2" coveredstatements="2" conditionals="0" coveredconditionals="0" methods="2" coveredmethods="2"/>
        <line num="10" count="11" type="stmt"/>
        <line num="12" count="45" type="stmt"/>
      </file>
      <file name="hornerMethod.js" path="/Users/fangqi-apple/Library/Mobile Documents/com~apple~CloudDocs/Documents/WebDev/javascript/src/algorithms/math/horner-method/hornerMethod.js">
        <metrics statements="2" coveredstatements="2" conditionals="0" coveredconditionals="0" methods="2" coveredmethods="2"/>
        <line num="10" count="11" type="stmt"/>
        <line num="12" count="45" type="stmt"/>
      </file>
    </package>
    <package name="algorithms.math.integer-partition">
      <metrics statements="14" coveredstatements="14" conditionals="2" coveredconditionals="2" methods="2" coveredmethods="2"/>
      <file name="integerPartition.js" path="/Users/fangqi-apple/Library/Mobile Documents/com~apple~CloudDocs/Documents/WebDev/javascript/src/algorithms/math/integer-partition/integerPartition.js">
        <metrics statements="14" coveredstatements="14" conditionals="2" coveredconditionals="2" methods="2" coveredmethods="2"/>
        <line num="7" count="8" type="stmt"/>
        <line num="8" count="44" type="stmt"/>
        <line num="16" count="8" type="stmt"/>
        <line num="17" count="36" type="stmt"/>
        <line num="24" count="8" type="stmt"/>
        <line num="25" count="44" type="stmt"/>
        <line num="30" count="8" type="stmt"/>
        <line num="31" count="36" type="stmt"/>
        <line num="32" count="204" type="cond" truecount="2" falsecount="0"/>
        <line num="35" count="84" type="stmt"/>
        <line num="48" count="120" type="stmt"/>
        <line num="49" count="120" type="stmt"/>
        <line num="51" count="120" type="stmt"/>
        <line num="56" count="8" type="stmt"/>
      </file>
    </package>
    <package name="algorithms.math.is-power-of-two">
      <metrics statements="11" coveredstatements="11" conditionals="6" coveredconditionals="6" methods="2" coveredmethods="2"/>
      <file name="isPowerOfTwo.js" path="/Users/fangqi-apple/Library/Mobile Documents/com~apple~CloudDocs/Documents/WebDev/javascript/src/algorithms/math/is-power-of-two/isPowerOfTwo.js">
        <metrics statements="8" coveredstatements="8" conditionals="4" coveredconditionals="4" methods="1" coveredmethods="1"/>
        <line num="7" count="27" type="cond" truecount="2" falsecount="0"/>
        <line num="8" count="2" type="stmt"/>
        <line num="13" count="25" type="stmt"/>
        <line num="14" count="25" type="stmt"/>
        <line num="15" count="56" type="cond" truecount="2" falsecount="0"/>
        <line num="18" count="13" type="stmt"/>
        <line num="21" count="43" type="stmt"/>
        <line num="24" count="12" type="stmt"/>
      </file>
      <file name="isPowerOfTwoBitwise.js" path="/Users/fangqi-apple/Library/Mobile Documents/com~apple~CloudDocs/Documents/WebDev/javascript/src/algorithms/math/is-power-of-two/isPowerOfTwoBitwise.js">
        <metrics statements="3" coveredstatements="3" conditionals="2" coveredconditionals="2" methods="1" coveredmethods="1"/>
        <line num="7" count="17" type="cond" truecount="2" falsecount="0"/>
        <line num="8" count="2" type="stmt"/>
        <line num="25" count="15" type="stmt"/>
      </file>
    </package>
    <package name="algorithms.math.least-common-multiple">
      <metrics statements="1" coveredstatements="1" conditionals="4" coveredconditionals="4" methods="1" coveredmethods="1"/>
      <file name="leastCommonMultiple.js" path="/Users/fangqi-apple/Library/Mobile Documents/com~apple~CloudDocs/Documents/WebDev/javascript/src/algorithms/math/least-common-multiple/leastCommonMultiple.js">
        <metrics statements="1" coveredstatements="1" conditionals="4" coveredconditionals="4" methods="1" coveredmethods="1"/>
        <line num="10" count="12" type="cond" truecount="4" falsecount="0"/>
      </file>
    </package>
    <package name="algorithms.math.liu-hui">
      <metrics statements="15" coveredstatements="15" conditionals="5" coveredconditionals="4" methods="3" coveredmethods="3"/>
      <file name="liuHui.js" path="/Users/fangqi-apple/Library/Mobile Documents/com~apple~CloudDocs/Documents/WebDev/javascript/src/algorithms/math/liu-hui/liuHui.js">
        <metrics statements="15" coveredstatements="15" conditionals="5" coveredconditionals="4" methods="3" coveredmethods="3"/>
        <line num="5" count="1" type="stmt"/>
        <line num="13" count="38" type="cond" truecount="2" falsecount="0"/>
        <line num="14" count="4" type="stmt"/>
        <line num="17" count="34" type="stmt"/>
        <line num="20" count="34" type="stmt"/>
        <line num="21" count="34" type="stmt"/>
        <line num="22" count="34" type="stmt"/>
        <line num="24" count="34" type="stmt"/>
        <line num="33" count="4" type="stmt"/>
        <line num="36" count="4" type="cond" truecount="2" falsecount="0"/>
        <line num="47" count="4" type="stmt"/>
        <line num="48" count="4" type="stmt"/>
        <line num="49" count="4" type="stmt"/>
        <line num="50" count="4" type="stmt"/>
        <line num="53" count="4" type="stmt"/>
      </file>
    </package>
    <package name="algorithms.math.matrix">
      <metrics statements="107" coveredstatements="50" conditionals="24" coveredconditionals="18" methods="24" coveredmethods="11"/>
      <file name="Matrix.js" path="/Users/fangqi-apple/Library/Mobile Documents/com~apple~CloudDocs/Documents/WebDev/javascript/src/algorithms/math/matrix/Matrix.js">
        <metrics statements="107" coveredstatements="50" conditionals="24" coveredconditionals="18" methods="24" coveredmethods="11"/>
        <line num="14" count="2" type="stmt"/>
        <line num="15" count="655" type="stmt"/>
        <line num="16" count="655" type="stmt"/>
        <line num="17" count="655" type="cond" truecount="2" falsecount="0"/>
        <line num="18" count="743" type="stmt"/>
        <line num="19" count="743" type="cond" truecount="3" falsecount="0"/>
        <line num="21" count="655" type="stmt"/>
        <line num="30" count="2" type="stmt"/>
        <line num="31" count="214" type="cond" truecount="1" falsecount="1"/>
        <line num="36" count="0" type="stmt"/>
        <line num="46" count="2" type="stmt"/>
        <line num="47" count="0" type="stmt"/>
        <line num="48" count="0" type="stmt"/>
        <line num="49" count="0" type="cond" truecount="0" falsecount="2"/>
        <line num="50" count="0" type="stmt"/>
        <line num="61" count="2" type="stmt"/>
        <line num="62" count="107" type="stmt"/>
        <line num="63" count="107" type="stmt"/>
        <line num="65" count="107" type="stmt"/>
        <line num="66" count="107" type="stmt"/>
        <line num="68" count="107" type="cond" truecount="1" falsecount="1"/>
        <line num="69" count="0" type="stmt"/>
        <line num="72" count="107" type="cond" truecount="2" falsecount="0"/>
        <line num="73" count="212" type="cond" truecount="2" falsecount="0"/>
        <line num="74" count="2" type="stmt"/>
        <line num="86" count="2" type="stmt"/>
        <line num="94" count="5" type="stmt"/>
        <line num="95" count="23" type="cond" truecount="2" falsecount="0"/>
        <line num="96" count="18" type="stmt"/>
        <line num="98" count="39" type="stmt"/>
        <line num="100" count="5" type="stmt"/>
        <line num="101" count="5" type="stmt"/>
        <line num="102" count="18" type="stmt"/>
        <line num="104" count="5" type="stmt"/>
        <line num="107" count="5" type="stmt"/>
        <line num="116" count="2" type="stmt"/>
        <line num="117" count="39" type="stmt"/>
        <line num="126" count="2" type="stmt"/>
        <line num="128" count="0" type="stmt"/>
        <line num="129" count="0" type="stmt"/>
        <line num="132" count="0" type="stmt"/>
        <line num="133" count="0" type="stmt"/>
        <line num="134" count="0" type="cond" truecount="0" falsecount="2"/>
        <line num="135" count="0" type="stmt"/>
        <line num="139" count="0" type="stmt"/>
        <line num="140" count="0" type="stmt"/>
        <line num="142" count="0" type="stmt"/>
        <line num="143" count="0" type="stmt"/>
        <line num="144" count="0" type="stmt"/>
        <line num="145" count="0" type="stmt"/>
        <line num="146" count="0" type="stmt"/>
        <line num="148" count="0" type="stmt"/>
        <line num="152" count="0" type="stmt"/>
        <line num="162" count="2" type="stmt"/>
        <line num="163" count="0" type="stmt"/>
        <line num="164" count="0" type="stmt"/>
        <line num="165" count="0" type="stmt"/>
        <line num="166" count="0" type="stmt"/>
        <line num="167" count="0" type="stmt"/>
        <line num="168" count="0" type="stmt"/>
        <line num="171" count="0" type="stmt"/>
        <line num="180" count="2" type="stmt"/>
        <line num="188" count="105" type="stmt"/>
        <line num="189" count="441" type="stmt"/>
        <line num="191" count="441" type="cond" truecount="2" falsecount="0"/>
        <line num="192" count="105" type="stmt"/>
        <line num="193" count="231" type="stmt"/>
        <line num="196" count="441" type="stmt"/>
        <line num="197" count="336" type="stmt"/>
        <line num="201" count="105" type="stmt"/>
        <line num="211" count="2" type="stmt"/>
        <line num="213" count="231" type="stmt"/>
        <line num="216" count="231" type="stmt"/>
        <line num="217" count="0" type="stmt"/>
        <line num="220" count="231" type="stmt"/>
        <line num="230" count="2" type="stmt"/>
        <line num="232" count="0" type="stmt"/>
        <line num="235" count="0" type="stmt"/>
        <line num="236" count="0" type="stmt"/>
        <line num="239" count="0" type="stmt"/>
        <line num="249" count="2" type="stmt"/>
        <line num="250" count="0" type="stmt"/>
        <line num="251" count="0" type="stmt"/>
        <line num="253" count="0" type="stmt"/>
        <line num="254" count="0" type="stmt"/>
        <line num="257" count="0" type="stmt"/>
        <line num="258" count="0" type="stmt"/>
        <line num="259" count="0" type="stmt"/>
        <line num="262" count="0" type="stmt"/>
        <line num="272" count="2" type="stmt"/>
        <line num="273" count="0" type="stmt"/>
        <line num="274" count="0" type="stmt"/>
        <line num="276" count="0" type="stmt"/>
        <line num="277" count="0" type="stmt"/>
        <line num="280" count="0" type="stmt"/>
        <line num="281" count="0" type="stmt"/>
        <line num="282" count="0" type="stmt"/>
        <line num="285" count="0" type="stmt"/>
        <line num="295" count="2" type="stmt"/>
        <line num="296" count="0" type="stmt"/>
        <line num="297" count="0" type="stmt"/>
        <line num="299" count="0" type="stmt"/>
        <line num="300" count="0" type="stmt"/>
        <line num="303" count="0" type="stmt"/>
        <line num="304" count="0" type="stmt"/>
        <line num="305" count="0" type="stmt"/>
        <line num="308" count="0" type="stmt"/>
      </file>
    </package>
    <package name="algorithms.math.pascal-triangle">
      <metrics statements="16" coveredstatements="16" conditionals="6" coveredconditionals="6" methods="2" coveredmethods="2"/>
      <file name="pascalTriangle.js" path="/Users/fangqi-apple/Library/Mobile Documents/com~apple~CloudDocs/Documents/WebDev/javascript/src/algorithms/math/pascal-triangle/pascalTriangle.js">
        <metrics statements="5" coveredstatements="5" conditionals="0" coveredconditionals="0" methods="1" coveredmethods="1"/>
        <line num="6" count="15" type="stmt"/>
        <line num="8" count="15" type="stmt"/>
        <line num="10" count="15" type="stmt"/>
        <line num="12" count="271" type="stmt"/>
        <line num="15" count="15" type="stmt"/>
      </file>
      <file name="pascalTriangleRecursive.js" path="/Users/fangqi-apple/Library/Mobile Documents/com~apple~CloudDocs/Documents/WebDev/javascript/src/algorithms/math/pascal-triangle/pascalTriangleRecursive.js">
        <metrics statements="11" coveredstatements="11" conditionals="6" coveredconditionals="6" methods="1" coveredmethods="1"/>
        <line num="6" count="36" type="cond" truecount="2" falsecount="0"/>
        <line num="7" count="8" type="stmt"/>
        <line num="10" count="28" type="stmt"/>
        <line num="11" count="28" type="stmt"/>
        <line num="14" count="28" type="stmt"/>
        <line num="17" count="28" type="stmt"/>
        <line num="22" count="28" type="stmt"/>
        <line num="23" count="112" type="cond" truecount="2" falsecount="0"/>
        <line num="24" count="112" type="cond" truecount="2" falsecount="0"/>
        <line num="26" count="112" type="stmt"/>
        <line num="29" count="28" type="stmt"/>
      </file>
    </package>
    <package name="algorithms.math.primality-test">
      <metrics statements="13" coveredstatements="13" conditionals="10" coveredconditionals="10" methods="1" coveredmethods="1"/>
      <file name="trialDivision.js" path="/Users/fangqi-apple/Library/Mobile Documents/com~apple~CloudDocs/Documents/WebDev/javascript/src/algorithms/math/primality-test/trialDivision.js">
        <metrics statements="13" coveredstatements="13" conditionals="10" coveredconditionals="10" methods="1" coveredmethods="1"/>
        <line num="7" count="21" type="cond" truecount="2" falsecount="0"/>
        <line num="8" count="3" type="stmt"/>
        <line num="11" count="18" type="cond" truecount="2" falsecount="0"/>
        <line num="13" count="3" type="stmt"/>
        <line num="16" count="15" type="cond" truecount="2" falsecount="0"/>
        <line num="18" count="2" type="stmt"/>
        <line num="22" count="13" type="cond" truecount="2" falsecount="0"/>
        <line num="23" count="7" type="stmt"/>
        <line num="27" count="6" type="stmt"/>
        <line num="28" count="6" type="stmt"/>
        <line num="29" count="21" type="cond" truecount="2" falsecount="0"/>
        <line num="30" count="1" type="stmt"/>
        <line num="34" count="5" type="stmt"/>
      </file>
    </package>
    <package name="algorithms.math.prime-factors">
      <metrics statements="10" coveredstatements="10" conditionals="2" coveredconditionals="2" methods="2" coveredmethods="2"/>
      <file name="primeFactors.js" path="/Users/fangqi-apple/Library/Mobile Documents/com~apple~CloudDocs/Documents/WebDev/javascript/src/algorithms/math/prime-factors/primeFactors.js">
        <metrics statements="10" coveredstatements="10" conditionals="2" coveredconditionals="2" methods="2" coveredmethods="2"/>
        <line num="9" count="30" type="stmt"/>
        <line num="12" count="30" type="stmt"/>
        <line num="15" count="30" type="stmt"/>
        <line num="17" count="4325" type="stmt"/>
        <line num="19" count="92" type="stmt"/>
        <line num="21" count="92" type="stmt"/>
        <line num="27" count="30" type="cond" truecount="2" falsecount="0"/>
        <line num="28" count="21" type="stmt"/>
        <line num="31" count="30" type="stmt"/>
        <line num="41" count="22" type="stmt"/>
      </file>
    </package>
    <package name="algorithms.math.radian">
[...]
        <line num="76" count="2" type="stmt"/>
        <line num="80" count="10" type="stmt"/>
        <line num="88" count="4" type="stmt"/>
        <line num="89" count="4" type="stmt"/>
        <line num="92" count="4" type="stmt"/>
        <line num="93" count="4" type="stmt"/>
        <line num="96" count="4" type="cond" truecount="2" falsecount="0"/>
        <line num="97" count="1" type="stmt"/>
        <line num="98" count="1" type="stmt"/>
        <line num="102" count="4" type="stmt"/>
        <line num="105" count="4" type="stmt"/>
        <line num="108" count="4" type="stmt"/>
        <line num="116" count="2" type="stmt"/>
        <line num="117" count="2" type="stmt"/>
        <line num="120" count="2" type="stmt"/>
        <line num="121" count="2" type="stmt"/>
        <line num="123" count="2" type="cond" truecount="2" falsecount="0"/>
        <line num="124" count="1" type="stmt"/>
        <line num="125" count="1" type="stmt"/>
        <line num="129" count="2" type="stmt"/>
        <line num="132" count="2" type="stmt"/>
        <line num="135" count="2" type="stmt"/>
        <line num="143" count="15" type="stmt"/>
        <line num="144" count="15" type="stmt"/>
        <line num="147" count="15" type="cond" truecount="2" falsecount="0"/>
        <line num="148" count="6" type="stmt"/>
        <line num="149" count="9" type="cond" truecount="1" falsecount="1"/>
        <line num="151" count="9" type="stmt"/>
        <line num="156" count="15" type="cond" truecount="2" falsecount="0"/>
        <line num="157" count="2" type="stmt"/>
        <line num="161" count="15" type="stmt"/>
      </file>
    </package>
    <package name="data-structures.tree.binary-search-tree">
      <metrics statements="57" coveredstatements="57" conditionals="42" coveredconditionals="42" methods="11" coveredmethods="11"/>
      <file name="BinarySearchTree.js" path="/Users/fangqi-apple/Library/Mobile Documents/com~apple~CloudDocs/Documents/WebDev/javascript/src/data-structures/tree/binary-search-tree/BinarySearchTree.js">
        <metrics statements="6" coveredstatements="6" conditionals="0" coveredconditionals="0" methods="5" coveredmethods="5"/>
        <line num="8" count="31" type="stmt"/>
        <line num="11" count="31" type="stmt"/>
        <line num="19" count="165" type="stmt"/>
        <line num="27" count="4" type="stmt"/>
        <line num="35" count="6" type="stmt"/>
        <line num="42" count="56" type="stmt"/>
      </file>
      <file name="BinarySearchTreeNode.js" path="/Users/fangqi-apple/Library/Mobile Documents/com~apple~CloudDocs/Documents/WebDev/javascript/src/data-structures/tree/binary-search-tree/BinarySearchTreeNode.js">
        <metrics statements="51" coveredstatements="51" conditionals="42" coveredconditionals="42" methods="6" coveredmethods="6"/>
        <line num="10" count="218" type="stmt"/>
        <line num="13" count="218" type="stmt"/>
        <line num="14" count="218" type="stmt"/>
        <line num="22" count="364" type="cond" truecount="2" falsecount="0"/>
        <line num="23" count="35" type="stmt"/>
        <line num="25" count="35" type="stmt"/>
        <line num="28" count="329" type="cond" truecount="2" falsecount="0"/>
        <line num="30" count="143" type="cond" truecount="2" falsecount="0"/>
        <line num="31" count="68" type="stmt"/>
        <line num="34" count="75" type="stmt"/>
        <line num="35" count="75" type="stmt"/>
        <line num="37" count="75" type="stmt"/>
        <line num="40" count="186" type="cond" truecount="2" falsecount="0"/>
        <line num="42" count="185" type="cond" truecount="2" falsecount="0"/>
        <line num="43" count="87" type="stmt"/>
        <line num="46" count="98" type="stmt"/>
        <line num="47" count="98" type="stmt"/>
        <line num="49" count="98" type="stmt"/>
        <line num="52" count="1" type="stmt"/>
        <line num="61" count="325" type="cond" truecount="2" falsecount="0"/>
        <line num="62" count="115" type="stmt"/>
        <line num="65" count="210" type="cond" truecount="4" falsecount="0"/>
        <line num="67" count="78" type="stmt"/>
        <line num="70" count="132" type="cond" truecount="4" falsecount="0"/>
        <line num="72" count="119" type="stmt"/>
        <line num="75" count="13" type="stmt"/>
        <line num="83" count="21" type="stmt"/>
        <line num="91" count="20" type="stmt"/>
        <line num="93" count="20" type="cond" truecount="2" falsecount="0"/>
        <line num="94" count="1" type="stmt"/>
        <line num="97" count="19" type="stmt"/>
        <line num="99" count="19" type="cond" truecount="4" falsecount="0"/>
        <line num="101" count="11" type="cond" truecount="2" falsecount="0"/>
        <line num="103" count="10" type="stmt"/>
        <line num="106" count="1" type="stmt"/>
        <line num="108" count="8" type="cond" truecount="4" falsecount="0"/>
        <line num="112" count="4" type="stmt"/>
        <line num="113" count="4" type="cond" truecount="2" falsecount="0"/>
        <line num="114" count="1" type="stmt"/>
        <line num="115" count="1" type="stmt"/>
        <line num="119" count="3" type="stmt"/>
        <line num="120" count="3" type="stmt"/>
        <line num="126" count="4" type="cond" truecount="2" falsecount="0"/>
        <line num="128" count="4" type="cond" truecount="2" falsecount="0"/>
        <line num="129" count="2" type="stmt"/>
        <line num="131" count="2" type="stmt"/>
        <line num="136" count="19" type="stmt"/>
        <line num="138" count="19" type="stmt"/>
        <line num="145" count="22" type="cond" truecount="2" falsecount="0"/>
        <line num="146" count="10" type="stmt"/>
        <line num="149" count="12" type="stmt"/>
      </file>
    </package>
    <package name="data-structures.tree.fenwick-tree">
      <metrics statements="18" coveredstatements="18" conditionals="12" coveredconditionals="12" methods="4" coveredmethods="4"/>
      <file name="FenwickTree.js" path="/Users/fangqi-apple/Library/Mobile Documents/com~apple~CloudDocs/Documents/WebDev/javascript/src/data-structures/tree/fenwick-tree/FenwickTree.js">
        <metrics statements="18" coveredstatements="18" conditionals="12" coveredconditionals="12" methods="4" coveredmethods="4"/>
        <line num="9" count="5" type="stmt"/>
        <line num="12" count="5" type="stmt"/>
        <line num="23" count="18" type="cond" truecount="4" falsecount="0"/>
        <line num="24" count="2" type="stmt"/>
        <line num="27" count="16" type="stmt"/>
        <line num="28" count="37" type="stmt"/>
        <line num="31" count="16" type="stmt"/>
        <line num="41" count="45" type="cond" truecount="4" falsecount="0"/>
        <line num="42" count="2" type="stmt"/>
        <line num="45" count="43" type="stmt"/>
        <line num="47" count="43" type="stmt"/>
        <line num="48" count="71" type="stmt"/>
        <line num="51" count="43" type="stmt"/>
        <line num="62" count="12" type="cond" truecount="2" falsecount="0"/>
        <line num="63" count="1" type="stmt"/>
        <line num="66" count="11" type="cond" truecount="2" falsecount="0"/>
        <line num="67" count="6" type="stmt"/>
        <line num="70" count="5" type="stmt"/>
      </file>
    </package>
    <package name="data-structures.tree.red-black-tree">
      <metrics statements="87" coveredstatements="87" conditionals="42" coveredconditionals="40" methods="13" coveredmethods="13"/>
      <file name="RedBlackTree.js" path="/Users/fangqi-apple/Library/Mobile Documents/com~apple~CloudDocs/Documents/WebDev/javascript/src/data-structures/tree/red-black-tree/RedBlackTree.js">
        <metrics statements="87" coveredstatements="87" conditionals="42" coveredconditionals="40" methods="13" coveredmethods="13"/>
        <line num="4" count="1" type="stmt"/>
        <line num="10" count="1" type="stmt"/>
        <line num="18" count="66" type="stmt"/>
        <line num="21" count="66" type="cond" truecount="2" falsecount="0"/>
        <line num="23" count="11" type="stmt"/>
        <line num="26" count="55" type="stmt"/>
        <line num="30" count="66" type="stmt"/>
        <line num="32" count="66" type="stmt"/>
        <line num="40" count="1" type="stmt"/>
        <line num="48" count="81" type="cond" truecount="2" falsecount="0"/>
        <line num="49" count="14" type="stmt"/>
        <line num="53" count="67" type="cond" truecount="2" falsecount="0"/>
        <line num="54" count="43" type="stmt"/>
        <line num="57" count="24" type="stmt"/>
        <line num="59" count="24" type="cond" truecount="4" falsecount="0"/>
        <line num="63" count="15" type="stmt"/>
        <line num="64" count="15" type="stmt"/>
        <line num="66" count="15" type="cond" truecount="2" falsecount="0"/>
        <line num="68" count="6" type="stmt"/>
        <line num="72" count="9" type="stmt"/>
        <line num="76" count="6" type="stmt"/>
        <line num="77" count="9" type="cond" truecount="3" falsecount="1"/>
        <line num="80" count="9" type="cond" truecount="1" falsecount="1"/>
        <line num="84" count="9" type="cond" truecount="2" falsecount="0"/>
        <line num="86" count="5" type="cond" truecount="2" falsecount="0"/>
        <line num="88" count="2" type="stmt"/>
        <line num="91" count="3" type="stmt"/>
        <line num="95" count="4" type="cond" truecount="2" falsecount="0"/>
        <line num="97" count="3" type="stmt"/>
        <line num="100" count="1" type="stmt"/>
        <line num="105" count="9" type="cond" truecount="4" falsecount="0"/>
        <line num="106" count="3" type="stmt"/>
        <line num="109" count="3" type="stmt"/>
        <line num="113" count="9" type="stmt"/>
        <line num="125" count="5" type="stmt"/>
        <line num="129" count="5" type="cond" truecount="2" falsecount="0"/>
        <line num="130" count="3" type="stmt"/>
        <line num="134" count="5" type="stmt"/>
        <line num="138" count="5" type="stmt"/>
        <line num="141" count="5" type="stmt"/>
        <line num="144" count="5" type="stmt"/>
        <line num="147" count="5" type="cond" truecount="2" falsecount="0"/>
        <line num="148" count="3" type="cond" truecount="2" falsecount="0"/>
        <line num="149" count="1" type="stmt"/>
        <line num="151" count="2" type="stmt"/>
        <line num="155" count="2" type="stmt"/>
        <line num="159" count="5" type="stmt"/>
        <line num="162" count="5" type="stmt"/>
        <line num="172" count="3" type="stmt"/>
        <line num="173" count="3" type="stmt"/>
        <line num="178" count="3" type="stmt"/>
        <line num="181" count="3" type="stmt"/>
        <line num="184" count="3" type="stmt"/>
        <line num="187" count="3" type="stmt"/>
        <line num="190" count="3" type="stmt"/>
        <line num="200" count="4" type="stmt"/>
        <line num="204" count="4" type="cond" truecount="2" falsecount="0"/>
        <line num="205" count="3" type="stmt"/>
        <line num="209" count="4" type="stmt"/>
        <line num="213" count="4" type="stmt"/>
        <line num="216" count="4" type="stmt"/>
        <line num="219" count="4" type="stmt"/>
        <line num="222" count="4" type="cond" truecount="2" falsecount="0"/>
        <line num="223" count="3" type="cond" truecount="2" falsecount="0"/>
        <line num="224" count="1" type="stmt"/>
        <line num="226" count="2" type="stmt"/>
        <line num="230" count="1" type="stmt"/>
        <line num="234" count="4" type="stmt"/>
        <line num="237" count="4" type="stmt"/>
        <line num="247" count="1" type="stmt"/>
        <line num="248" count="1" type="stmt"/>
        <line num="253" count="1" type="stmt"/>
        <line num="256" count="1" type="stmt"/>
        <line num="259" count="1" type="stmt"/>
        <line num="262" count="1" type="stmt"/>
        <line num="265" count="1" type="stmt"/>
        <line num="273" count="61" type="stmt"/>
        <line num="275" count="61" type="stmt"/>
        <line num="283" count="44" type="stmt"/>
        <line num="285" count="44" type="stmt"/>
        <line num="293" count="65" type="stmt"/>
        <line num="301" count="120" type="stmt"/>
        <line num="309" count="1" type="cond" truecount="2" falsecount="0"/>
        <line num="317" count="9" type="stmt"/>
        <line num="318" count="9" type="stmt"/>
        <line num="320" count="9" type="stmt"/>
        <line num="321" count="9" type="stmt"/>
      </file>
    </package>
    <package name="data-structures.tree.segment-tree">
      <metrics statements="38" coveredstatements="38" conditionals="12" coveredconditionals="12" methods="8" coveredmethods="8"/>
      <file name="SegmentTree.js" path="/Users/fangqi-apple/Library/Mobile Documents/com~apple~CloudDocs/Documents/WebDev/javascript/src/data-structures/tree/segment-tree/SegmentTree.js">
        <metrics statements="38" coveredstatements="38" conditionals="12" coveredconditionals="12" methods="8" coveredmethods="8"/>
        <line num="10" count="10" type="stmt"/>
        <line num="11" count="10" type="stmt"/>
        <line num="12" count="10" type="stmt"/>
        <line num="15" count="10" type="stmt"/>
        <line num="17" count="10" type="stmt"/>
        <line num="26" count="10" type="stmt"/>
        <line num="28" count="10" type="cond" truecount="2" falsecount="0"/>
        <line num="30" count="5" type="stmt"/>
        <line num="36" count="5" type="stmt"/>
        <line num="37" count="5" type="stmt"/>
        <line num="38" count="5" type="stmt"/>
        <line num="39" count="5" type="stmt"/>
        <line num="42" count="10" type="stmt"/>
        <line num="49" count="10" type="stmt"/>
        <line num="50" count="10" type="stmt"/>
        <line num="51" count="10" type="stmt"/>
        <line num="52" count="10" type="stmt"/>
        <line num="67" count="80" type="cond" truecount="2" falsecount="0"/>
        <line num="68" count="45" type="stmt"/>
        <line num="69" count="45" type="stmt"/>
        <line num="73" count="35" type="stmt"/>
        <line num="75" count="35" type="stmt"/>
        <line num="77" count="35" type="stmt"/>
        <line num="81" count="35" type="stmt"/>
        <line num="95" count="24" type="stmt"/>
        <line num="96" count="24" type="stmt"/>
        <line num="97" count="24" type="stmt"/>
        <line num="99" count="24" type="stmt"/>
        <line num="119" count="134" type="cond" truecount="4" falsecount="0"/>
        <line num="121" count="38" type="stmt"/>
        <line num="124" count="96" type="cond" truecount="4" falsecount="0"/>
        <line num="126" count="41" type="stmt"/>
        <line num="130" count="55" type="stmt"/>
        <line num="132" count="55" type="stmt"/>
        <line num="140" count="55" type="stmt"/>
        <line num="148" count="55" type="stmt"/>
        <line num="157" count="125" type="stmt"/>
        <line num="166" count="125" type="stmt"/>
      </file>
    </package>
    <package name="data-structures.trie">
      <metrics statements="54" coveredstatements="54" conditionals="28" coveredconditionals="28" methods="15" coveredmethods="15"/>
      <file name="Trie.js" path="/Users/fangqi-apple/Library/Mobile Documents/com~apple~CloudDocs/Documents/WebDev/javascript/src/data-structures/trie/Trie.js">
        <metrics statements="34" coveredstatements="34" conditionals="13" coveredconditionals="13" methods="7" coveredmethods="7"/>
        <line num="4" count="1" type="stmt"/>
        <line num="8" count="5" type="stmt"/>
        <line num="16" count="15" type="stmt"/>
        <line num="17" count="15" type="stmt"/>
        <line num="19" count="15" type="stmt"/>
        <line num="20" count="62" type="stmt"/>
        <line num="21" count="62" type="stmt"/>
        <line num="24" count="15" type="stmt"/>
        <line num="32" count="5" type="cond" truecount="1" falsecount="0"/>
        <line num="33" count="25" type="cond" truecount="2" falsecount="0"/>
        <line num="35" count="4" type="stmt"/>
        <line num="38" count="21" type="stmt"/>
        <line num="39" count="21" type="stmt"/>
        <line num="41" count="21" type="cond" truecount="2" falsecount="0"/>
        <line num="43" count="1" type="stmt"/>
        <line num="47" count="20" type="stmt"/>
        <line num="50" count="20" type="cond" truecount="2" falsecount="0"/>
        <line num="51" count="4" type="stmt"/>
        <line num="57" count="20" type="stmt"/>
        <line num="61" count="5" type="stmt"/>
        <line num="63" count="5" type="stmt"/>
        <line num="71" count="3" type="stmt"/>
        <line num="73" count="3" type="cond" truecount="2" falsecount="0"/>
        <line num="74" count="1" type="stmt"/>
        <line num="77" count="2" type="stmt"/>
        <line num="87" count="25" type="stmt"/>
        <line num="89" count="25" type="cond" truecount="2" falsecount="0"/>
        <line num="97" count="28" type="stmt"/>
        <line num="98" count="28" type="stmt"/>
        <line num="100" count="28" type="stmt"/>
        <line num="101" count="95" type="cond" truecount="2" falsecount="0"/>
        <line num="102" count="6" type="stmt"/>
        <line num="105" count="89" type="stmt"/>
        <line num="108" count="22" type="stmt"/>
      </file>
      <file name="TrieNode.js" path="/Users/fangqi-apple/Library/Mobile Documents/com~apple~CloudDocs/Documents/WebDev/javascript/src/data-structures/trie/TrieNode.js">
        <metrics statements="20" coveredstatements="20" conditionals="15" coveredconditionals="15" methods="8" coveredmethods="8"/>
        <line num="9" count="62" type="stmt"/>
        <line num="10" count="62" type="stmt"/>
        <line num="11" count="62" type="stmt"/>
        <line num="19" count="145" type="stmt"/>
        <line num="28" count="75" type="cond" truecount="2" falsecount="0"/>
        <line num="29" count="48" type="stmt"/>
        <line num="32" count="75" type="stmt"/>
        <line num="35" count="75" type="cond" truecount="2" falsecount="0"/>
        <line num="37" count="75" type="stmt"/>
        <line num="45" count="23" type="stmt"/>
        <line num="50" count="23" type="cond" truecount="2" falsecount="0"/>
        <line num="55" count="9" type="stmt"/>
        <line num="58" count="23" type="stmt"/>
        <line num="66" count="102" type="stmt"/>
        <line num="74" count="22" type="stmt"/>
        <line num="81" count="14" type="stmt"/>
        <line num="88" count="11" type="stmt"/>
        <line num="89" count="11" type="cond" truecount="2" falsecount="0"/>
        <line num="90" count="11" type="cond" truecount="2" falsecount="0"/>
        <line num="92" count="11" type="stmt"/>
      </file>
    </package>
    <package name="utils.comparator">
      <metrics statements="11" coveredstatements="11" conditionals="10" coveredconditionals="10" methods="9" coveredmethods="9"/>
      <file name="Comparator.js" path="/Users/fangqi-apple/Library/Mobile Documents/com~apple~CloudDocs/Documents/WebDev/javascript/src/utils/comparator/Comparator.js">
        <metrics statements="11" coveredstatements="11" conditionals="10" coveredconditionals="10" methods="9" coveredmethods="9"/>
        <line num="7" count="12940" type="cond" truecount="2" falsecount="0"/>
        <line num="17" count="14523" type="cond" truecount="2" falsecount="0"/>
        <line num="18" count="2439" type="stmt"/>
        <line num="21" count="12084" type="cond" truecount="2" falsecount="0"/>
        <line num="31" count="4089" type="stmt"/>
        <line num="41" count="10729" type="stmt"/>
        <line num="51" count="612" type="stmt"/>
        <line num="61" count="1632" type="cond" truecount="2" falsecount="0"/>
        <line num="71" count="77" type="cond" truecount="2" falsecount="0"/>
        <line num="78" count="1" type="stmt"/>
        <line num="79" count="8" type="stmt"/>
      </file>
    </package>
  </project>
</coverage>
