{
  "/Users/fangqi-apple/Library/Mobile Documents/com~apple~CloudDocs/Documents/WebDev/javascript/src/algorithms/cryptography/caesar-cipher/caesarCipher.js": {
    "path": "/Users/fangqi-apple/Library/Mobile Documents/com~apple~CloudDocs/Documents/WebDev/javascript/src/algorithms/cryptography/caesar-cipher/caesarCipher.js",
    "statementMap": {
      "0": {
        "start": { "line": 2, "column": 24 },
        "end": { "line": 2, "column": 62 }
      },
      "1": {
        "start": { "line": 12, "column": 21 },
        "end": { "line": 26, "column": 1 }
      },
      "2": {
        "start": { "line": 13, "column": 2 },
        "end": { "line": 25, "column": 11 }
      },
      "3": {
        "start": { "line": 15, "column": 28 },
        "end": { "line": 15, "column": 43 }
      },
      "4": {
        "start": { "line": 17, "column": 31 },
        "end": { "line": 17, "column": 68 }
      },
      "5": {
        "start": { "line": 20, "column": 6 },
        "end": { "line": 22, "column": 7 }
      },
      "6": {
        "start": { "line": 21, "column": 8 },
        "end": { "line": 21, "column": 46 }
      },
      "7": {
        "start": { "line": 23, "column": 6 },
        "end": { "line": 23, "column": 64 }
      },
      "8": {
        "start": { "line": 24, "column": 6 },
        "end": { "line": 24, "column": 27 }
      },
      "9": {
        "start": { "line": 34, "column": 35 },
        "end": { "line": 42, "column": 1 }
      },
      "10": {
        "start": { "line": 36, "column": 20 },
        "end": { "line": 36, "column": 49 }
      },
      "11": {
        "start": { "line": 37, "column": 2 },
        "end": { "line": 41, "column": 14 }
      },
      "12": {
        "start": { "line": 40, "column": 19 },
        "end": { "line": 40, "column": 42 }
      },
      "13": {
        "start": { "line": 50, "column": 35 },
        "end": { "line": 58, "column": 1 }
      },
      "14": {
        "start": { "line": 52, "column": 20 },
        "end": { "line": 52, "column": 50 }
      },
      "15": {
        "start": { "line": 53, "column": 2 },
        "end": { "line": 57, "column": 14 }
      },
      "16": {
        "start": { "line": 56, "column": 19 },
        "end": { "line": 56, "column": 42 }
      }
    },
    "fnMap": {
      "0": {
        "name": "(anonymous_0)",
        "decl": {
          "start": { "line": 12, "column": 21 },
          "end": { "line": 12, "column": 22 }
        },
        "loc": {
          "start": { "line": 12, "column": 42 },
          "end": { "line": 26, "column": 1 }
        },
        "line": 12
      },
      "1": {
        "name": "(anonymous_1)",
        "decl": {
          "start": { "line": 14, "column": 12 },
          "end": { "line": 14, "column": 13 }
        },
        "loc": {
          "start": { "line": 14, "column": 50 },
          "end": { "line": 25, "column": 5 }
        },
        "line": 14
      },
      "2": {
        "name": "(anonymous_2)",
        "decl": {
          "start": { "line": 34, "column": 35 },
          "end": { "line": 34, "column": 36 }
        },
        "loc": {
          "start": { "line": 34, "column": 79 },
          "end": { "line": 42, "column": 1 }
        },
        "line": 34
      },
      "3": {
        "name": "(anonymous_3)",
        "decl": {
          "start": { "line": 40, "column": 9 },
          "end": { "line": 40, "column": 10 }
        },
        "loc": {
          "start": { "line": 40, "column": 19 },
          "end": { "line": 40, "column": 42 }
        },
        "line": 40
      },
      "4": {
        "name": "(anonymous_4)",
        "decl": {
          "start": { "line": 50, "column": 35 },
          "end": { "line": 50, "column": 36 }
        },
        "loc": {
          "start": { "line": 50, "column": 79 },
          "end": { "line": 58, "column": 1 }
        },
        "line": 50
      },
      "5": {
        "name": "(anonymous_5)",
        "decl": {
          "start": { "line": 56, "column": 9 },
          "end": { "line": 56, "column": 10 }
        },
        "loc": {
          "start": { "line": 56, "column": 19 },
          "end": { "line": 56, "column": 42 }
        },
        "line": 56
      }
    },
    "branchMap": {
      "0": {
        "loc": {
          "start": { "line": 20, "column": 6 },
          "end": { "line": 22, "column": 7 }
        },
        "type": "if",
        "locations": [
          {
            "start": { "line": 20, "column": 6 },
            "end": { "line": 22, "column": 7 }
          },
          {
            "start": { "line": 20, "column": 6 },
            "end": { "line": 22, "column": 7 }
          }
        ],
        "line": 20
      },
      "1": {
        "loc": {
          "start": { "line": 34, "column": 48 },
          "end": { "line": 34, "column": 74 }
        },
        "type": "default-arg",
        "locations": [
          {
            "start": { "line": 34, "column": 59 },
            "end": { "line": 34, "column": 74 }
          }
        ],
        "line": 34
      },
      "2": {
        "loc": {
          "start": { "line": 40, "column": 19 },
          "end": { "line": 40, "column": 42 }
        },
        "type": "binary-expr",
        "locations": [
          {
            "start": { "line": 40, "column": 19 },
            "end": { "line": 40, "column": 34 }
          },
          {
            "start": { "line": 40, "column": 38 },
            "end": { "line": 40, "column": 42 }
          }
        ],
        "line": 40
      },
      "3": {
        "loc": {
          "start": { "line": 50, "column": 48 },
          "end": { "line": 50, "column": 74 }
        },
        "type": "default-arg",
        "locations": [
          {
            "start": { "line": 50, "column": 59 },
            "end": { "line": 50, "column": 74 }
          }
        ],
        "line": 50
      },
      "4": {
        "loc": {
          "start": { "line": 56, "column": 19 },
          "end": { "line": 56, "column": 42 }
        },
        "type": "binary-expr",
        "locations": [
          {
            "start": { "line": 56, "column": 19 },
            "end": { "line": 56, "column": 34 }
          },
          {
            "start": { "line": 56, "column": 38 },
            "end": { "line": 56, "column": 42 }
          }
        ],
        "line": 56
      }
    },
    "s": {
      "0": 1,
      "1": 1,
      "2": 14,
      "3": 364,
      "4": 364,
      "5": 364,
      "6": 31,
      "7": 364,
      "8": 364,
      "9": 1,
      "10": 8,
      "11": 8,
      "12": 71,
      "13": 1,
      "14": 6,
      "15": 6,
      "16": 66
    },
    "f": { "0": 14, "1": 364, "2": 8, "3": 71, "4": 6, "5": 66 },
    "b": { "0": [31, 333], "1": [8], "2": [71, 9], "3": [6], "4": [66, 9] },
    "_coverageSchema": "1a1c01bbd47fc00a2c39e90264f33305004495a9",
    "hash": "4736b056ef517992f8c171cd52b07ec8d69c283a"
  },
  "/Users/fangqi-apple/Library/Mobile Documents/com~apple~CloudDocs/Documents/WebDev/javascript/src/algorithms/cryptography/polynomial-hash/PolynomialHash.js": {
    "path": "/Users/fangqi-apple/Library/Mobile Documents/com~apple~CloudDocs/Documents/WebDev/javascript/src/algorithms/cryptography/polynomial-hash/PolynomialHash.js",
    "statementMap": {
      "0": {
        "start": { "line": 1, "column": 21 },
        "end": { "line": 1, "column": 23 }
      },
      "1": {
        "start": { "line": 2, "column": 24 },
        "end": { "line": 2, "column": 27 }
      },
      "2": {
        "start": { "line": 10, "column": 4 },
        "end": { "line": 10, "column": 21 }
      },
      "3": {
        "start": { "line": 11, "column": 4 },
        "end": { "line": 11, "column": 27 }
      },
      "4": {
        "start": { "line": 23, "column": 22 },
        "end": { "line": 23, "column": 77 }
      },
      "5": {
        "start": { "line": 23, "column": 53 },
        "end": { "line": 23, "column": 76 }
      },
      "6": {
        "start": { "line": 25, "column": 15 },
        "end": { "line": 25, "column": 16 }
      },
      "7": {
        "start": { "line": 26, "column": 4 },
        "end": { "line": 30, "column": 5 }
      },
      "8": {
        "start": { "line": 26, "column": 25 },
        "end": { "line": 26, "column": 26 }
      },
      "9": {
        "start": { "line": 27, "column": 6 },
        "end": { "line": 27, "column": 24 }
      },
      "10": {
        "start": { "line": 28, "column": 6 },
        "end": { "line": 28, "column": 35 }
      },
      "11": {
        "start": { "line": 29, "column": 6 },
        "end": { "line": 29, "column": 27 }
      },
      "12": {
        "start": { "line": 32, "column": 4 },
        "end": { "line": 32, "column": 16 }
      },
      "13": {
        "start": { "line": 50, "column": 15 },
        "end": { "line": 50, "column": 23 }
      },
      "14": {
        "start": { "line": 52, "column": 22 },
        "end": { "line": 52, "column": 52 }
      },
      "15": {
        "start": { "line": 53, "column": 21 },
        "end": { "line": 53, "column": 67 }
      },
      "16": {
        "start": { "line": 55, "column": 30 },
        "end": { "line": 55, "column": 31 }
      },
      "17": {
        "start": { "line": 56, "column": 4 },
        "end": { "line": 59, "column": 5 }
      },
      "18": {
        "start": { "line": 56, "column": 17 },
        "end": { "line": 56, "column": 18 }
      },
      "19": {
        "start": { "line": 57, "column": 6 },
        "end": { "line": 57, "column": 39 }
      },
      "20": {
        "start": { "line": 58, "column": 6 },
        "end": { "line": 58, "column": 42 }
      },
      "21": {
        "start": { "line": 61, "column": 4 },
        "end": { "line": 61, "column": 25 }
      },
      "22": {
        "start": { "line": 62, "column": 4 },
        "end": { "line": 62, "column": 61 }
      },
      "23": {
        "start": { "line": 64, "column": 4 },
        "end": { "line": 64, "column": 22 }
      },
      "24": {
        "start": { "line": 65, "column": 4 },
        "end": { "line": 65, "column": 21 }
      },
      "25": {
        "start": { "line": 66, "column": 4 },
        "end": { "line": 66, "column": 25 }
      },
      "26": {
        "start": { "line": 68, "column": 4 },
        "end": { "line": 68, "column": 16 }
      },
      "27": {
        "start": { "line": 78, "column": 19 },
        "end": { "line": 78, "column": 38 }
      },
      "28": {
        "start": { "line": 81, "column": 22 },
        "end": { "line": 81, "column": 41 }
      },
      "29": {
        "start": { "line": 82, "column": 4 },
        "end": { "line": 85, "column": 5 }
      },
      "30": {
        "start": { "line": 83, "column": 29 },
        "end": { "line": 83, "column": 36 }
      },
      "31": {
        "start": { "line": 84, "column": 6 },
        "end": { "line": 84, "column": 45 }
      },
      "32": {
        "start": { "line": 87, "column": 4 },
        "end": { "line": 87, "column": 20 }
      }
    },
    "fnMap": {
      "0": {
        "name": "(anonymous_0)",
        "decl": {
          "start": { "line": 9, "column": 2 },
          "end": { "line": 9, "column": 3 }
        },
        "loc": {
          "start": { "line": 9, "column": 71 },
          "end": { "line": 12, "column": 3 }
        },
        "line": 9
      },
      "1": {
        "name": "(anonymous_1)",
        "decl": {
          "start": { "line": 22, "column": 2 },
          "end": { "line": 22, "column": 3 }
        },
        "loc": {
          "start": { "line": 22, "column": 13 },
          "end": { "line": 33, "column": 3 }
        },
        "line": 22
      },
      "2": {
        "name": "(anonymous_2)",
        "decl": {
          "start": { "line": 23, "column": 43 },
          "end": { "line": 23, "column": 44 }
        },
        "loc": {
          "start": { "line": 23, "column": 53 },
          "end": { "line": 23, "column": 76 }
        },
        "line": 23
      },
      "3": {
        "name": "(anonymous_3)",
        "decl": {
          "start": { "line": 49, "column": 2 },
          "end": { "line": 49, "column": 3 }
        },
        "loc": {
          "start": { "line": 49, "column": 36 },
          "end": { "line": 69, "column": 3 }
        },
        "line": 49
      },
      "4": {
        "name": "(anonymous_4)",
        "decl": {
          "start": { "line": 77, "column": 2 },
          "end": { "line": 77, "column": 3 }
        },
        "loc": {
          "start": { "line": 77, "column": 21 },
          "end": { "line": 88, "column": 3 }
        },
        "line": 77
      }
    },
    "branchMap": {
      "0": {
        "loc": {
          "start": { "line": 9, "column": 14 },
          "end": { "line": 9, "column": 69 }
        },
        "type": "default-arg",
        "locations": [
          {
            "start": { "line": 9, "column": 67 },
            "end": { "line": 9, "column": 69 }
          }
        ],
        "line": 9
      },
      "1": {
        "loc": {
          "start": { "line": 9, "column": 16 },
          "end": { "line": 9, "column": 35 }
        },
        "type": "default-arg",
        "locations": [
          {
            "start": { "line": 9, "column": 23 },
            "end": { "line": 9, "column": 35 }
          }
        ],
        "line": 9
      },
      "2": {
        "loc": {
          "start": { "line": 9, "column": 37 },
          "end": { "line": 9, "column": 62 }
        },
        "type": "default-arg",
        "locations": [
          {
            "start": { "line": 9, "column": 47 },
            "end": { "line": 9, "column": 62 }
          }
        ],
        "line": 9
      },
      "3": {
        "loc": {
          "start": { "line": 82, "column": 4 },
          "end": { "line": 85, "column": 5 }
        },
        "type": "if",
        "locations": [
          {
            "start": { "line": 82, "column": 4 },
            "end": { "line": 85, "column": 5 }
          },
          {
            "start": { "line": 82, "column": 4 },
            "end": { "line": 85, "column": 5 }
          }
        ],
        "line": 82
      }
    },
    "s": {
      "0": 2,
      "1": 2,
      "2": 33,
      "3": 33,
      "4": 8767,
      "5": 107816,
      "6": 8767,
      "7": 8767,
      "8": 8767,
      "9": 107816,
      "10": 107816,
      "11": 107816,
      "12": 8767,
      "13": 10851,
      "14": 10851,
      "15": 10851,
      "16": 10851,
      "17": 10851,
      "18": 10851,
      "19": 147092,
      "20": 147092,
      "21": 10851,
      "22": 10851,
      "23": 10851,
      "24": 10851,
      "25": 10851,
      "26": 10851,
      "27": 129518,
      "28": 129518,
      "29": 129518,
      "30": 1,
      "31": 1,
      "32": 129518
    },
    "f": { "0": 33, "1": 8767, "2": 107816, "3": 10851, "4": 129518 },
    "b": { "0": [18], "1": [19], "2": [18], "3": [1, 129517] },
    "_coverageSchema": "1a1c01bbd47fc00a2c39e90264f33305004495a9",
    "hash": "e9c2f2386ae70988ba512dbaa587f60ac85f5a48"
  },
  "/Users/fangqi-apple/Library/Mobile Documents/com~apple~CloudDocs/Documents/WebDev/javascript/src/algorithms/cryptography/polynomial-hash/SimplePolynomialHash.js": {
    "path": "/Users/fangqi-apple/Library/Mobile Documents/com~apple~CloudDocs/Documents/WebDev/javascript/src/algorithms/cryptography/polynomial-hash/SimplePolynomialHash.js",
    "statementMap": {
      "0": {
        "start": { "line": 1, "column": 21 },
        "end": { "line": 1, "column": 23 }
      },
      "1": {
        "start": { "line": 8, "column": 4 },
        "end": { "line": 8, "column": 21 }
      },
      "2": {
        "start": { "line": 25, "column": 15 },
        "end": { "line": 25, "column": 16 }
      },
      "3": {
        "start": { "line": 26, "column": 4 },
        "end": { "line": 28, "column": 5 }
      },
      "4": {
        "start": { "line": 26, "column": 25 },
        "end": { "line": 26, "column": 26 }
      },
      "5": {
        "start": { "line": 27, "column": 6 },
        "end": { "line": 27, "column": 68 }
      },
      "6": {
        "start": { "line": 30, "column": 4 },
        "end": { "line": 30, "column": 16 }
      },
      "7": {
        "start": { "line": 52, "column": 15 },
        "end": { "line": 52, "column": 23 }
      },
      "8": {
        "start": { "line": 54, "column": 22 },
        "end": { "line": 54, "column": 44 }
      },
      "9": {
        "start": { "line": 55, "column": 21 },
        "end": { "line": 55, "column": 59 }
      },
      "10": {
        "start": { "line": 57, "column": 4 },
        "end": { "line": 57, "column": 22 }
      },
      "11": {
        "start": { "line": 58, "column": 4 },
        "end": { "line": 58, "column": 22 }
      },
      "12": {
        "start": { "line": 59, "column": 4 },
        "end": { "line": 59, "column": 59 }
      },
      "13": {
        "start": { "line": 61, "column": 4 },
        "end": { "line": 61, "column": 16 }
      }
    },
    "fnMap": {
      "0": {
        "name": "(anonymous_0)",
        "decl": {
          "start": { "line": 7, "column": 2 },
          "end": { "line": 7, "column": 3 }
        },
        "loc": {
          "start": { "line": 7, "column": 35 },
          "end": { "line": 9, "column": 3 }
        },
        "line": 7
      },
      "1": {
        "name": "(anonymous_1)",
        "decl": {
          "start": { "line": 24, "column": 2 },
          "end": { "line": 24, "column": 3 }
        },
        "loc": {
          "start": { "line": 24, "column": 13 },
          "end": { "line": 31, "column": 3 }
        },
        "line": 24
      },
      "2": {
        "name": "(anonymous_2)",
        "decl": {
          "start": { "line": 51, "column": 2 },
          "end": { "line": 51, "column": 3 }
        },
        "loc": {
          "start": { "line": 51, "column": 36 },
          "end": { "line": 62, "column": 3 }
        },
        "line": 51
      }
    },
    "branchMap": {
      "0": {
        "loc": {
          "start": { "line": 7, "column": 14 },
          "end": { "line": 7, "column": 33 }
        },
        "type": "default-arg",
        "locations": [
          {
            "start": { "line": 7, "column": 21 },
            "end": { "line": 7, "column": 33 }
          }
        ],
        "line": 7
      }
    },
    "s": {
      "0": 1,
      "1": 3,
      "2": 1518,
      "3": 1518,
      "4": 1518,
      "5": 11314,
      "6": 1518,
      "7": 1506,
      "8": 1506,
      "9": 1506,
      "10": 1506,
      "11": 1506,
      "12": 1506,
      "13": 1506
    },
    "f": { "0": 3, "1": 1518, "2": 1506 },
    "b": { "0": [1] },
    "_coverageSchema": "1a1c01bbd47fc00a2c39e90264f33305004495a9",
    "hash": "3e067b8f90560d89c2f79602dba465bfa3e446a4"
  },
  "/Users/fangqi-apple/Library/Mobile Documents/com~apple~CloudDocs/Documents/WebDev/javascript/src/algorithms/cryptography/rail-fence-cipher/railFenceCipher.js": {
    "path": "/Users/fangqi-apple/Library/Mobile Documents/com~apple~CloudDocs/Documents/WebDev/javascript/src/algorithms/cryptography/rail-fence-cipher/railFenceCipher.js",
    "statementMap": {
      "0": {
        "start": { "line": 13, "column": 19 },
        "end": { "line": 13, "column": 38 }
      },
      "1": {
        "start": { "line": 21, "column": 19 },
        "end": { "line": 23, "column": 16 }
      },
      "2": {
        "start": { "line": 21, "column": 32 },
        "end": { "line": 23, "column": 16 }
      },
      "3": {
        "start": { "line": 23, "column": 13 },
        "end": { "line": 23, "column": 15 }
      },
      "4": {
        "start": { "line": 34, "column": 25 },
        "end": { "line": 46, "column": 1 }
      },
      "5": {
        "start": { "line": 35, "column": 2 },
        "end": { "line": 45, "column": 3 }
      },
      "6": {
        "start": { "line": 38, "column": 6 },
        "end": { "line": 38, "column": 29 }
      },
      "7": {
        "start": { "line": 41, "column": 6 },
        "end": { "line": 41, "column": 27 }
      },
      "8": {
        "start": { "line": 44, "column": 6 },
        "end": { "line": 44, "column": 23 }
      },
      "9": {
        "start": { "line": 53, "column": 22 },
        "end": { "line": 67, "column": 1 }
      },
      "10": {
        "start": { "line": 62, "column": 4 },
        "end": { "line": 64, "column": 13 }
      },
      "11": {
        "start": { "line": 66, "column": 2 },
        "end": { "line": 66, "column": 20 }
      },
      "12": {
        "start": { "line": 79, "column": 24 },
        "end": { "line": 106, "column": 1 }
      },
      "13": {
        "start": { "line": 85, "column": 2 },
        "end": { "line": 88, "column": 3 }
      },
      "14": {
        "start": { "line": 87, "column": 4 },
        "end": { "line": 87, "column": 17 }
      },
      "15": {
        "start": { "line": 90, "column": 20 },
        "end": { "line": 90, "column": 32 }
      },
      "16": {
        "start": { "line": 93, "column": 33 },
        "end": { "line": 93, "column": 38 }
      },
      "17": {
        "start": { "line": 94, "column": 24 },
        "end": { "line": 98, "column": 4 }
      },
      "18": {
        "start": { "line": 100, "column": 2 },
        "end": { "line": 105, "column": 5 }
      },
      "19": {
        "start": { "line": 118, "column": 24 },
        "end": { "line": 155, "column": 1 }
      },
      "20": {
        "start": { "line": 121, "column": 6 },
        "end": { "line": 121, "column": 12 }
      },
      "21": {
        "start": { "line": 123, "column": 20 },
        "end": { "line": 123, "column": 32 }
      },
      "22": {
        "start": { "line": 125, "column": 2 },
        "end": { "line": 127, "column": 3 }
      },
      "23": {
        "start": { "line": 126, "column": 4 },
        "end": { "line": 126, "column": 17 }
      },
      "24": {
        "start": { "line": 129, "column": 39 },
        "end": { "line": 129, "column": 45 }
      },
      "25": {
        "start": { "line": 130, "column": 27 },
        "end": { "line": 130, "column": 55 }
      },
      "26": {
        "start": { "line": 131, "column": 24 },
        "end": { "line": 135, "column": 5 }
      },
      "27": {
        "start": { "line": 136, "column": 19 },
        "end": { "line": 136, "column": 65 }
      },
      "28": {
        "start": { "line": 137, "column": 21 },
        "end": { "line": 140, "column": 3 }
      },
      "29": {
        "start": { "line": 142, "column": 24 },
        "end": { "line": 142, "column": 50 }
      },
      "30": {
        "start": { "line": 143, "column": 43 },
        "end": { "line": 143, "column": 48 }
      },
      "31": {
        "start": { "line": 144, "column": 21 },
        "end": { "line": 144, "column": 59 }
      },
      "32": {
        "start": { "line": 145, "column": 20 },
        "end": { "line": 145, "column": 94 }
      },
      "33": {
        "start": { "line": 147, "column": 2 },
        "end": { "line": 154, "column": 5 }
      },
      "34": {
        "start": { "line": 166, "column": 20 },
        "end": { "line": 194, "column": 1 }
      },
      "35": {
        "start": { "line": 173, "column": 6 },
        "end": { "line": 173, "column": 12 }
      },
      "36": {
        "start": { "line": 175, "column": 2 },
        "end": { "line": 177, "column": 3 }
      },
      "37": {
        "start": { "line": 176, "column": 4 },
        "end": { "line": 176, "column": 25 }
      },
      "38": {
        "start": { "line": 179, "column": 20 },
        "end": { "line": 179, "column": 32 }
      },
      "39": {
        "start": { "line": 181, "column": 37 },
        "end": { "line": 181, "column": 55 }
      },
      "40": {
        "start": { "line": 182, "column": 24 },
        "end": { "line": 184, "column": 3 }
      },
      "41": {
        "start": { "line": 186, "column": 2 },
        "end": { "line": 193, "column": 5 }
      },
      "42": {
        "start": { "line": 192, "column": 37 },
        "end": { "line": 192, "column": 74 }
      },
      "43": {
        "start": { "line": 203, "column": 37 },
        "end": { "line": 214, "column": 1 }
      },
      "44": {
        "start": { "line": 204, "column": 16 },
        "end": { "line": 204, "column": 37 }
      },
      "45": {
        "start": { "line": 206, "column": 22 },
        "end": { "line": 211, "column": 4 }
      },
      "46": {
        "start": { "line": 213, "column": 2 },
        "end": { "line": 213, "column": 37 }
      },
      "47": {
        "start": { "line": 223, "column": 37 },
        "end": { "line": 242, "column": 1 }
      },
      "48": {
        "start": { "line": 224, "column": 17 },
        "end": { "line": 224, "column": 30 }
      },
      "49": {
        "start": { "line": 225, "column": 21 },
        "end": { "line": 225, "column": 42 }
      },
      "50": {
        "start": { "line": 226, "column": 22 },
        "end": { "line": 233, "column": 4 }
      },
      "51": {
        "start": { "line": 235, "column": 2 },
        "end": { "line": 241, "column": 5 }
      }
    },
    "fnMap": {
      "0": {
        "name": "(anonymous_0)",
        "decl": {
          "start": { "line": 21, "column": 19 },
          "end": { "line": 21, "column": 20 }
        },
        "loc": {
          "start": { "line": 21, "column": 32 },
          "end": { "line": 23, "column": 16 }
        },
        "line": 21
      },
      "1": {
        "name": "(anonymous_1)",
        "decl": {
          "start": { "line": 23, "column": 7 },
          "end": { "line": 23, "column": 8 }
        },
        "loc": {
          "start": { "line": 23, "column": 13 },
          "end": { "line": 23, "column": 15 }
        },
        "line": 23
      },
      "2": {
        "name": "(anonymous_2)",
        "decl": {
          "start": { "line": 34, "column": 25 },
          "end": { "line": 34, "column": 26 }
        },
        "loc": {
          "start": { "line": 34, "column": 68 },
          "end": { "line": 46, "column": 1 }
        },
        "line": 34
      },
      "3": {
        "name": "(anonymous_3)",
        "decl": {
          "start": { "line": 53, "column": 22 },
          "end": { "line": 53, "column": 23 }
        },
        "loc": {
          "start": { "line": 53, "column": 51 },
          "end": { "line": 67, "column": 1 }
        },
        "line": 53
      },
      "4": {
        "name": "onEachRail",
        "decl": {
          "start": { "line": 61, "column": 11 },
          "end": { "line": 61, "column": 21 }
        },
        "loc": {
          "start": { "line": 61, "column": 41 },
          "end": { "line": 65, "column": 3 }
        },
        "line": 61
      },
      "5": {
        "name": "(anonymous_5)",
        "decl": {
          "start": { "line": 79, "column": 24 },
          "end": { "line": 79, "column": 25 }
        },
        "loc": {
          "start": { "line": 84, "column": 6 },
          "end": { "line": 106, "column": 1 }
        },
        "line": 84
      },
      "6": {
        "name": "(anonymous_6)",
        "decl": {
          "start": { "line": 118, "column": 24 },
          "end": { "line": 118, "column": 25 }
        },
        "loc": {
          "start": { "line": 118, "column": 36 },
          "end": { "line": 155, "column": 1 }
        },
        "line": 118
      },
      "7": {
        "name": "(anonymous_7)",
        "decl": {
          "start": { "line": 166, "column": 20 },
          "end": { "line": 166, "column": 21 }
        },
        "loc": {
          "start": { "line": 166, "column": 32 },
          "end": { "line": 194, "column": 1 }
        },
        "line": 166
      },
      "8": {
        "name": "(anonymous_8)",
        "decl": {
          "start": { "line": 192, "column": 21 },
          "end": { "line": 192, "column": 22 }
        },
        "loc": {
          "start": { "line": 192, "column": 37 },
          "end": { "line": 192, "column": 74 }
        },
        "line": 192
      },
      "9": {
        "name": "(anonymous_9)",
        "decl": {
          "start": { "line": 203, "column": 37 },
          "end": { "line": 203, "column": 38 }
        },
        "loc": {
          "start": { "line": 203, "column": 60 },
          "end": { "line": 214, "column": 1 }
        },
        "line": 203
      },
      "10": {
        "name": "(anonymous_10)",
        "decl": {
          "start": { "line": 223, "column": 37 },
          "end": { "line": 223, "column": 38 }
        },
        "loc": {
          "start": { "line": 223, "column": 60 },
          "end": { "line": 242, "column": 1 }
        },
        "line": 223
      }
    },
    "branchMap": {
      "0": {
        "loc": {
          "start": { "line": 35, "column": 2 },
          "end": { "line": 45, "column": 3 }
        },
        "type": "switch",
        "locations": [
          {
            "start": { "line": 36, "column": 4 },
            "end": { "line": 38, "column": 29 }
          },
          {
            "start": { "line": 39, "column": 4 },
            "end": { "line": 41, "column": 27 }
          },
          {
            "start": { "line": 42, "column": 4 },
            "end": { "line": 44, "column": 23 }
          }
        ],
        "line": 35
      },
      "1": {
        "loc": {
          "start": { "line": 62, "column": 11 },
          "end": { "line": 64, "column": 12 }
        },
        "type": "cond-expr",
        "locations": [
          {
            "start": { "line": 63, "column": 8 },
            "end": { "line": 63, "column": 25 }
          },
          {
            "start": { "line": 64, "column": 8 },
            "end": { "line": 64, "column": 12 }
          }
        ],
        "line": 62
      },
      "2": {
        "loc": {
          "start": { "line": 85, "column": 2 },
          "end": { "line": 88, "column": 3 }
        },
        "type": "if",
        "locations": [
          {
            "start": { "line": 85, "column": 2 },
            "end": { "line": 88, "column": 3 }
          },
          {
            "start": { "line": 85, "column": 2 },
            "end": { "line": 88, "column": 3 }
          }
        ],
        "line": 85
      },
      "3": {
        "loc": {
          "start": { "line": 125, "column": 2 },
          "end": { "line": 127, "column": 3 }
        },
        "type": "if",
        "locations": [
          {
            "start": { "line": 125, "column": 2 },
            "end": { "line": 127, "column": 3 }
          },
          {
            "start": { "line": 125, "column": 2 },
            "end": { "line": 127, "column": 3 }
          }
        ],
        "line": 125
      },
      "4": {
        "loc": {
          "start": { "line": 131, "column": 24 },
          "end": { "line": 135, "column": 5 }
        },
        "type": "cond-expr",
        "locations": [
          {
            "start": { "line": 132, "column": 6 },
            "end": { "line": 132, "column": 21 }
          },
          {
            "start": { "line": 133, "column": 6 },
            "end": { "line": 135, "column": 5 }
          }
        ],
        "line": 131
      },
      "5": {
        "loc": {
          "start": { "line": 136, "column": 19 },
          "end": { "line": 136, "column": 65 }
        },
        "type": "cond-expr",
        "locations": [
          {
            "start": { "line": 136, "column": 38 },
            "end": { "line": 136, "column": 52 }
          },
          {
            "start": { "line": 136, "column": 55 },
            "end": { "line": 136, "column": 65 }
          }
        ],
        "line": 136
      },
      "6": {
        "loc": {
          "start": { "line": 138, "column": 4 },
          "end": { "line": 138, "column": 54 }
        },
        "type": "cond-expr",
        "locations": [
          {
            "start": { "line": 138, "column": 23 },
            "end": { "line": 138, "column": 24 }
          },
          {
            "start": { "line": 138, "column": 27 },
            "end": { "line": 138, "column": 54 }
          }
        ],
        "line": 138
      },
      "7": {
        "loc": {
          "start": { "line": 139, "column": 4 },
          "end": { "line": 139, "column": 44 }
        },
        "type": "cond-expr",
        "locations": [
          {
            "start": { "line": 139, "column": 23 },
            "end": { "line": 139, "column": 24 }
          },
          {
            "start": { "line": 139, "column": 27 },
            "end": { "line": 139, "column": 44 }
          }
        ],
        "line": 139
      },
      "8": {
        "loc": {
          "start": { "line": 144, "column": 21 },
          "end": { "line": 144, "column": 59 }
        },
        "type": "cond-expr",
        "locations": [
          {
            "start": { "line": 144, "column": 37 },
            "end": { "line": 144, "column": 51 }
          },
          {
            "start": { "line": 144, "column": 54 },
            "end": { "line": 144, "column": 59 }
          }
        ],
        "line": 144
      },
      "9": {
        "loc": {
          "start": { "line": 145, "column": 20 },
          "end": { "line": 145, "column": 94 }
        },
        "type": "cond-expr",
        "locations": [
          {
            "start": { "line": 145, "column": 36 },
            "end": { "line": 145, "column": 86 }
          },
          {
            "start": { "line": 145, "column": 89 },
            "end": { "line": 145, "column": 94 }
          }
        ],
        "line": 145
      },
      "10": {
        "loc": {
          "start": { "line": 175, "column": 2 },
          "end": { "line": 177, "column": 3 }
        },
        "type": "if",
        "locations": [
          {
            "start": { "line": 175, "column": 2 },
            "end": { "line": 177, "column": 3 }
          },
          {
            "start": { "line": 175, "column": 2 },
            "end": { "line": 177, "column": 3 }
          }
        ],
        "line": 175
      },
      "11": {
        "loc": {
          "start": { "line": 192, "column": 37 },
          "end": { "line": 192, "column": 74 }
        },
        "type": "cond-expr",
        "locations": [
          {
            "start": { "line": 192, "column": 59 },
            "end": { "line": 192, "column": 67 }
          },
          {
            "start": { "line": 192, "column": 70 },
            "end": { "line": 192, "column": 74 }
          }
        ],
        "line": 192
      }
    },
    "s": {
      "0": 1,
      "1": 1,
      "2": 12,
      "3": 40,
      "4": 1,
      "5": 367,
      "6": 86,
      "7": 76,
      "8": 205,
      "9": 1,
      "10": 482,
      "11": 142,
      "12": 1,
      "13": 77,
      "14": 6,
      "15": 71,
      "16": 71,
      "17": 71,
      "18": 71,
      "19": 1,
      "20": 241,
      "21": 241,
      "22": 241,
      "23": 6,
      "24": 235,
      "25": 235,
      "26": 235,
      "27": 235,
      "28": 235,
      "29": 235,
      "30": 235,
      "31": 235,
      "32": 235,
      "33": 235,
      "34": 1,
      "35": 77,
      "36": 77,
      "37": 6,
      "38": 71,
      "39": 71,
      "40": 71,
      "41": 71,
      "42": 241,
      "43": 1,
      "44": 6,
      "45": 6,
      "46": 6,
      "47": 1,
      "48": 6,
      "49": 6,
      "50": 6,
      "51": 6
    },
    "f": {
      "0": 12,
      "1": 40,
      "2": 367,
      "3": 142,
      "4": 482,
      "5": 77,
      "6": 241,
      "7": 77,
      "8": 241,
      "9": 6,
      "10": 6
    },
    "b": {
      "0": [86, 76, 205],
      "1": [142, 340],
      "2": [6, 71],
      "3": [6, 235],
      "4": [10, 225],
      "5": [10, 225],
      "6": [10, 225],
      "7": [10, 225],
      "8": [71, 164],
      "9": [71, 164],
      "10": [6, 71],
      "11": [71, 170]
    },
    "_coverageSchema": "1a1c01bbd47fc00a2c39e90264f33305004495a9",
    "hash": "355b73295609ce446a69d0ef2ec8988dae1c70fd"
  },
  "/Users/fangqi-apple/Library/Mobile Documents/com~apple~CloudDocs/Documents/WebDev/javascript/src/algorithms/graph/articulation-points/articulationPoints.js": {
    "path": "/Users/fangqi-apple/Library/Mobile Documents/com~apple~CloudDocs/Documents/WebDev/javascript/src/algorithms/graph/articulation-points/articulationPoints.js",
    "statementMap": {
      "0": {
        "start": { "line": 8, "column": 4 },
        "end": { "line": 8, "column": 39 }
      },
      "1": {
        "start": { "line": 9, "column": 4 },
        "end": { "line": 9, "column": 45 }
      },
      "2": {
        "start": { "line": 12, "column": 4 },
        "end": { "line": 12, "column": 38 }
      },
      "3": {
        "start": { "line": 24, "column": 21 },
        "end": { "line": 24, "column": 23 }
      },
      "4": {
        "start": { "line": 27, "column": 32 },
        "end": { "line": 27, "column": 34 }
      },
      "5": {
        "start": { "line": 30, "column": 22 },
        "end": { "line": 30, "column": 23 }
      },
      "6": {
        "start": { "line": 33, "column": 22 },
        "end": { "line": 33, "column": 47 }
      },
      "7": {
        "start": { "line": 35, "column": 23 },
        "end": { "line": 107, "column": 3 }
      },
      "8": {
        "start": { "line": 42, "column": 6 },
        "end": { "line": 42, "column": 25 }
      },
      "9": {
        "start": { "line": 45, "column": 6 },
        "end": { "line": 48, "column": 9 }
      },
      "10": {
        "start": { "line": 50, "column": 6 },
        "end": { "line": 53, "column": 7 }
      },
      "11": {
        "start": { "line": 52, "column": 8 },
        "end": { "line": 52, "column": 74 }
      },
      "12": {
        "start": { "line": 60, "column": 6 },
        "end": { "line": 63, "column": 7 }
      },
      "13": {
        "start": { "line": 62, "column": 8 },
        "end": { "line": 62, "column": 15 }
      },
      "14": {
        "start": { "line": 68, "column": 6 },
        "end": { "line": 80, "column": 10 }
      },
      "15": {
        "start": { "line": 69, "column": 35 },
        "end": { "line": 69, "column": 85 }
      },
      "16": {
        "start": { "line": 76, "column": 36 },
        "end": { "line": 76, "column": 82 }
      },
      "17": {
        "start": { "line": 77, "column": 12 },
        "end": { "line": 77, "column": 97 }
      },
      "18": {
        "start": { "line": 86, "column": 6 },
        "end": { "line": 102, "column": 7 }
      },
      "19": {
        "start": { "line": 88, "column": 8 },
        "end": { "line": 90, "column": 9 }
      },
      "20": {
        "start": { "line": 89, "column": 10 },
        "end": { "line": 89, "column": 74 }
      },
      "21": {
        "start": { "line": 93, "column": 40 },
        "end": { "line": 93, "column": 91 }
      },
      "22": {
        "start": { "line": 98, "column": 36 },
        "end": { "line": 98, "column": 85 }
      },
      "23": {
        "start": { "line": 99, "column": 8 },
        "end": { "line": 101, "column": 9 }
      },
      "24": {
        "start": { "line": 100, "column": 10 },
        "end": { "line": 100, "column": 74 }
      },
      "25": {
        "start": { "line": 105, "column": 6 },
        "end": { "line": 105, "column": 46 }
      },
      "26": {
        "start": { "line": 110, "column": 2 },
        "end": { "line": 110, "column": 53 }
      },
      "27": {
        "start": { "line": 112, "column": 2 },
        "end": { "line": 112, "column": 31 }
      }
    },
    "fnMap": {
      "0": {
        "name": "(anonymous_0)",
        "decl": {
          "start": { "line": 7, "column": 2 },
          "end": { "line": 7, "column": 3 }
        },
        "loc": {
          "start": { "line": 7, "column": 51 },
          "end": { "line": 13, "column": 3 }
        },
        "line": 7
      },
      "1": {
        "name": "articulationPoints",
        "decl": {
          "start": { "line": 22, "column": 24 },
          "end": { "line": 22, "column": 42 }
        },
        "loc": {
          "start": { "line": 22, "column": 50 },
          "end": { "line": 113, "column": 1 }
        },
        "line": 22
      },
      "2": {
        "name": "(anonymous_2)",
        "decl": {
          "start": { "line": 40, "column": 17 },
          "end": { "line": 40, "column": 18 }
        },
        "loc": {
          "start": { "line": 40, "column": 56 },
          "end": { "line": 54, "column": 5 }
        },
        "line": 40
      },
      "3": {
        "name": "(anonymous_3)",
        "decl": {
          "start": { "line": 59, "column": 17 },
          "end": { "line": 59, "column": 18 }
        },
        "loc": {
          "start": { "line": 59, "column": 56 },
          "end": { "line": 103, "column": 5 }
        },
        "line": 59
      },
      "4": {
        "name": "(anonymous_4)",
        "decl": {
          "start": { "line": 69, "column": 16 },
          "end": { "line": 69, "column": 17 }
        },
        "loc": {
          "start": { "line": 69, "column": 35 },
          "end": { "line": 69, "column": 85 }
        },
        "line": 69
      },
      "5": {
        "name": "(anonymous_5)",
        "decl": {
          "start": { "line": 75, "column": 10 },
          "end": { "line": 75, "column": 11 }
        },
        "loc": {
          "start": { "line": 75, "column": 45 },
          "end": { "line": 78, "column": 11 }
        },
        "line": 75
      },
      "6": {
        "name": "(anonymous_6)",
        "decl": {
          "start": { "line": 104, "column": 20 },
          "end": { "line": 104, "column": 21 }
        },
        "loc": {
          "start": { "line": 104, "column": 40 },
          "end": { "line": 106, "column": 5 }
        },
        "line": 104
      }
    },
    "branchMap": {
      "0": {
        "loc": {
          "start": { "line": 50, "column": 6 },
          "end": { "line": 53, "column": 7 }
        },
        "type": "if",
        "locations": [
          {
            "start": { "line": 50, "column": 6 },
            "end": { "line": 53, "column": 7 }
          },
          {
            "start": { "line": 50, "column": 6 },
            "end": { "line": 53, "column": 7 }
          }
        ],
        "line": 50
      },
      "1": {
        "loc": {
          "start": { "line": 60, "column": 6 },
          "end": { "line": 63, "column": 7 }
        },
        "type": "if",
        "locations": [
          {
            "start": { "line": 60, "column": 6 },
            "end": { "line": 63, "column": 7 }
          },
          {
            "start": { "line": 60, "column": 6 },
            "end": { "line": 63, "column": 7 }
          }
        ],
        "line": 60
      },
      "2": {
        "loc": {
          "start": { "line": 77, "column": 19 },
          "end": { "line": 77, "column": 96 }
        },
        "type": "cond-expr",
        "locations": [
          {
            "start": { "line": 77, "column": 59 },
            "end": { "line": 77, "column": 74 }
          },
          {
            "start": { "line": 77, "column": 77 },
            "end": { "line": 77, "column": 96 }
          }
        ],
        "line": 77
      },
      "3": {
        "loc": {
          "start": { "line": 86, "column": 6 },
          "end": { "line": 102, "column": 7 }
        },
        "type": "if",
        "locations": [
          {
            "start": { "line": 86, "column": 6 },
            "end": { "line": 102, "column": 7 }
          },
          {
            "start": { "line": 86, "column": 6 },
            "end": { "line": 102, "column": 7 }
          }
        ],
        "line": 86
      },
      "4": {
        "loc": {
          "start": { "line": 88, "column": 8 },
          "end": { "line": 90, "column": 9 }
        },
        "type": "if",
        "locations": [
          {
            "start": { "line": 88, "column": 8 },
            "end": { "line": 90, "column": 9 }
          },
          {
            "start": { "line": 88, "column": 8 },
            "end": { "line": 90, "column": 9 }
          }
        ],
        "line": 88
      },
      "5": {
        "loc": {
          "start": { "line": 99, "column": 8 },
          "end": { "line": 101, "column": 9 }
        },
        "type": "if",
        "locations": [
          {
            "start": { "line": 99, "column": 8 },
            "end": { "line": 101, "column": 9 }
          },
          {
            "start": { "line": 99, "column": 8 },
            "end": { "line": 101, "column": 9 }
          }
        ],
        "line": 99
      }
    },
    "s": {
      "0": 41,
      "1": 41,
      "2": 41,
      "3": 7,
      "4": 7,
      "5": 7,
      "6": 7,
      "7": 7,
      "8": 41,
      "9": 41,
      "10": 41,
      "11": 34,
      "12": 41,
      "13": 7,
      "14": 34,
      "15": 73,
      "16": 39,
      "17": 39,
      "18": 34,
      "19": 8,
      "20": 1,
      "21": 26,
      "22": 26,
      "23": 26,
      "24": 15,
      "25": 86,
      "26": 7,
      "27": 7
    },
    "f": { "0": 41, "1": 7, "2": 41, "3": 41, "4": 73, "5": 39, "6": 86 },
    "b": {
      "0": [34, 7],
      "1": [7, 34],
      "2": [20, 19],
      "3": [8, 26],
      "4": [1, 7],
      "5": [15, 11]
    },
    "_coverageSchema": "1a1c01bbd47fc00a2c39e90264f33305004495a9",
    "hash": "c453a9a6d13c5ee6131d71292a00131e8928c8cb"
  },
  "/Users/fangqi-apple/Library/Mobile Documents/com~apple~CloudDocs/Documents/WebDev/javascript/src/algorithms/graph/bellman-ford/bellmanFord.js": {
    "path": "/Users/fangqi-apple/Library/Mobile Documents/com~apple~CloudDocs/Documents/WebDev/javascript/src/algorithms/graph/bellman-ford/bellmanFord.js",
    "statementMap": {
      "0": {
        "start": { "line": 7, "column": 20 },
        "end": { "line": 7, "column": 22 }
      },
      "1": {
        "start": { "line": 8, "column": 27 },
        "end": { "line": 8, "column": 29 }
      },
      "2": {
        "start": { "line": 12, "column": 2 },
        "end": { "line": 12, "column": 38 }
      },
      "3": {
        "start": { "line": 13, "column": 2 },
        "end": { "line": 18, "column": 5 }
      },
      "4": {
        "start": { "line": 14, "column": 4 },
        "end": { "line": 14, "column": 45 }
      },
      "5": {
        "start": { "line": 15, "column": 4 },
        "end": { "line": 17, "column": 5 }
      },
      "6": {
        "start": { "line": 16, "column": 6 },
        "end": { "line": 16, "column": 44 }
      },
      "7": {
        "start": { "line": 21, "column": 2 },
        "end": { "line": 39, "column": 3 }
      },
      "8": {
        "start": { "line": 21, "column": 23 },
        "end": { "line": 21, "column": 24 }
      },
      "9": {
        "start": { "line": 23, "column": 4 },
        "end": { "line": 38, "column": 7 }
      },
      "10": {
        "start": { "line": 24, "column": 21 },
        "end": { "line": 24, "column": 52 }
      },
      "11": {
        "start": { "line": 27, "column": 6 },
        "end": { "line": 37, "column": 9 }
      },
      "12": {
        "start": { "line": 28, "column": 21 },
        "end": { "line": 28, "column": 53 }
      },
      "13": {
        "start": { "line": 31, "column": 33 },
        "end": { "line": 31, "column": 59 }
      },
      "14": {
        "start": { "line": 32, "column": 35 },
        "end": { "line": 32, "column": 65 }
      },
      "15": {
        "start": { "line": 33, "column": 8 },
        "end": { "line": 36, "column": 9 }
      },
      "16": {
        "start": { "line": 34, "column": 10 },
        "end": { "line": 34, "column": 60 }
      },
      "17": {
        "start": { "line": 35, "column": 10 },
        "end": { "line": 35, "column": 55 }
      },
      "18": {
        "start": { "line": 41, "column": 2 },
        "end": { "line": 44, "column": 4 }
      }
    },
    "fnMap": {
      "0": {
        "name": "bellmanFord",
        "decl": {
          "start": { "line": 6, "column": 24 },
          "end": { "line": 6, "column": 35 }
        },
        "loc": {
          "start": { "line": 6, "column": 56 },
          "end": { "line": 45, "column": 1 }
        },
        "line": 6
      },
      "1": {
        "name": "(anonymous_1)",
        "decl": {
          "start": { "line": 13, "column": 33 },
          "end": { "line": 13, "column": 34 }
        },
        "loc": {
          "start": { "line": 13, "column": 45 },
          "end": { "line": 18, "column": 3 }
        },
        "line": 13
      },
      "2": {
        "name": "(anonymous_2)",
        "decl": {
          "start": { "line": 23, "column": 35 },
          "end": { "line": 23, "column": 36 }
        },
        "loc": {
          "start": { "line": 23, "column": 50 },
          "end": { "line": 38, "column": 5 }
        },
        "line": 23
      },
      "3": {
        "name": "(anonymous_3)",
        "decl": {
          "start": { "line": 27, "column": 41 },
          "end": { "line": 27, "column": 42 }
        },
        "loc": {
          "start": { "line": 27, "column": 55 },
          "end": { "line": 37, "column": 7 }
        },
        "line": 27
      }
    },
    "branchMap": {
      "0": {
        "loc": {
          "start": { "line": 15, "column": 4 },
          "end": { "line": 17, "column": 5 }
        },
        "type": "if",
        "locations": [
          {
            "start": { "line": 15, "column": 4 },
            "end": { "line": 17, "column": 5 }
          },
          {
            "start": { "line": 15, "column": 4 },
            "end": { "line": 17, "column": 5 }
          }
        ],
        "line": 15
      },
      "1": {
        "loc": {
          "start": { "line": 33, "column": 8 },
          "end": { "line": 36, "column": 9 }
        },
        "type": "if",
        "locations": [
          {
            "start": { "line": 33, "column": 8 },
            "end": { "line": 36, "column": 9 }
          },
          {
            "start": { "line": 33, "column": 8 },
            "end": { "line": 36, "column": 9 }
          }
        ],
        "line": 33
      }
    },
    "s": {
      "0": 2,
      "1": 2,
      "2": 2,
      "3": 2,
      "4": 15,
      "5": 15,
      "6": 13,
      "7": 2,
      "8": 2,
      "9": 13,
      "10": 98,
      "11": 98,
      "12": 216,
      "13": 216,
      "14": 216,
      "15": 216,
      "16": 15,
      "17": 15,
      "18": 2
    },
    "f": { "0": 2, "1": 15, "2": 98, "3": 216 },
    "b": { "0": [13, 2], "1": [15, 201] },
    "_coverageSchema": "1a1c01bbd47fc00a2c39e90264f33305004495a9",
    "hash": "b1da21ac47f680123952c6ce8372f2884f94013a"
  },
  "/Users/fangqi-apple/Library/Mobile Documents/com~apple~CloudDocs/Documents/WebDev/javascript/src/algorithms/graph/breadth-first-search/breadthFirstSearch.js": {
    "path": "/Users/fangqi-apple/Library/Mobile Documents/com~apple~CloudDocs/Documents/WebDev/javascript/src/algorithms/graph/breadth-first-search/breadthFirstSearch.js",
    "statementMap": {
      "0": {
        "start": { "line": 20, "column": 28 },
        "end": { "line": 20, "column": 37 }
      },
      "1": {
        "start": { "line": 22, "column": 23 },
        "end": { "line": 22, "column": 31 }
      },
      "2": {
        "start": { "line": 24, "column": 33 },
        "end": { "line": 35, "column": 5 }
      },
      "3": {
        "start": { "line": 26, "column": 19 },
        "end": { "line": 26, "column": 21 }
      },
      "4": {
        "start": { "line": 27, "column": 6 },
        "end": { "line": 33, "column": 8 }
      },
      "5": {
        "start": { "line": 28, "column": 8 },
        "end": { "line": 31, "column": 9 }
      },
      "6": {
        "start": { "line": 29, "column": 10 },
        "end": { "line": 29, "column": 43 }
      },
      "7": {
        "start": { "line": 30, "column": 10 },
        "end": { "line": 30, "column": 22 }
      },
      "8": {
        "start": { "line": 32, "column": 8 },
        "end": { "line": 32, "column": 21 }
      },
      "9": {
        "start": { "line": 37, "column": 2 },
        "end": { "line": 37, "column": 88 }
      },
      "10": {
        "start": { "line": 38, "column": 2 },
        "end": { "line": 38, "column": 72 }
      },
      "11": {
        "start": { "line": 39, "column": 2 },
        "end": { "line": 39, "column": 72 }
      },
      "12": {
        "start": { "line": 41, "column": 2 },
        "end": { "line": 41, "column": 27 }
      },
      "13": {
        "start": { "line": 50, "column": 20 },
        "end": { "line": 50, "column": 52 }
      },
      "14": {
        "start": { "line": 51, "column": 22 },
        "end": { "line": 51, "column": 33 }
      },
      "15": {
        "start": { "line": 54, "column": 2 },
        "end": { "line": 54, "column": 35 }
      },
      "16": {
        "start": { "line": 56, "column": 23 },
        "end": { "line": 56, "column": 27 }
      },
      "17": {
        "start": { "line": 59, "column": 2 },
        "end": { "line": 74, "column": 3 }
      },
      "18": {
        "start": { "line": 60, "column": 26 },
        "end": { "line": 60, "column": 47 }
      },
      "19": {
        "start": { "line": 61, "column": 4 },
        "end": { "line": 61, "column": 61 }
      },
      "20": {
        "start": { "line": 64, "column": 4 },
        "end": { "line": 68, "column": 7 }
      },
      "21": {
        "start": { "line": 65, "column": 6 },
        "end": { "line": 67, "column": 7 }
      },
      "22": {
        "start": { "line": 66, "column": 8 },
        "end": { "line": 66, "column": 40 }
      },
      "23": {
        "start": { "line": 70, "column": 4 },
        "end": { "line": 70, "column": 61 }
      },
      "24": {
        "start": { "line": 73, "column": 4 },
        "end": { "line": 73, "column": 35 }
      }
    },
    "fnMap": {
      "0": {
        "name": "initCallbacks",
        "decl": {
          "start": { "line": 19, "column": 9 },
          "end": { "line": 19, "column": 22 }
        },
        "loc": {
          "start": { "line": 19, "column": 39 },
          "end": { "line": 42, "column": 1 }
        },
        "line": 19
      },
      "1": {
        "name": "(anonymous_1)",
        "decl": {
          "start": { "line": 22, "column": 23 },
          "end": { "line": 22, "column": 24 }
        },
        "loc": {
          "start": { "line": 22, "column": 29 },
          "end": { "line": 22, "column": 31 }
        },
        "line": 22
      },
      "2": {
        "name": "(anonymous_2)",
        "decl": {
          "start": { "line": 25, "column": 4 },
          "end": { "line": 25, "column": 5 }
        },
        "loc": {
          "start": { "line": 25, "column": 10 },
          "end": { "line": 34, "column": 5 }
        },
        "line": 25
      },
      "3": {
        "name": "(anonymous_3)",
        "decl": {
          "start": { "line": 27, "column": 13 },
          "end": { "line": 27, "column": 14 }
        },
        "loc": {
          "start": { "line": 27, "column": 33 },
          "end": { "line": 33, "column": 7 }
        },
        "line": 27
      },
      "4": {
        "name": "breadthFirstSearch",
        "decl": {
          "start": { "line": 49, "column": 24 },
          "end": { "line": 49, "column": 42 }
        },
        "loc": {
          "start": { "line": 49, "column": 82 },
          "end": { "line": 75, "column": 1 }
        },
        "line": 49
      },
      "5": {
        "name": "(anonymous_5)",
        "decl": {
          "start": { "line": 64, "column": 46 },
          "end": { "line": 64, "column": 47 }
        },
        "loc": {
          "start": { "line": 64, "column": 62 },
          "end": { "line": 68, "column": 5 }
        },
        "line": 64
      }
    },
    "branchMap": {
      "0": {
        "loc": {
          "start": { "line": 19, "column": 23 },
          "end": { "line": 19, "column": 37 }
        },
        "type": "default-arg",
        "locations": [
          {
            "start": { "line": 19, "column": 35 },
            "end": { "line": 19, "column": 37 }
          }
        ],
        "line": 19
      },
      "1": {
        "loc": {
          "start": { "line": 28, "column": 8 },
          "end": { "line": 31, "column": 9 }
        },
        "type": "if",
        "locations": [
          {
            "start": { "line": 28, "column": 8 },
            "end": { "line": 31, "column": 9 }
          },
          {
            "start": { "line": 28, "column": 8 },
            "end": { "line": 31, "column": 9 }
          }
        ],
        "line": 28
      },
      "2": {
        "loc": {
          "start": { "line": 37, "column": 37 },
          "end": { "line": 37, "column": 87 }
        },
        "type": "binary-expr",
        "locations": [
          {
            "start": { "line": 37, "column": 37 },
            "end": { "line": 37, "column": 61 }
          },
          {
            "start": { "line": 37, "column": 65 },
            "end": { "line": 37, "column": 87 }
          }
        ],
        "line": 37
      },
      "3": {
        "loc": {
          "start": { "line": 38, "column": 34 },
          "end": { "line": 38, "column": 71 }
        },
        "type": "binary-expr",
        "locations": [
          {
            "start": { "line": 38, "column": 34 },
            "end": { "line": 38, "column": 55 }
          },
          {
            "start": { "line": 38, "column": 59 },
            "end": { "line": 38, "column": 71 }
          }
        ],
        "line": 38
      },
      "4": {
        "loc": {
          "start": { "line": 39, "column": 34 },
          "end": { "line": 39, "column": 71 }
        },
        "type": "binary-expr",
        "locations": [
          {
            "start": { "line": 39, "column": 34 },
            "end": { "line": 39, "column": 55 }
          },
          {
            "start": { "line": 39, "column": 59 },
            "end": { "line": 39, "column": 71 }
          }
        ],
        "line": 39
      },
      "5": {
        "loc": {
          "start": { "line": 65, "column": 6 },
          "end": { "line": 67, "column": 7 }
        },
        "type": "if",
        "locations": [
          {
            "start": { "line": 65, "column": 6 },
            "end": { "line": 67, "column": 7 }
          },
          {
            "start": { "line": 65, "column": 6 },
            "end": { "line": 67, "column": 7 }
          }
        ],
        "line": 65
      }
    },
    "s": {
      "0": 3,
      "1": 3,
      "2": 3,
      "3": 3,
      "4": 3,
      "5": 18,
      "6": 14,
      "7": 14,
      "8": 4,
      "9": 3,
      "10": 3,
      "11": 3,
      "12": 3,
      "13": 3,
      "14": 3,
      "15": 3,
      "16": 3,
      "17": 3,
      "18": 23,
      "19": 23,
      "20": 23,
      "21": 25,
      "22": 20,
      "23": 23,
      "24": 23
    },
    "f": { "0": 3, "1": 16, "2": 3, "3": 18, "4": 3, "5": 25 },
    "b": {
      "0": [1],
      "1": [14, 4],
      "2": [3, 2],
      "3": [3, 1],
      "4": [3, 1],
      "5": [20, 5]
    },
    "_coverageSchema": "1a1c01bbd47fc00a2c39e90264f33305004495a9",
    "hash": "3e11328c71490ea832c2ee8c5556fa2c703c22f9"
  },
  "/Users/fangqi-apple/Library/Mobile Documents/com~apple~CloudDocs/Documents/WebDev/javascript/src/algorithms/graph/bridges/graphBridges.js": {
    "path": "/Users/fangqi-apple/Library/Mobile Documents/com~apple~CloudDocs/Documents/WebDev/javascript/src/algorithms/graph/bridges/graphBridges.js",
    "statementMap": {
      "0": {
        "start": { "line": 8, "column": 4 },
        "end": { "line": 8, "column": 39 }
      },
      "1": {
        "start": { "line": 9, "column": 4 },
        "end": { "line": 9, "column": 45 }
      },
      "2": {
        "start": { "line": 19, "column": 21 },
        "end": { "line": 19, "column": 23 }
      },
      "3": {
        "start": { "line": 22, "column": 18 },
        "end": { "line": 22, "column": 20 }
      },
      "4": {
        "start": { "line": 25, "column": 22 },
        "end": { "line": 25, "column": 23 }
      },
      "5": {
        "start": { "line": 28, "column": 22 },
        "end": { "line": 28, "column": 47 }
      },
      "6": {
        "start": { "line": 30, "column": 23 },
        "end": { "line": 89, "column": 3 }
      },
      "7": {
        "start": { "line": 36, "column": 6 },
        "end": { "line": 36, "column": 25 }
      },
      "8": {
        "start": { "line": 39, "column": 6 },
        "end": { "line": 42, "column": 9 }
      },
      "9": {
        "start": { "line": 49, "column": 6 },
        "end": { "line": 52, "column": 7 }
      },
      "10": {
        "start": { "line": 51, "column": 8 },
        "end": { "line": 51, "column": 15 }
      },
      "11": {
        "start": { "line": 55, "column": 6 },
        "end": { "line": 67, "column": 10 }
      },
      "12": {
        "start": { "line": 56, "column": 35 },
        "end": { "line": 56, "column": 85 }
      },
      "13": {
        "start": { "line": 63, "column": 36 },
        "end": { "line": 63, "column": 82 }
      },
      "14": {
        "start": { "line": 64, "column": 12 },
        "end": { "line": 64, "column": 97 }
      },
      "15": {
        "start": { "line": 71, "column": 38 },
        "end": { "line": 71, "column": 89 }
      },
      "16": {
        "start": { "line": 72, "column": 39 },
        "end": { "line": 72, "column": 91 }
      },
      "17": {
        "start": { "line": 73, "column": 6 },
        "end": { "line": 75, "column": 7 }
      },
      "18": {
        "start": { "line": 74, "column": 8 },
        "end": { "line": 74, "column": 87 }
      },
      "19": {
        "start": { "line": 80, "column": 34 },
        "end": { "line": 80, "column": 83 }
      },
      "20": {
        "start": { "line": 81, "column": 6 },
        "end": { "line": 84, "column": 7 }
      },
      "21": {
        "start": { "line": 82, "column": 23 },
        "end": { "line": 82, "column": 68 }
      },
      "22": {
        "start": { "line": 83, "column": 8 },
        "end": { "line": 83, "column": 42 }
      },
      "23": {
        "start": { "line": 87, "column": 6 },
        "end": { "line": 87, "column": 46 }
      },
      "24": {
        "start": { "line": 92, "column": 2 },
        "end": { "line": 92, "column": 53 }
      },
      "25": {
        "start": { "line": 94, "column": 2 },
        "end": { "line": 94, "column": 17 }
      }
    },
    "fnMap": {
      "0": {
        "name": "(anonymous_0)",
        "decl": {
          "start": { "line": 7, "column": 2 },
          "end": { "line": 7, "column": 3 }
        },
        "loc": {
          "start": { "line": 7, "column": 51 },
          "end": { "line": 10, "column": 3 }
        },
        "line": 7
      },
      "1": {
        "name": "graphBridges",
        "decl": {
          "start": { "line": 17, "column": 24 },
          "end": { "line": 17, "column": 36 }
        },
        "loc": {
          "start": { "line": 17, "column": 44 },
          "end": { "line": 95, "column": 1 }
        },
        "line": 17
      },
      "2": {
        "name": "(anonymous_2)",
        "decl": {
          "start": { "line": 34, "column": 17 },
          "end": { "line": 34, "column": 18 }
        },
        "loc": {
          "start": { "line": 34, "column": 40 },
          "end": { "line": 43, "column": 5 }
        },
        "line": 34
      },
      "3": {
        "name": "(anonymous_3)",
        "decl": {
          "start": { "line": 48, "column": 17 },
          "end": { "line": 48, "column": 18 }
        },
        "loc": {
          "start": { "line": 48, "column": 56 },
          "end": { "line": 85, "column": 5 }
        },
        "line": 48
      },
      "4": {
        "name": "(anonymous_4)",
        "decl": {
          "start": { "line": 56, "column": 16 },
          "end": { "line": 56, "column": 17 }
        },
        "loc": {
          "start": { "line": 56, "column": 35 },
          "end": { "line": 56, "column": 85 }
        },
        "line": 56
      },
      "5": {
        "name": "(anonymous_5)",
        "decl": {
          "start": { "line": 62, "column": 10 },
          "end": { "line": 62, "column": 11 }
        },
        "loc": {
          "start": { "line": 62, "column": 45 },
          "end": { "line": 65, "column": 11 }
        },
        "line": 62
      },
      "6": {
        "name": "(anonymous_6)",
        "decl": {
          "start": { "line": 86, "column": 20 },
          "end": { "line": 86, "column": 21 }
        },
        "loc": {
          "start": { "line": 86, "column": 40 },
          "end": { "line": 88, "column": 5 }
        },
        "line": 86
      }
    },
    "branchMap": {
      "0": {
        "loc": {
          "start": { "line": 49, "column": 6 },
          "end": { "line": 52, "column": 7 }
        },
        "type": "if",
        "locations": [
          {
            "start": { "line": 49, "column": 6 },
            "end": { "line": 52, "column": 7 }
          },
          {
            "start": { "line": 49, "column": 6 },
            "end": { "line": 52, "column": 7 }
          }
        ],
        "line": 49
      },
      "1": {
        "loc": {
          "start": { "line": 64, "column": 19 },
          "end": { "line": 64, "column": 96 }
        },
        "type": "cond-expr",
        "locations": [
          {
            "start": { "line": 64, "column": 59 },
            "end": { "line": 64, "column": 74 }
          },
          {
            "start": { "line": 64, "column": 77 },
            "end": { "line": 64, "column": 96 }
          }
        ],
        "line": 64
      },
      "2": {
        "loc": {
          "start": { "line": 73, "column": 6 },
          "end": { "line": 75, "column": 7 }
        },
        "type": "if",
        "locations": [
          {
            "start": { "line": 73, "column": 6 },
            "end": { "line": 75, "column": 7 }
          },
          {
            "start": { "line": 73, "column": 6 },
            "end": { "line": 75, "column": 7 }
          }
        ],
        "line": 73
      },
      "3": {
        "loc": {
          "start": { "line": 81, "column": 6 },
          "end": { "line": 84, "column": 7 }
        },
        "type": "if",
        "locations": [
          {
            "start": { "line": 81, "column": 6 },
            "end": { "line": 84, "column": 7 }
          },
          {
            "start": { "line": 81, "column": 6 },
            "end": { "line": 84, "column": 7 }
          }
        ],
        "line": 81
      }
    },
    "s": {
      "0": 110,
      "1": 110,
      "2": 25,
      "3": 25,
      "4": 25,
      "5": 25,
      "6": 25,
      "7": 110,
      "8": 110,
      "9": 110,
      "10": 25,
      "11": 85,
      "12": 180,
      "13": 93,
      "14": 93,
      "15": 85,
      "16": 85,
      "17": 85,
      "18": 28,
      "19": 85,
      "20": 85,
      "21": 35,
      "22": 35,
      "23": 220,
      "24": 25,
      "25": 25
    },
    "f": { "0": 110, "1": 25, "2": 110, "3": 110, "4": 180, "5": 93, "6": 220 },
    "b": { "0": [25, 85], "1": [23, 70], "2": [28, 57], "3": [35, 50] },
    "_coverageSchema": "1a1c01bbd47fc00a2c39e90264f33305004495a9",
    "hash": "6be48a24d2187e892e7303749ab897adbdc54c06"
  },
  "/Users/fangqi-apple/Library/Mobile Documents/com~apple~CloudDocs/Documents/WebDev/javascript/src/algorithms/graph/depth-first-search/depthFirstSearch.js": {
    "path": "/Users/fangqi-apple/Library/Mobile Documents/com~apple~CloudDocs/Documents/WebDev/javascript/src/algorithms/graph/depth-first-search/depthFirstSearch.js",
    "statementMap": {
      "0": {
        "start": { "line": 18, "column": 28 },
        "end": { "line": 18, "column": 37 }
      },
      "1": {
        "start": { "line": 20, "column": 23 },
        "end": { "line": 20, "column": 31 }
      },
      "2": {
        "start": { "line": 22, "column": 33 },
        "end": { "line": 33, "column": 5 }
      },
      "3": {
        "start": { "line": 24, "column": 19 },
        "end": { "line": 24, "column": 21 }
      },
      "4": {
        "start": { "line": 25, "column": 6 },
        "end": { "line": 31, "column": 8 }
      },
      "5": {
        "start": { "line": 26, "column": 8 },
        "end": { "line": 29, "column": 9 }
      },
      "6": {
        "start": { "line": 27, "column": 10 },
        "end": { "line": 27, "column": 43 }
      },
      "7": {
        "start": { "line": 28, "column": 10 },
        "end": { "line": 28, "column": 22 }
      },
      "8": {
        "start": { "line": 30, "column": 8 },
        "end": { "line": 30, "column": 21 }
      },
      "9": {
        "start": { "line": 35, "column": 2 },
        "end": { "line": 35, "column": 88 }
      },
      "10": {
        "start": { "line": 36, "column": 2 },
        "end": { "line": 36, "column": 72 }
      },
      "11": {
        "start": { "line": 37, "column": 2 },
        "end": { "line": 37, "column": 72 }
      },
      "12": {
        "start": { "line": 39, "column": 2 },
        "end": { "line": 39, "column": 27 }
      },
      "13": {
        "start": { "line": 49, "column": 2 },
        "end": { "line": 49, "column": 59 }
      },
      "14": {
        "start": { "line": 51, "column": 2 },
        "end": { "line": 55, "column": 5 }
      },
      "15": {
        "start": { "line": 52, "column": 4 },
        "end": { "line": 54, "column": 5 }
      },
      "16": {
        "start": { "line": 53, "column": 6 },
        "end": { "line": 53, "column": 77 }
      },
      "17": {
        "start": { "line": 57, "column": 2 },
        "end": { "line": 57, "column": 59 }
      },
      "18": {
        "start": { "line": 66, "column": 25 },
        "end": { "line": 66, "column": 29 }
      },
      "19": {
        "start": { "line": 67, "column": 2 },
        "end": { "line": 67, "column": 90 }
      }
    },
    "fnMap": {
      "0": {
        "name": "initCallbacks",
        "decl": {
          "start": { "line": 17, "column": 9 },
          "end": { "line": 17, "column": 22 }
        },
        "loc": {
          "start": { "line": 17, "column": 39 },
          "end": { "line": 40, "column": 1 }
        },
        "line": 17
      },
      "1": {
        "name": "(anonymous_1)",
        "decl": {
          "start": { "line": 20, "column": 23 },
          "end": { "line": 20, "column": 24 }
        },
        "loc": {
          "start": { "line": 20, "column": 29 },
          "end": { "line": 20, "column": 31 }
        },
        "line": 20
      },
      "2": {
        "name": "(anonymous_2)",
        "decl": {
          "start": { "line": 23, "column": 4 },
          "end": { "line": 23, "column": 5 }
        },
        "loc": {
          "start": { "line": 23, "column": 10 },
          "end": { "line": 32, "column": 5 }
        },
        "line": 23
      },
      "3": {
        "name": "(anonymous_3)",
        "decl": {
          "start": { "line": 25, "column": 13 },
          "end": { "line": 25, "column": 14 }
        },
        "loc": {
          "start": { "line": 25, "column": 33 },
          "end": { "line": 31, "column": 7 }
        },
        "line": 25
      },
      "4": {
        "name": "depthFirstSearchRecursive",
        "decl": {
          "start": { "line": 48, "column": 9 },
          "end": { "line": 48, "column": 34 }
        },
        "loc": {
          "start": { "line": 48, "column": 84 },
          "end": { "line": 58, "column": 1 }
        },
        "line": 48
      },
      "5": {
        "name": "(anonymous_5)",
        "decl": {
          "start": { "line": 51, "column": 44 },
          "end": { "line": 51, "column": 45 }
        },
        "loc": {
          "start": { "line": 51, "column": 60 },
          "end": { "line": 55, "column": 3 }
        },
        "line": 51
      },
      "6": {
        "name": "depthFirstSearch",
        "decl": {
          "start": { "line": 65, "column": 24 },
          "end": { "line": 65, "column": 40 }
        },
        "loc": {
          "start": { "line": 65, "column": 72 },
          "end": { "line": 68, "column": 1 }
        },
        "line": 65
      }
    },
    "branchMap": {
      "0": {
        "loc": {
          "start": { "line": 17, "column": 23 },
          "end": { "line": 17, "column": 37 }
        },
        "type": "default-arg",
        "locations": [
          {
            "start": { "line": 17, "column": 35 },
            "end": { "line": 17, "column": 37 }
          }
        ],
        "line": 17
      },
      "1": {
        "loc": {
          "start": { "line": 26, "column": 8 },
          "end": { "line": 29, "column": 9 }
        },
        "type": "if",
        "locations": [
          {
            "start": { "line": 26, "column": 8 },
            "end": { "line": 29, "column": 9 }
          },
          {
            "start": { "line": 26, "column": 8 },
            "end": { "line": 29, "column": 9 }
          }
        ],
        "line": 26
      },
      "2": {
        "loc": {
          "start": { "line": 35, "column": 37 },
          "end": { "line": 35, "column": 87 }
        },
        "type": "binary-expr",
        "locations": [
          {
            "start": { "line": 35, "column": 37 },
            "end": { "line": 35, "column": 61 }
          },
          {
            "start": { "line": 35, "column": 65 },
            "end": { "line": 35, "column": 87 }
          }
        ],
        "line": 35
      },
      "3": {
        "loc": {
          "start": { "line": 36, "column": 34 },
          "end": { "line": 36, "column": 71 }
        },
        "type": "binary-expr",
        "locations": [
          {
            "start": { "line": 36, "column": 34 },
            "end": { "line": 36, "column": 55 }
          },
          {
            "start": { "line": 36, "column": 59 },
            "end": { "line": 36, "column": 71 }
          }
        ],
        "line": 36
      },
      "4": {
        "loc": {
          "start": { "line": 37, "column": 34 },
          "end": { "line": 37, "column": 71 }
        },
        "type": "binary-expr",
        "locations": [
          {
            "start": { "line": 37, "column": 34 },
            "end": { "line": 37, "column": 55 }
          },
          {
            "start": { "line": 37, "column": 59 },
            "end": { "line": 37, "column": 71 }
          }
        ],
        "line": 37
      },
      "5": {
        "loc": {
          "start": { "line": 52, "column": 4 },
          "end": { "line": 54, "column": 5 }
        },
        "type": "if",
        "locations": [
          {
            "start": { "line": 52, "column": 4 },
            "end": { "line": 54, "column": 5 }
          },
          {
            "start": { "line": 52, "column": 4 },
            "end": { "line": 54, "column": 5 }
          }
        ],
        "line": 52
      }
    },
    "s": {
      "0": 52,
      "1": 52,
      "2": 52,
      "3": 52,
      "4": 52,
      "5": 16,
      "6": 12,
      "7": 12,
      "8": 4,
      "9": 52,
      "10": 52,
      "11": 52,
      "12": 52,
      "13": 236,
      "14": 236,
      "15": 411,
      "16": 184,
      "17": 236,
      "18": 52,
      "19": 52
    },
    "f": { "0": 52, "1": 27, "2": 52, "3": 16, "4": 236, "5": 411, "6": 52 },
    "b": {
      "0": [1],
      "1": [12, 4],
      "2": [52, 2],
      "3": [52, 1],
      "4": [52, 3],
      "5": [184, 227]
    },
    "_coverageSchema": "1a1c01bbd47fc00a2c39e90264f33305004495a9",
    "hash": "51a9689da23b24031a13eebc88c9faaa03373676"
  },
  "/Users/fangqi-apple/Library/Mobile Documents/com~apple~CloudDocs/Documents/WebDev/javascript/src/algorithms/graph/detect-cycle/detectDirectedCycle.js": {
    "path": "/Users/fangqi-apple/Library/Mobile Documents/com~apple~CloudDocs/Documents/WebDev/javascript/src/algorithms/graph/detect-cycle/detectDirectedCycle.js",
    "statementMap": {
      "0": {
        "start": { "line": 9, "column": 14 },
        "end": { "line": 9, "column": 18 }
      },
      "1": {
        "start": { "line": 13, "column": 23 },
        "end": { "line": 13, "column": 25 }
      },
      "2": {
        "start": { "line": 16, "column": 19 },
        "end": { "line": 16, "column": 21 }
      },
      "3": {
        "start": { "line": 20, "column": 18 },
        "end": { "line": 20, "column": 20 }
      },
      "4": {
        "start": { "line": 24, "column": 19 },
        "end": { "line": 24, "column": 21 }
      },
      "5": {
        "start": { "line": 32, "column": 2 },
        "end": { "line": 34, "column": 5 }
      },
      "6": {
        "start": { "line": 33, "column": 4 },
        "end": { "line": 33, "column": 39 }
      },
      "7": {
        "start": { "line": 37, "column": 20 },
        "end": { "line": 80, "column": 3 }
      },
      "8": {
        "start": { "line": 39, "column": 6 },
        "end": { "line": 61, "column": 7 }
      },
      "9": {
        "start": { "line": 42, "column": 8 },
        "end": { "line": 42, "column": 19 }
      },
      "10": {
        "start": { "line": 44, "column": 33 },
        "end": { "line": 44, "column": 46 }
      },
      "11": {
        "start": { "line": 45, "column": 34 },
        "end": { "line": 45, "column": 48 }
      },
      "12": {
        "start": { "line": 47, "column": 8 },
        "end": { "line": 51, "column": 9 }
      },
      "13": {
        "start": { "line": 48, "column": 10 },
        "end": { "line": 48, "column": 67 }
      },
      "14": {
        "start": { "line": 49, "column": 10 },
        "end": { "line": 49, "column": 51 }
      },
      "15": {
        "start": { "line": 50, "column": 10 },
        "end": { "line": 50, "column": 75 }
      },
      "16": {
        "start": { "line": 53, "column": 8 },
        "end": { "line": 53, "column": 65 }
      },
      "17": {
        "start": { "line": 56, "column": 8 },
        "end": { "line": 56, "column": 56 }
      },
      "18": {
        "start": { "line": 57, "column": 8 },
        "end": { "line": 57, "column": 48 }
      },
      "19": {
        "start": { "line": 60, "column": 8 },
        "end": { "line": 60, "column": 62 }
      },
      "20": {
        "start": { "line": 66, "column": 6 },
        "end": { "line": 66, "column": 55 }
      },
      "21": {
        "start": { "line": 67, "column": 6 },
        "end": { "line": 67, "column": 45 }
      },
      "22": {
        "start": { "line": 72, "column": 6 },
        "end": { "line": 74, "column": 7 }
      },
      "23": {
        "start": { "line": 73, "column": 8 },
        "end": { "line": 73, "column": 21 }
      },
      "24": {
        "start": { "line": 78, "column": 6 },
        "end": { "line": 78, "column": 44 }
      },
      "25": {
        "start": { "line": 83, "column": 2 },
        "end": { "line": 90, "column": 3 }
      },
      "26": {
        "start": { "line": 85, "column": 26 },
        "end": { "line": 85, "column": 50 }
      },
      "27": {
        "start": { "line": 86, "column": 24 },
        "end": { "line": 86, "column": 47 }
      },
      "28": {
        "start": { "line": 89, "column": 4 },
        "end": { "line": 89, "column": 52 }
      },
      "29": {
        "start": { "line": 92, "column": 2 },
        "end": { "line": 92, "column": 15 }
      }
    },
    "fnMap": {
      "0": {
        "name": "detectDirectedCycle",
        "decl": {
          "start": { "line": 8, "column": 24 },
          "end": { "line": 8, "column": 43 }
        },
        "loc": {
          "start": { "line": 8, "column": 51 },
          "end": { "line": 93, "column": 1 }
        },
        "line": 8
      },
      "1": {
        "name": "(anonymous_1)",
        "decl": {
          "start": { "line": 32, "column": 33 },
          "end": { "line": 32, "column": 34 }
        },
        "loc": {
          "start": { "line": 32, "column": 45 },
          "end": { "line": 34, "column": 3 }
        },
        "line": 32
      },
      "2": {
        "name": "(anonymous_2)",
        "decl": {
          "start": { "line": 38, "column": 17 },
[...]
          }
        ],
        "line": 41
      },
      "3": {
        "loc": {
          "start": { "line": 50, "column": 6 },
          "end": { "line": 52, "column": 7 }
        },
        "type": "if",
        "locations": [
          {
            "start": { "line": 50, "column": 6 },
            "end": { "line": 52, "column": 7 }
          },
          {
            "start": { "line": 50, "column": 6 },
            "end": { "line": 52, "column": 7 }
          }
        ],
        "line": 50
      },
      "4": {
        "loc": {
          "start": { "line": 73, "column": 4 },
          "end": { "line": 75, "column": 5 }
        },
        "type": "if",
        "locations": [
          {
            "start": { "line": 73, "column": 4 },
            "end": { "line": 75, "column": 5 }
          },
          {
            "start": { "line": 73, "column": 4 },
            "end": { "line": 75, "column": 5 }
          }
        ],
        "line": 73
      },
      "5": {
        "loc": {
          "start": { "line": 89, "column": 11 },
          "end": { "line": 89, "column": 58 }
        },
        "type": "binary-expr",
        "locations": [
          {
            "start": { "line": 89, "column": 11 },
            "end": { "line": 89, "column": 26 }
          },
          {
            "start": { "line": 89, "column": 30 },
            "end": { "line": 89, "column": 58 }
          }
        ],
        "line": 89
      },
      "6": {
        "loc": {
          "start": { "line": 101, "column": 6 },
          "end": { "line": 103, "column": 7 }
        },
        "type": "if",
        "locations": [
          {
            "start": { "line": 101, "column": 6 },
            "end": { "line": 103, "column": 7 }
          },
          {
            "start": { "line": 101, "column": 6 },
            "end": { "line": 103, "column": 7 }
          }
        ],
        "line": 101
      }
    },
    "s": {
      "0": 1,
      "1": 5,
      "2": 15,
      "3": 15,
      "4": 15,
      "5": 15,
      "6": 62,
      "7": 62,
      "8": 15,
      "9": 5,
      "10": 25,
      "11": 4,
      "12": 21,
      "13": 21,
      "14": 21,
      "15": 1,
      "16": 20,
      "17": 20,
      "18": 4,
      "19": 20,
      "20": 5,
      "21": 5,
      "22": 3,
      "23": 3,
      "24": 1,
      "25": 2,
      "26": 25,
      "27": 25,
      "28": 28,
      "29": 28,
      "30": 28,
      "31": 28,
      "32": 95,
      "33": 6,
      "34": 89,
      "35": 22
    },
    "f": { "0": 5, "1": 15, "2": 5, "3": 25, "4": 3, "5": 25, "6": 28 },
    "b": {
      "0": [5],
      "1": [4, 21],
      "2": [1, 20],
      "3": [4, 16],
      "4": [1, 2],
      "5": [25, 20],
      "6": [6, 89]
    },
    "_coverageSchema": "1a1c01bbd47fc00a2c39e90264f33305004495a9",
    "hash": "79f78360a15ffc4e0f69cdb7a8f16136e52788c3"
  },
  "/Users/fangqi-apple/Library/Mobile Documents/com~apple~CloudDocs/Documents/WebDev/javascript/src/data-structures/trie/TrieNode.js": {
    "path": "/Users/fangqi-apple/Library/Mobile Documents/com~apple~CloudDocs/Documents/WebDev/javascript/src/data-structures/trie/TrieNode.js",
    "statementMap": {
      "0": {
        "start": { "line": 9, "column": 4 },
        "end": { "line": 9, "column": 31 }
      },
      "1": {
        "start": { "line": 10, "column": 4 },
        "end": { "line": 10, "column": 41 }
      },
      "2": {
        "start": { "line": 11, "column": 4 },
        "end": { "line": 11, "column": 36 }
      },
      "3": {
        "start": { "line": 19, "column": 4 },
        "end": { "line": 19, "column": 40 }
      },
      "4": {
        "start": { "line": 28, "column": 4 },
        "end": { "line": 30, "column": 5 }
      },
      "5": {
        "start": { "line": 29, "column": 6 },
        "end": { "line": 29, "column": 76 }
      },
      "6": {
        "start": { "line": 32, "column": 22 },
        "end": { "line": 32, "column": 50 }
      },
      "7": {
        "start": { "line": 35, "column": 4 },
        "end": { "line": 35, "column": 74 }
      },
      "8": {
        "start": { "line": 37, "column": 4 },
        "end": { "line": 37, "column": 21 }
      },
      "9": {
        "start": { "line": 45, "column": 22 },
        "end": { "line": 45, "column": 46 }
      },
      "10": {
        "start": { "line": 50, "column": 4 },
        "end": { "line": 56, "column": 5 }
      },
      "11": {
        "start": { "line": 55, "column": 6 },
        "end": { "line": 55, "column": 38 }
      },
      "12": {
        "start": { "line": 58, "column": 4 },
        "end": { "line": 58, "column": 16 }
      },
      "13": {
        "start": { "line": 66, "column": 4 },
        "end": { "line": 66, "column": 40 }
      },
      "14": {
        "start": { "line": 74, "column": 4 },
        "end": { "line": 74, "column": 48 }
      },
      "15": {
        "start": { "line": 81, "column": 4 },
        "end": { "line": 81, "column": 40 }
      },
      "16": {
        "start": { "line": 88, "column": 27 },
        "end": { "line": 88, "column": 60 }
      },
      "17": {
        "start": { "line": 89, "column": 4 },
        "end": { "line": 89, "column": 70 }
      },
      "18": {
        "start": { "line": 90, "column": 29 },
        "end": { "line": 90, "column": 59 }
      },
      "19": {
        "start": { "line": 92, "column": 4 },
        "end": { "line": 92, "column": 69 }
      }
    },
    "fnMap": {
      "0": {
        "name": "(anonymous_0)",
        "decl": {
          "start": { "line": 8, "column": 2 },
          "end": { "line": 8, "column": 3 }
        },
        "loc": {
          "start": { "line": 8, "column": 49 },
          "end": { "line": 12, "column": 3 }
        },
        "line": 8
      },
      "1": {
        "name": "(anonymous_1)",
        "decl": {
          "start": { "line": 18, "column": 2 },
          "end": { "line": 18, "column": 3 }
        },
        "loc": {
          "start": { "line": 18, "column": 22 },
          "end": { "line": 20, "column": 3 }
        },
        "line": 18
      },
      "2": {
        "name": "(anonymous_2)",
        "decl": {
          "start": { "line": 27, "column": 2 },
          "end": { "line": 27, "column": 3 }
        },
        "loc": {
          "start": { "line": 27, "column": 46 },
          "end": { "line": 38, "column": 3 }
        },
        "line": 27
      },
      "3": {
        "name": "(anonymous_3)",
        "decl": {
          "start": { "line": 44, "column": 2 },
          "end": { "line": 44, "column": 3 }
        },
        "loc": {
          "start": { "line": 44, "column": 25 },
          "end": { "line": 59, "column": 3 }
        },
        "line": 44
      },
      "4": {
        "name": "(anonymous_4)",
        "decl": {
          "start": { "line": 65, "column": 2 },
          "end": { "line": 65, "column": 3 }
        },
        "loc": {
          "start": { "line": 65, "column": 22 },
          "end": { "line": 67, "column": 3 }
        },
        "line": 65
      },
      "5": {
        "name": "(anonymous_5)",
        "decl": {
          "start": { "line": 73, "column": 2 },
          "end": { "line": 73, "column": 3 }
        },
        "loc": {
          "start": { "line": 73, "column": 16 },
          "end": { "line": 75, "column": 3 }
        },
        "line": 73
      },
      "6": {
        "name": "(anonymous_6)",
        "decl": {
          "start": { "line": 80, "column": 2 },
          "end": { "line": 80, "column": 3 }
        },
        "loc": {
          "start": { "line": 80, "column": 20 },
          "end": { "line": 82, "column": 3 }
        },
        "line": 80
      },
      "7": {
        "name": "(anonymous_7)",
        "decl": {
          "start": { "line": 87, "column": 2 },
          "end": { "line": 87, "column": 3 }
        },
        "loc": {
          "start": { "line": 87, "column": 13 },
          "end": { "line": 93, "column": 3 }
        },
        "line": 87
      }
    },
    "branchMap": {
      "0": {
        "loc": {
          "start": { "line": 8, "column": 25 },
          "end": { "line": 8, "column": 47 }
        },
        "type": "default-arg",
        "locations": [
          {
            "start": { "line": 8, "column": 42 },
            "end": { "line": 8, "column": 47 }
          }
        ],
        "line": 8
      },
      "1": {
        "loc": {
          "start": { "line": 27, "column": 22 },
          "end": { "line": 27, "column": 44 }
        },
        "type": "default-arg",
        "locations": [
          {
            "start": { "line": 27, "column": 39 },
            "end": { "line": 27, "column": 44 }
          }
        ],
        "line": 27
      },
      "2": {
        "loc": {
          "start": { "line": 28, "column": 4 },
          "end": { "line": 30, "column": 5 }
        },
        "type": "if",
        "locations": [
          {
            "start": { "line": 28, "column": 4 },
            "end": { "line": 30, "column": 5 }
          },
          {
            "start": { "line": 28, "column": 4 },
            "end": { "line": 30, "column": 5 }
          }
        ],
        "line": 28
      },
      "3": {
        "loc": {
          "start": { "line": 35, "column": 31 },
          "end": { "line": 35, "column": 73 }
        },
        "type": "binary-expr",
        "locations": [
          {
            "start": { "line": 35, "column": 31 },
            "end": { "line": 35, "column": 55 }
          },
          {
            "start": { "line": 35, "column": 59 },
            "end": { "line": 35, "column": 73 }
          }
        ],
        "line": 35
      },
      "4": {
        "loc": {
          "start": { "line": 50, "column": 4 },
          "end": { "line": 56, "column": 5 }
        },
        "type": "if",
        "locations": [
          {
            "start": { "line": 50, "column": 4 },
            "end": { "line": 56, "column": 5 }
          },
          {
            "start": { "line": 50, "column": 4 },
            "end": { "line": 56, "column": 5 }
          }
        ],
        "line": 50
      },
      "5": {
        "loc": {
          "start": { "line": 51, "column": 6 },
          "end": { "line": 53, "column": 33 }
        },
        "type": "binary-expr",
        "locations": [
          {
            "start": { "line": 51, "column": 6 },
            "end": { "line": 51, "column": 15 }
          },
          {
            "start": { "line": 52, "column": 9 },
            "end": { "line": 52, "column": 34 }
          },
          {
            "start": { "line": 53, "column": 9 },
            "end": { "line": 53, "column": 33 }
          }
        ],
        "line": 51
      },
      "6": {
        "loc": {
          "start": { "line": 89, "column": 23 },
          "end": { "line": 89, "column": 69 }
        },
        "type": "cond-expr",
        "locations": [
          {
            "start": { "line": 89, "column": 42 },
            "end": { "line": 89, "column": 64 }
          },
          {
            "start": { "line": 89, "column": 67 },
            "end": { "line": 89, "column": 69 }
          }
        ],
        "line": 89
      },
      "7": {
        "loc": {
          "start": { "line": 90, "column": 29 },
          "end": { "line": 90, "column": 59 }
        },
        "type": "cond-expr",
        "locations": [
          {
            "start": { "line": 90, "column": 51 },
            "end": { "line": 90, "column": 54 }
          },
          {
            "start": { "line": 90, "column": 57 },
            "end": { "line": 90, "column": 59 }
          }
        ],
        "line": 90
      }
    },
    "s": {
      "0": 62,
      "1": 62,
      "2": 62,
      "3": 145,
      "4": 75,
      "5": 48,
      "6": 75,
      "7": 75,
      "8": 75,
      "9": 23,
      "10": 23,
      "11": 9,
      "12": 23,
      "13": 102,
      "14": 22,
      "15": 14,
      "16": 11,
      "17": 11,
      "18": 11,
      "19": 11
    },
    "f": {
      "0": 62,
      "1": 145,
      "2": 75,
      "3": 23,
      "4": 102,
      "5": 22,
      "6": 14,
      "7": 11
    },
    "b": {
      "0": [13],
      "1": [11],
      "2": [48, 27],
      "3": [75, 57],
      "4": [9, 14],
      "5": [23, 23, 20],
      "6": [6, 5],
      "7": [2, 9]
    },
    "_coverageSchema": "1a1c01bbd47fc00a2c39e90264f33305004495a9",
    "hash": "decd1e766c76564b2f06da0ca59087a2e1acf57b"
  },
  "/Users/fangqi-apple/Library/Mobile Documents/com~apple~CloudDocs/Documents/WebDev/javascript/src/utils/comparator/Comparator.js": {
    "path": "/Users/fangqi-apple/Library/Mobile Documents/com~apple~CloudDocs/Documents/WebDev/javascript/src/utils/comparator/Comparator.js",
    "statementMap": {
      "0": {
        "start": { "line": 7, "column": 4 },
        "end": { "line": 7, "column": 72 }
      },
      "1": {
        "start": { "line": 17, "column": 4 },
        "end": { "line": 19, "column": 5 }
      },
      "2": {
        "start": { "line": 18, "column": 6 },
        "end": { "line": 18, "column": 15 }
      },
      "3": {
        "start": { "line": 21, "column": 4 },
        "end": { "line": 21, "column": 26 }
      },
      "4": {
        "start": { "line": 31, "column": 4 },
        "end": { "line": 31, "column": 36 }
      },
      "5": {
        "start": { "line": 41, "column": 4 },
        "end": { "line": 41, "column": 34 }
      },
      "6": {
        "start": { "line": 51, "column": 4 },
        "end": { "line": 51, "column": 34 }
      },
      "7": {
        "start": { "line": 61, "column": 4 },
        "end": { "line": 61, "column": 51 }
      },
      "8": {
        "start": { "line": 71, "column": 4 },
        "end": { "line": 71, "column": 54 }
      },
      "9": {
        "start": { "line": 78, "column": 28 },
        "end": { "line": 78, "column": 40 }
      },
      "10": {
        "start": { "line": 79, "column": 4 },
        "end": { "line": 79, "column": 51 }
      },
      "11": {
        "start": { "line": 79, "column": 29 },
        "end": { "line": 79, "column": 50 }
      }
    },
    "fnMap": {
      "0": {
        "name": "(anonymous_0)",
        "decl": {
          "start": { "line": 6, "column": 2 },
          "end": { "line": 6, "column": 3 }
        },
        "loc": {
          "start": { "line": 6, "column": 31 },
          "end": { "line": 8, "column": 3 }
        },
        "line": 6
      },
      "1": {
        "name": "(anonymous_1)",
        "decl": {
          "start": { "line": 16, "column": 2 },
          "end": { "line": 16, "column": 3 }
        },
        "loc": {
          "start": { "line": 16, "column": 38 },
          "end": { "line": 22, "column": 3 }
        },
        "line": 16
      },
      "2": {
        "name": "(anonymous_2)",
        "decl": {
          "start": { "line": 30, "column": 2 },
          "end": { "line": 30, "column": 3 }
        },
        "loc": {
          "start": { "line": 30, "column": 14 },
          "end": { "line": 32, "column": 3 }
        },
        "line": 30
      },
      "3": {
        "name": "(anonymous_3)",
        "decl": {
          "start": { "line": 40, "column": 2 },
          "end": { "line": 40, "column": 3 }
        },
        "loc": {
          "start": { "line": 40, "column": 17 },
          "end": { "line": 42, "column": 3 }
        },
        "line": 40
      },
      "4": {
        "name": "(anonymous_4)",
        "decl": {
          "start": { "line": 50, "column": 2 },
          "end": { "line": 50, "column": 3 }
        },
        "loc": {
          "start": { "line": 50, "column": 20 },
          "end": { "line": 52, "column": 3 }
        },
        "line": 50
      },
      "5": {
        "name": "(anonymous_5)",
        "decl": {
          "start": { "line": 60, "column": 2 },
          "end": { "line": 60, "column": 3 }
        },
        "loc": {
          "start": { "line": 60, "column": 24 },
          "end": { "line": 62, "column": 3 }
        },
        "line": 60
      },
      "6": {
        "name": "(anonymous_6)",
        "decl": {
          "start": { "line": 70, "column": 2 },
          "end": { "line": 70, "column": 3 }
        },
        "loc": {
          "start": { "line": 70, "column": 27 },
          "end": { "line": 72, "column": 3 }
        },
        "line": 70
      },
      "7": {
        "name": "(anonymous_7)",
        "decl": {
          "start": { "line": 77, "column": 2 },
          "end": { "line": 77, "column": 3 }
        },
        "loc": {
          "start": { "line": 77, "column": 12 },
          "end": { "line": 80, "column": 3 }
        },
        "line": 77
      },
      "8": {
        "name": "(anonymous_8)",
        "decl": {
          "start": { "line": 79, "column": 19 },
          "end": { "line": 79, "column": 20 }
        },
        "loc": {
          "start": { "line": 79, "column": 29 },
          "end": { "line": 79, "column": 50 }
        },
        "line": 79
      }
    },
    "branchMap": {
      "0": {
        "loc": {
          "start": { "line": 7, "column": 19 },
          "end": { "line": 7, "column": 71 }
        },
        "type": "binary-expr",
        "locations": [
          {
            "start": { "line": 7, "column": 19 },
            "end": { "line": 7, "column": 34 }
          },
          {
            "start": { "line": 7, "column": 38 },
            "end": { "line": 7, "column": 71 }
          }
        ],
        "line": 7
      },
      "1": {
        "loc": {
          "start": { "line": 17, "column": 4 },
          "end": { "line": 19, "column": 5 }
        },
        "type": "if",
        "locations": [
          {
            "start": { "line": 17, "column": 4 },
            "end": { "line": 19, "column": 5 }
          },
          {
            "start": { "line": 17, "column": 4 },
            "end": { "line": 19, "column": 5 }
          }
        ],
        "line": 17
      },
      "2": {
        "loc": {
          "start": { "line": 21, "column": 11 },
          "end": { "line": 21, "column": 25 }
        },
        "type": "cond-expr",
        "locations": [
          {
            "start": { "line": 21, "column": 19 },
            "end": { "line": 21, "column": 21 }
          },
          {
            "start": { "line": 21, "column": 24 },
            "end": { "line": 21, "column": 25 }
          }
        ],
        "line": 21
      },
      "3": {
        "loc": {
          "start": { "line": 61, "column": 11 },
          "end": { "line": 61, "column": 50 }
        },
        "type": "binary-expr",
        "locations": [
          {
            "start": { "line": 61, "column": 11 },
            "end": { "line": 61, "column": 30 }
          },
          {
            "start": { "line": 61, "column": 34 },
            "end": { "line": 61, "column": 50 }
          }
        ],
        "line": 61
      },
      "4": {
        "loc": {
          "start": { "line": 71, "column": 11 },
          "end": { "line": 71, "column": 53 }
        },
        "type": "binary-expr",
        "locations": [
          {
            "start": { "line": 71, "column": 11 },
            "end": { "line": 71, "column": 33 }
          },
          {
            "start": { "line": 71, "column": 37 },
            "end": { "line": 71, "column": 53 }
          }
        ],
        "line": 71
      }
    },
    "s": {
      "0": 12940,
      "1": 14523,
      "2": 2439,
      "3": 12084,
      "4": 4089,
      "5": 10729,
      "6": 612,
      "7": 1632,
      "8": 77,
      "9": 1,
      "10": 1,
      "11": 8
    },
    "f": {
      "0": 12940,
      "1": 14523,
      "2": 4089,
      "3": 10729,
      "4": 612,
      "5": 1632,
      "6": 77,
      "7": 1,
      "8": 8
    },
    "b": {
      "0": [12940, 12325],
      "1": [2439, 12084],
      "2": [4534, 7550],
      "3": [1632, 1140],
      "4": [77, 45]
    },
    "_coverageSchema": "1a1c01bbd47fc00a2c39e90264f33305004495a9",
    "hash": "fa220010c64ff621253d4536b9616ccf3ce9f58f"
  }
}
