TN:
SF:algorithms/cryptography/caesar-cipher/caesarCipher.js
FN:12,(anonymous_0)
FN:14,(anonymous_1)
FN:34,(anonymous_2)
FN:40,(anonymous_3)
FN:50,(anonymous_4)
FN:56,(anonymous_5)
FNF:6
FNH:6
FNDA:14,(anonymous_0)
FNDA:364,(anonymous_1)
FNDA:8,(anonymous_2)
FNDA:71,(anonymous_3)
FNDA:6,(anonymous_4)
FNDA:66,(anonymous_5)
DA:2,1
DA:12,1
DA:13,14
DA:15,364
DA:17,364
DA:20,364
DA:21,31
DA:23,364
DA:24,364
DA:34,1
DA:36,8
DA:37,8
DA:40,71
DA:50,1
DA:52,6
DA:53,6
DA:56,66
LF:17
LH:17
BRDA:20,0,0,31
BRDA:20,0,1,333
BRDA:34,1,0,8
BRDA:40,2,0,71
BRDA:40,2,1,9
BRDA:50,3,0,6
BRDA:56,4,0,66
BRDA:56,4,1,9
BRF:8
BRH:8
end_of_record
TN:
SF:algorithms/cryptography/polynomial-hash/PolynomialHash.js
FN:9,(anonymous_0)
FN:22,(anonymous_1)
FN:23,(anonymous_2)
FN:49,(anonymous_3)
FN:77,(anonymous_4)
FNF:5
FNH:5
FNDA:33,(anonymous_0)
FNDA:8767,(anonymous_1)
FNDA:107816,(anonymous_2)
FNDA:10851,(anonymous_3)
FNDA:129518,(anonymous_4)
DA:1,2
DA:2,2
DA:10,33
DA:11,33
DA:23,107816
DA:25,8767
DA:26,8767
DA:27,107816
DA:28,107816
DA:29,107816
DA:32,8767
DA:50,10851
DA:52,10851
DA:53,10851
DA:55,10851
DA:56,10851
DA:57,147092
DA:58,147092
DA:61,10851
DA:62,10851
DA:64,10851
DA:65,10851
DA:66,10851
DA:68,10851
DA:78,129518
DA:81,129518
DA:82,129518
DA:83,1
DA:84,1
DA:87,129518
LF:30
LH:30
BRDA:9,0,0,18
BRDA:9,1,0,19
BRDA:9,2,0,18
BRDA:82,3,0,1
BRDA:82,3,1,129517
BRF:5
BRH:5
end_of_record
TN:
SF:algorithms/cryptography/polynomial-hash/SimplePolynomialHash.js
FN:7,(anonymous_0)
FN:24,(anonymous_1)
FN:51,(anonymous_2)
FNF:3
FNH:3
FNDA:3,(anonymous_0)
FNDA:1518,(anonymous_1)
FNDA:1506,(anonymous_2)
DA:1,1
DA:8,3
DA:25,1518
DA:26,1518
DA:27,11314
DA:30,1518
DA:52,1506
DA:54,1506
DA:55,1506
DA:57,1506
DA:58,1506
DA:59,1506
DA:61,1506
LF:13
LH:13
BRDA:7,0,0,1
BRF:1
BRH:1
end_of_record
TN:
SF:algorithms/cryptography/rail-fence-cipher/railFenceCipher.js
FN:21,(anonymous_0)
FN:23,(anonymous_1)
FN:34,(anonymous_2)
FN:53,(anonymous_3)
FN:61,onEachRail
FN:79,(anonymous_5)
FN:118,(anonymous_6)
FN:166,(anonymous_7)
FN:192,(anonymous_8)
FN:203,(anonymous_9)
FN:223,(anonymous_10)
FNF:11
FNH:11
FNDA:12,(anonymous_0)
FNDA:40,(anonymous_1)
FNDA:367,(anonymous_2)
FNDA:142,(anonymous_3)
FNDA:482,onEachRail
FNDA:77,(anonymous_5)
FNDA:241,(anonymous_6)
FNDA:77,(anonymous_7)
FNDA:241,(anonymous_8)
FNDA:6,(anonymous_9)
FNDA:6,(anonymous_10)
DA:13,1
DA:21,12
DA:23,40
DA:34,1
DA:35,367
DA:38,86
DA:41,76
DA:44,205
DA:53,1
DA:62,482
DA:66,142
DA:79,1
DA:85,77
DA:87,6
DA:90,71
DA:93,71
DA:94,71
DA:100,71
DA:118,1
DA:121,241
DA:123,241
DA:125,241
DA:126,6
DA:129,235
DA:130,235
DA:131,235
DA:136,235
DA:137,235
DA:142,235
DA:143,235
DA:144,235
DA:145,235
DA:147,235
DA:166,1
DA:173,77
DA:175,77
DA:176,6
DA:179,71
DA:181,71
DA:182,71
DA:186,71
DA:192,241
DA:203,1
DA:204,6
DA:206,6
DA:213,6
DA:223,1
DA:224,6
DA:225,6
DA:226,6
DA:235,6
LF:51
LH:51
BRDA:35,0,0,86
BRDA:35,0,1,76
BRDA:35,0,2,205
BRDA:62,1,0,142
BRDA:62,1,1,340
BRDA:85,2,0,6
BRDA:85,2,1,71
BRDA:125,3,0,6
BRDA:125,3,1,235
BRDA:131,4,0,10
BRDA:131,4,1,225
BRDA:136,5,0,10
BRDA:136,5,1,225
BRDA:138,6,0,10
BRDA:138,6,1,225
BRDA:139,7,0,10
BRDA:139,7,1,225
BRDA:144,8,0,71
BRDA:144,8,1,164
BRDA:145,9,0,71
BRDA:145,9,1,164
BRDA:175,10,0,6
BRDA:175,10,1,71
BRDA:192,11,0,71
BRDA:192,11,1,170
BRF:25
BRH:25
end_of_record
TN:
SF:algorithms/graph/articulation-points/articulationPoints.js
FN:7,(anonymous_0)
FN:22,articulationPoints
FN:40,(anonymous_2)
FN:59,(anonymous_3)
FN:69,(anonymous_4)
FN:75,(anonymous_5)
FN:104,(anonymous_6)
FNF:7
FNH:7
FNDA:41,(anonymous_0)
FNDA:7,articulationPoints
FNDA:41,(anonymous_2)
FNDA:41,(anonymous_3)
FNDA:73,(anonymous_4)
FNDA:39,(anonymous_5)
FNDA:86,(anonymous_6)
DA:8,41
DA:9,41
DA:12,41
DA:24,7
DA:27,7
DA:30,7
DA:33,7
DA:35,7
DA:42,41
DA:45,41
DA:50,41
DA:52,34
DA:60,41
DA:62,7
DA:68,34
DA:69,73
DA:76,39
DA:77,39
DA:86,34
DA:88,8
DA:89,1
DA:93,26
DA:98,26
DA:99,26
DA:100,15
DA:105,86
DA:110,7
DA:112,7
LF:28
LH:28
BRDA:50,0,0,34
BRDA:50,0,1,7
BRDA:60,1,0,7
BRDA:60,1,1,34
BRDA:77,2,0,20
BRDA:77,2,1,19
BRDA:86,3,0,8
BRDA:86,3,1,26
BRDA:88,4,0,1
BRDA:88,4,1,7
BRDA:99,5,0,15
BRDA:99,5,1,11
BRF:12
BRH:12
end_of_record
TN:
SF:algorithms/graph/bellman-ford/bellmanFord.js
FN:6,bellmanFord
FN:13,(anonymous_1)
FN:23,(anonymous_2)
FN:27,(anonymous_3)
FNF:4
FNH:4
FNDA:2,bellmanFord
FNDA:15,(anonymous_1)
FNDA:98,(anonymous_2)
FNDA:216,(anonymous_3)
DA:7,2
DA:8,2
DA:12,2
DA:13,2
DA:14,15
DA:15,15
DA:16,13
DA:21,2
DA:23,13
DA:24,98
DA:27,98
DA:28,216
DA:31,216
DA:32,216
DA:33,216
DA:34,15
DA:35,15
DA:41,2
LF:18
LH:18
BRDA:15,0,0,13
BRDA:15,0,1,2
BRDA:33,1,0,15
BRDA:33,1,1,201
BRF:4
BRH:4
end_of_record
TN:
SF:algorithms/graph/breadth-first-search/breadthFirstSearch.js
FN:19,initCallbacks
FN:22,(anonymous_1)
FN:25,(anonymous_2)
FN:27,(anonymous_3)
FN:49,breadthFirstSearch
FN:64,(anonymous_5)
FNF:6
FNH:6
FNDA:3,initCallbacks
FNDA:16,(anonymous_1)
FNDA:3,(anonymous_2)
FNDA:18,(anonymous_3)
FNDA:3,breadthFirstSearch
FNDA:25,(anonymous_5)
DA:20,3
DA:22,3
DA:24,3
DA:26,3
DA:27,3
DA:28,18
DA:29,14
DA:30,14
DA:32,4
DA:37,3
DA:38,3
DA:39,3
DA:41,3
DA:50,3
DA:51,3
DA:54,3
DA:56,3
DA:59,3
DA:60,23
DA:61,23
DA:64,23
DA:65,25
DA:66,20
DA:70,23
DA:73,23
LF:25
LH:25
BRDA:19,0,0,1
BRDA:28,1,0,14
BRDA:28,1,1,4
BRDA:37,2,0,3
BRDA:37,2,1,2
BRDA:38,3,0,3
BRDA:38,3,1,1
BRDA:39,4,0,3
BRDA:39,4,1,1
BRDA:65,5,0,20
BRDA:65,5,1,5
BRF:11
BRH:11
end_of_record
TN:
SF:algorithms/graph/bridges/graphBridges.js
FN:7,(anonymous_0)
FN:17,graphBridges
FN:34,(anonymous_2)
FN:48,(anonymous_3)
FN:56,(anonymous_4)
FN:62,(anonymous_5)
FN:86,(anonymous_6)
FNF:7
FNH:7
FNDA:110,(anonymous_0)
FNDA:25,graphBridges
FNDA:110,(anonymous_2)
FNDA:110,(anonymous_3)
FNDA:180,(anonymous_4)
FNDA:93,(anonymous_5)
FNDA:220,(anonymous_6)
DA:8,110
DA:9,110
DA:19,25
DA:22,25
DA:25,25
DA:28,25
DA:30,25
DA:36,110
DA:39,110
DA:49,110
DA:51,25
DA:55,85
DA:56,180
DA:63,93
DA:64,93
DA:71,85
DA:72,85
DA:73,85
DA:74,28
DA:80,85
DA:81,85
DA:82,35
DA:83,35
DA:87,220
DA:92,25
DA:94,25
LF:26
LH:26
BRDA:49,0,0,25
BRDA:49,0,1,85
BRDA:64,1,0,23
BRDA:64,1,1,70
BRDA:73,2,0,28
BRDA:73,2,1,57
BRDA:81,3,0,35
BRDA:81,3,1,50
BRF:8
BRH:8
end_of_record
TN:
SF:algorithms/graph/depth-first-search/depthFirstSearch.js
FN:17,initCallbacks
FN:20,(anonymous_1)
FN:23,(anonymous_2)
FN:25,(anonymous_3)
FN:48,depthFirstSearchRecursive
FN:51,(anonymous_5)
FN:65,depthFirstSearch
FNF:7
FNH:7
FNDA:52,initCallbacks
FNDA:27,(anonymous_1)
FNDA:52,(anonymous_2)
FNDA:16,(anonymous_3)
FNDA:236,depthFirstSearchRecursive
FNDA:411,(anonymous_5)
FNDA:52,depthFirstSearch
DA:18,52
DA:20,52
DA:22,52
DA:24,52
DA:25,52
DA:26,16
DA:27,12
DA:28,12
DA:30,4
DA:35,52
DA:36,52
DA:37,52
DA:39,52
DA:49,236
DA:51,236
DA:52,411
DA:53,184
DA:57,236
DA:66,52
DA:67,52
LF:20
LH:20
BRDA:17,0,0,1
BRDA:26,1,0,12
BRDA:26,1,1,4
BRDA:35,2,0,52
BRDA:35,2,1,2
BRDA:36,3,0,52
BRDA:36,3,1,1
BRDA:37,4,0,52
BRDA:37,4,1,3
BRDA:52,5,0,184
BRDA:52,5,1,227
BRF:11
BRH:11
end_of_record
TN:
SF:algorithms/graph/detect-cycle/detectDirectedCycle.js
FN:8,detectDirectedCycle
FN:32,(anonymous_1)
FN:38,(anonymous_2)
FN:63,(anonymous_3)
FN:69,(anonymous_4)
FNF:5
FNH:5
FNDA:2,detectDirectedCycle
FNDA:12,(anonymous_1)
FNDA:13,(anonymous_2)
FNDA:13,(anonymous_3)
FNDA:15,(anonymous_4)
DA:9,2
DA:13,2
DA:16,2
DA:20,2
DA:24,2
DA:32,2
DA:33,12
DA:37,2
DA:39,13
DA:42,1
DA:44,1
DA:45,1
DA:47,1
DA:48,2
DA:49,2
DA:50,2
DA:53,1
DA:56,12
DA:57,12
DA:60,12
DA:66,13
DA:67,13
DA:72,15
DA:73,2
DA:78,13
DA:83,2
DA:85,4
DA:86,4
DA:89,4
DA:92,2
LF:30
LH:30
BRDA:39,0,0,1
BRDA:39,0,1,12
BRDA:72,1,0,2
BRDA:72,1,1,13
BRF:4
BRH:4
end_of_record
TN:
SF:algorithms/graph/detect-cycle/detectUndirectedCycle.js
FN:8,detectUndirectedCycle
FN:19,(anonymous_1)
FN:31,(anonymous_2)
FNF:3
FNH:3
FNDA:2,detectUndirectedCycle
FNDA:25,(anonymous_1)
FNDA:13,(anonymous_2)
DA:9,2
DA:12,2
DA:15,2
DA:18,2
DA:21,25
DA:22,6
DA:26,19
DA:27,19
DA:29,19
DA:32,13
DA:34,1
DA:36,1
DA:37,1
DA:39,1
DA:40,3
DA:41,3
DA:42,3
DA:45,1
DA:48,12
DA:49,12
DA:55,2
DA:56,2
DA:58,2
LF:23
LH:23
BRDA:21,0,0,6
BRDA:21,0,1,19
BRDA:27,1,0,15
BRDA:27,1,1,4
BRDA:32,2,0,1
BRDA:32,2,1,12
BRF:6
BRH:6
end_of_record
TN:
SF:algorithms/graph/detect-cycle/detectUndirectedCycleUsingDisjointSet.js
FN:8,detectUndirectedCycleUsingDisjointSet
FN:11,(anonymous_1)
FN:13,(anonymous_2)
FN:21,(anonymous_3)
FNF:4
FNH:4
FNDA:2,detectUndirectedCycleUsingDisjointSet
FNDA:118,(anonymous_1)
FNDA:12,(anonymous_2)
FNDA:11,(anonymous_3)
DA:11,118
DA:12,2
DA:13,12
DA:19,2
DA:21,2
DA:22,11
DA:24,1
DA:26,10
DA:30,2
LF:9
LH:9
BRDA:22,0,0,1
BRDA:22,0,1,10
BRF:2
BRH:2
end_of_record
TN:
SF:algorithms/graph/dijkstra/dijkstra.js
FN:15,dijkstra
FN:24,(anonymous_1)
FN:41,(anonymous_2)
FNF:3
FNH:3
FNDA:2,dijkstra
FNDA:15,(anonymous_1)
FNDA:32,(anonymous_2)
DA:17,2
DA:18,2
DA:19,2
DA:20,2
DA:24,2
DA:25,15
DA:26,15
DA:30,2
DA:33,2
DA:36,2
DA:38,13
DA:41,13
DA:43,32
DA:45,19
DA:47,19
DA:48,19
DA:51,19
DA:52,14
DA:55,14
DA:56,3
DA:60,14
DA:64,19
DA:65,11
DA:71,13
DA:76,2
LF:25
LH:25
BRDA:43,0,0,19
BRDA:43,0,1,13
BRDA:51,1,0,14
BRDA:51,1,1,5
BRDA:55,2,0,3
BRDA:55,2,1,11
BRDA:64,3,0,11
BRDA:64,3,1,8
BRF:8
BRH:8
end_of_record
TN:
SF:algorithms/graph/eulerian-path/eulerianPath.js
FN:9,eulerianPath
FN:20,(anonymous_1)
FN:26,(anonymous_2)
FN:78,(anonymous_3)
FNF:4
FNH:4
FNDA:3,eulerianPath
FNDA:24,(anonymous_1)
FNDA:20,(anonymous_2)
FNDA:17,(anonymous_3)
DA:10,3
DA:13,3
DA:16,3
DA:19,3
DA:20,3
DA:21,24
DA:26,3
DA:27,20
DA:28,6
DA:30,14
DA:38,3
DA:40,3
DA:41,1
DA:45,2
DA:47,2
DA:50,1
DA:51,1
DA:54,1
DA:55,1
DA:59,2
DA:60,2
DA:62,19
DA:67,19
DA:70,19
DA:72,19
DA:73,19
DA:75,13
DA:78,17
DA:82,19
DA:83,13
DA:85,6
DA:89,19
DA:92,19
DA:93,2
DA:97,19
DA:100,2
LF:36
LH:36
BRDA:27,0,0,6
BRDA:27,0,1,14
BRDA:40,1,0,1
BRDA:40,1,1,2
BRDA:40,2,0,3
BRDA:40,2,1,2
BRDA:47,3,0,1
BRDA:47,3,1,1
BRDA:73,4,0,13
BRDA:73,4,1,6
BRDA:82,5,0,13
BRDA:82,5,1,6
BRDA:92,6,0,2
BRDA:92,6,1,17
BRF:14
BRH:14
end_of_record
TN:
SF:algorithms/graph/floyd-warshall/floydWarshall.js
FN:5,floydWarshall
FN:11,(anonymous_1)
FN:17,(anonymous_2)
FN:23,(anonymous_3)
FN:24,(anonymous_4)
FN:49,(anonymous_5)
FN:51,(anonymous_6)
FN:53,(anonymous_7)
FNF:8
FNH:8
FNDA:3,floydWarshall
FNDA:19,(anonymous_1)
FNDA:19,(anonymous_2)
FNDA:19,(anonymous_3)
FNDA:129,(anonymous_4)
FNDA:19,(anonymous_5)
FNDA:129,(anonymous_6)
FNDA:919,(anonymous_7)
DA:7,3
DA:11,3
DA:12,19
DA:17,3
DA:18,19
DA:23,3
DA:24,19
DA:25,129
DA:27,19
DA:30,110
DA:32,110
DA:35,39
DA:36,39
DA:38,71
DA:49,3
DA:51,19
DA:53,129
DA:58,919
DA:60,919
DA:62,61
DA:63,61
DA:71,3
LF:22
LH:22
BRDA:25,0,0,19
BRDA:25,0,1,110
BRDA:32,1,0,39
BRDA:32,1,1,71
BRDA:60,2,0,61
BRDA:60,2,1,858
BRF:6
BRH:6
end_of_record
TN:
SF:algorithms/graph/hamiltonian-cycle/hamiltonianCycle.js
FN:10,isSafe
FN:23,(anonymous_1)
FN:34,isCycle
FN:56,hamiltonianCycleRecursive
FN:64,(anonymous_4)
FN:105,hamiltonianCycle
FNF:6
FNH:6
FNDA:170,isSafe
FNDA:232,(anonymous_1)
FNDA:12,isCycle
FNDA:46,hamiltonianCycleRecursive
FNDA:169,(anonymous_4)
FNDA:2,hamiltonianCycle
DA:11,170
DA:14,170
DA:15,170
DA:18,170
DA:19,70
DA:23,232
DA:25,100
DA:38,12
DA:39,12
DA:42,12
DA:43,12
DA:46,12
DA:64,169
DA:66,46
DA:69,12
DA:71,8
DA:73,12
DA:76,34
DA:78,170
DA:81,170
DA:83,44
DA:86,44
DA:96,44
DA:108,2
DA:109,2
DA:110,2
DA:115,2
DA:118,2
DA:121,2
DA:124,2
DA:133,2
LF:31
LH:31
BRDA:18,0,0,70
BRDA:18,0,1,100
BRDA:66,1,0,12
BRDA:66,1,1,34
BRDA:69,2,0,8
BRDA:69,2,1,4
BRDA:81,3,0,44
BRDA:81,3,1,126
BRF:8
BRH:8
end_of_record
TN:
SF:algorithms/graph/kruskal/kruskal.js
FN:9,kruskal
FN:25,(anonymous_1)
FN:36,(anonymous_2)
FN:39,(anonymous_3)
FNF:4
FNH:4
FNDA:3,kruskal
FNDA:78,(anonymous_1)
FNDA:127,(anonymous_2)
FNDA:11,(anonymous_3)
DA:12,3
DA:13,1
DA:17,2
DA:20,2
DA:26,78
DA:27,14
DA:30,64
DA:33,2
DA:36,127
DA:37,2
DA:39,2
DA:40,11
DA:47,2
DA:49,15
DA:52,15
DA:54,9
DA:57,9
DA:61,2
LF:18
LH:18
BRDA:12,0,0,1
BRDA:12,0,1,2
BRDA:26,1,0,14
BRDA:26,1,1,64
BRDA:30,2,0,10
BRDA:30,2,1,54
BRDA:52,3,0,9
BRDA:52,3,1,6
BRF:8
BRH:8
end_of_record
TN:
SF:algorithms/graph/prim/prim.js
FN:8,prim
FN:33,(anonymous_1)
FN:60,(anonymous_2)
FNF:3
FNH:3
FNDA:3,prim
FNDA:5,(anonymous_1)
FNDA:34,(anonymous_2)
DA:11,3
DA:12,1
DA:16,2
DA:21,2
DA:24,2
DA:27,2
DA:30,2
DA:33,2
DA:34,5
DA:38,2
DA:41,15
DA:44,15
DA:45,15
DA:46,2
DA:47,13
DA:48,7
DA:52,15
DA:54,9
DA:57,9
DA:60,9
DA:62,34
DA:66,10
DA:72,2
LF:23
LH:23
BRDA:11,0,0,1
BRDA:11,0,1,2
BRDA:45,1,0,2
BRDA:45,1,1,13
BRDA:47,2,0,7
BRDA:47,2,1,6
BRDA:52,3,0,9
BRDA:52,3,1,6
BRDA:62,4,0,10
BRDA:62,4,1,24
BRDA:63,5,0,34
BRDA:63,5,1,32
BRF:12
BRH:12
end_of_record
TN:
SF:algorithms/graph/strongly-connected-components/stronglyConnectedComponents.js
FN:8,getVerticesSortedByDfsFinishTime
FN:20,(anonymous_1)
FN:26,(anonymous_2)
FN:33,(anonymous_3)
FN:38,(anonymous_4)
FN:62,getSCCSets
FN:74,(anonymous_6)
FN:81,(anonymous_7)
FN:90,(anonymous_8)
FN:119,stronglyConnectedComponents
FNF:10
FNH:10
FNDA:2,getVerticesSortedByDfsFinishTime
FNDA:15,(anonymous_1)
FNDA:15,(anonymous_2)
FNDA:15,(anonymous_3)
FNDA:17,(anonymous_4)
FNDA:2,getSCCSets
FNDA:15,(anonymous_6)
FNDA:15,(anonymous_7)
FNDA:17,(anonymous_8)
FNDA:2,stronglyConnectedComponents
DA:10,2
DA:16,2
DA:19,2
DA:20,2
DA:21,15
DA:25,2
DA:28,15
DA:31,15
DA:36,15
DA:40,17
DA:45,2
DA:47,3
DA:48,3
DA:49,3
DA:51,3
DA:54,2
DA:64,2
DA:67,2
DA:70,2
DA:73,2
DA:76,15
DA:79,15
DA:86,15
DA:87,6
DA:92,17
DA:96,2
DA:98,15
DA:101,15
DA:104,15
DA:106,6
DA:110,2
DA:126,2
DA:129,2
DA:132,2
LF:34
LH:34
BRDA:86,0,0,6
BRDA:86,0,1,9
BRDA:104,1,0,6
BRDA:104,1,1,9
BRF:4
BRH:4
end_of_record
TN:
SF:algorithms/graph/topological-sorting/topologicalSort.js
FN:7,topologicalSort
FN:10,(anonymous_1)
FN:21,(anonymous_2)
FN:28,(anonymous_3)
FN:32,(anonymous_4)
FNF:5
FNH:5
FNDA:1,topologicalSort
FNDA:8,(anonymous_1)
FNDA:8,(anonymous_2)
FNDA:8,(anonymous_3)
FNDA:8,(anonymous_4)
DA:9,1
DA:10,1
DA:11,8
DA:15,1
DA:18,1
DA:20,1
DA:23,8
DA:26,8
DA:30,8
DA:33,8
DA:38,1
DA:39,2
DA:40,2
DA:43,2
DA:46,1
LF:15
LH:15
BRF:0
BRH:0
end_of_record
TN:
SF:algorithms/graph/travelling-salesman/bfTravellingSalesman.js
FN:7,findAllPaths
FN:15,(anonymous_1)
FN:23,(anonymous_2)
FN:49,getCycleWeight
FN:69,bfTravellingSalesman
FN:78,(anonymous_5)
FNF:6
FNH:6
FNDA:16,findAllPaths
FNDA:49,(anonymous_1)
FNDA:48,(anonymous_2)
FNDA:6,getCycleWeight
FNDA:1,bfTravellingSalesman
FNDA:6,(anonymous_5)
DA:9,16
DA:12,16
DA:15,16
DA:16,49
DA:17,49
DA:19,49
DA:23,16
DA:24,48
DA:28,16
DA:29,6
DA:31,6
DA:35,10
DA:36,15
DA:37,15
DA:40,10
DA:50,6
DA:52,6
DA:53,18
DA:54,18
DA:55,18
DA:56,18
DA:57,18
DA:60,6
DA:71,1
DA:75,1
DA:78,1
DA:80,6
DA:81,6
DA:83,6
DA:87,1
DA:88,1
DA:89,1
DA:90,1
DA:91,1
DA:92,6
DA:93,6
DA:96,6
DA:97,1
DA:98,1
DA:103,1
LF:40
LH:40
BRDA:7,0,0,1
BRDA:7,1,0,1
BRDA:28,2,0,6
BRDA:28,2,1,10
BRDA:96,3,0,1
BRDA:96,3,1,5
BRDA:96,4,0,6
BRDA:96,4,1,5
BRF:8
BRH:8
end_of_record
TN:
SF:algorithms/linked-list/reverse-traversal/reverseTraversal.js
FN:11,reverseTraversalRecursive
FN:22,reverseTraversal
FNF:2
FNH:2
FNDA:4,reverseTraversalRecursive
FNDA:1,reverseTraversal
DA:12,4
DA:13,3
DA:14,3
DA:23,1
LF:4
LH:4
BRDA:12,0,0,3
BRDA:12,0,1,1
BRF:2
BRH:2
end_of_record
TN:
SF:algorithms/linked-list/traversal/traversal.js
FN:11,traversal
FNF:1
FNH:1
FNDA:1,traversal
DA:12,1
DA:14,1
DA:15,3
DA:16,3
LF:4
LH:4
BRF:0
BRH:0
end_of_record
TN:
SF:algorithms/math/bits/bitLength.js
FN:7,bitLength
FNF:1
FNH:1
FNDA:14,bitLength
DA:8,14
DA:10,14
DA:11,41
DA:14,14
LF:4
LH:4
BRF:0
BRH:0
end_of_record
TN:
SF:algorithms/math/bits/bitsDiff.js
FN:11,bitsDiff
FNF:1
FNH:1
FNDA:7,bitsDiff
DA:12,7
LF:1
LH:1
BRF:0
BRH:0
end_of_record
TN:
SF:algorithms/math/bits/clearBit.js
FN:6,clearBit
FNF:1
FNH:1
FNDA:6,clearBit
DA:7,6
DA:9,6
LF:2
LH:2
BRF:0
BRH:0
end_of_record
TN:
SF:algorithms/math/bits/countSetBits.js
FN:5,countSetBits
FNF:1
FNH:1
FNDA:21,countSetBits
DA:6,21
DA:7,21
DA:9,21
DA:11,169
DA:14,169
DA:17,21
LF:6
LH:6
BRF:0
BRH:0
end_of_record
TN:
SF:algorithms/math/bits/divideByTwo.js
FN:5,divideByTwo
FNF:1
FNH:1
FNDA:32,divideByTwo
DA:6,32
LF:1
LH:1
BRF:0
BRH:0
end_of_record
TN:
SF:algorithms/math/bits/fullAdder.js
FN:37,fullAdder
FNF:1
FNH:1
FNDA:12,fullAdder
DA:38,12
DA:39,12
DA:44,12
DA:45,384
DA:46,384
DA:47,384
DA:51,384
DA:56,384
DA:62,384
DA:63,384
DA:66,384
DA:69,12
LF:12
LH:12
BRF:0
BRH:0
end_of_record
TN:
SF:algorithms/math/bits/getBit.js
FN:6,getBit
FNF:1
FNH:1
FNDA:778,getBit
DA:7,778
LF:1
LH:1
BRF:0
BRH:0
end_of_record
TN:
SF:algorithms/math/bits/isEven.js
FN:5,isEven
FNF:1
FNH:1
FNDA:39,isEven
DA:6,39
LF:1
LH:1
BRF:0
BRH:0
end_of_record
TN:
SF:algorithms/math/bits/isPositive.js
FN:5,isPositive
FNF:1
FNH:1
FNDA:27,isPositive
DA:7,27
DA:8,2
DA:12,25
LF:3
LH:3
BRDA:7,0,0,2
BRDA:7,0,1,25
BRF:2
BRH:2
end_of_record
TN:
SF:algorithms/math/bits/isPowerOfTwo.js
FN:5,isPowerOfTwo
FNF:1
FNH:1
FNDA:14,isPowerOfTwo
DA:6,14
LF:1
LH:1
BRF:0
BRH:0
end_of_record
TN:
SF:algorithms/math/bits/multiply.js
FN:27,multiply
FN:34,(anonymous_1)
FN:35,(anonymous_2)
FN:37,(anonymous_3)
FN:38,(anonymous_4)
FNF:5
FNH:5
FNDA:38,multiply
FNDA:11,(anonymous_1)
FNDA:4,(anonymous_2)
FNDA:11,(anonymous_3)
FNDA:15,(anonymous_4)
DA:29,38
DA:30,12
DA:34,26
DA:35,26
DA:37,26
DA:38,26
DA:40,26
LF:7
LH:7
BRDA:29,0,0,12
BRDA:29,0,1,26
BRDA:29,1,0,38
BRDA:29,1,1,27
BRDA:38,2,0,11
BRDA:38,2,1,4
BRDA:40,3,0,11
BRDA:40,3,1,15
BRF:8
BRH:8
end_of_record
TN:
SF:algorithms/math/bits/multiplyByTwo.js
FN:5,multiplyByTwo
FNF:1
FNH:1
FNDA:32,multiplyByTwo
DA:6,32
LF:1
LH:1
BRF:0
BRH:0
end_of_record
TN:
SF:algorithms/math/bits/multiplyUnsigned.js
FN:19,multiplyUnsigned
FNF:1
FNH:1
FNDA:9,multiplyUnsigned
DA:20,9
DA:23,9
DA:26,9
DA:29,9
DA:31,30
DA:35,14
DA:38,30
DA:39,30
DA:42,9
LF:9
LH:9
BRDA:31,0,0,14
BRDA:31,0,1,16
BRF:2
BRH:2
end_of_record
TN:
SF:algorithms/math/bits/setBit.js
FN:6,setBit
FNF:1
FNH:1
FNDA:6,setBit
DA:7,6
LF:1
LH:1
BRF:0
BRH:0
end_of_record
TN:
SF:algorithms/math/bits/switchSign.js
FN:6,switchSign
FNF:1
FNH:1
FNDA:7,switchSign
DA:7,7
LF:1
LH:1
BRF:0
BRH:0
end_of_record
TN:
SF:algorithms/math/bits/updateBit.js
FN:7,updateBit
FNF:1
FNH:1
FNDA:10,updateBit
DA:9,10
DA:12,10
DA:15,10
LF:3
LH:3
BRDA:9,0,0,6
BRDA:9,0,1,4
BRF:2
BRH:2
end_of_record
TN:
SF:algorithms/math/complex-number/ComplexNumber.js
FN:11,(anonymous_0)
FN:20,(anonymous_1)
FN:34,(anonymous_2)
FN:48,(anonymous_3)
FN:62,(anonymous_4)
FN:84,(anonymous_5)
FN:97,(anonymous_6)
FN:105,(anonymous_7)
FN:139,(anonymous_8)
FN:153,(anonymous_9)
FNF:10
FNH:10
FNDA:1731,(anonymous_0)
FNDA:369,(anonymous_1)
FNDA:77,(anonymous_2)
FNDA:483,(anonymous_3)
FNDA:42,(anonymous_4)
FNDA:42,(anonymous_5)
FNDA:70,(anonymous_6)
FNDA:70,(anonymous_7)
FNDA:70,(anonymous_8)
FNDA:1013,(anonymous_9)
DA:12,1731
DA:13,1731
DA:22,369
DA:24,369
DA:36,77
DA:38,77
DA:50,483
DA:52,483
DA:64,42
DA:67,42
DA:70,42
DA:73,42
DA:75,42
DA:86,42
DA:88,42
DA:98,70
DA:106,70
DA:108,70
DA:109,4
DA:110,66
DA:111,4
DA:112,62
DA:113,5
DA:114,57
DA:115,6
DA:116,51
DA:117,6
DA:118,45
DA:119,10
DA:120,35
DA:121,24
DA:122,11
DA:125,3
DA:128,70
DA:129,50
DA:132,70
DA:140,70
DA:154,1013
DA:155,823
DA:158,190
LF:40
LH:40
BRDA:11,0,0,89
BRDA:11,1,0,89
BRDA:11,2,0,281
BRDA:105,3,0,0
BRDA:108,4,0,4
BRDA:108,4,1,66
BRDA:108,5,0,70
BRDA:108,5,1,18
BRDA:110,6,0,4
BRDA:110,6,1,62
BRDA:110,7,0,66
BRDA:110,7,1,14
BRDA:112,8,0,5
BRDA:112,8,1,57
BRDA:112,9,0,62
BRDA:112,9,1,37
BRDA:114,10,0,6
BRDA:114,10,1,51
BRDA:114,11,0,57
BRDA:114,11,1,15
BRDA:116,12,0,6
BRDA:116,12,1,45
BRDA:116,13,0,51
BRDA:116,13,1,9
BRDA:118,14,0,10
BRDA:118,14,1,35
BRDA:118,15,0,45
BRDA:118,15,1,10
BRDA:120,16,0,24
BRDA:120,16,1,11
BRDA:120,17,0,35
BRDA:120,17,1,32
BRDA:122,18,0,3
BRDA:122,18,1,8
BRDA:122,19,0,11
BRDA:122,19,1,3
BRDA:128,20,0,50
BRDA:128,20,1,20
BRDA:139,21,0,20
BRDA:154,22,0,823
BRDA:154,22,1,190
BRF:41
BRH:40
end_of_record
TN:
SF:algorithms/math/euclidean-algorithm/euclideanAlgorithm.js
FN:7,euclideanAlgorithm
FNF:1
FNH:1
FNDA:99,euclideanAlgorithm
DA:9,99
DA:10,99
DA:14,99
LF:3
LH:3
BRDA:14,0,0,29
BRDA:14,0,1,70
BRF:2
BRH:2
end_of_record
TN:
SF:algorithms/math/euclidean-algorithm/euclideanAlgorithmIterative.js
FN:7,euclideanAlgorithmIterative
FNF:1
FNH:1
FNDA:20,euclideanAlgorithmIterative
DA:9,20
DA:10,20
DA:14,20
DA:15,87
DA:19,20
LF:5
LH:5
BRDA:14,0,0,107
BRDA:14,0,1,105
BRDA:14,0,2,104
BRDA:15,1,0,33
BRDA:15,1,1,54
BRDA:19,2,0,20
BRDA:19,2,1,2
BRF:7
BRH:7
end_of_record
TN:
SF:algorithms/math/euclidean-distance/euclideanDistance.js
FN:15,(anonymous_0)
FN:20,(anonymous_1)
FNF:2
FNH:2
FNDA:107,(anonymous_0)
FNDA:231,(anonymous_1)
DA:15,2
DA:16,107
DA:18,105
DA:20,105
DA:21,231
DA:22,231
DA:25,105
LF:7
LH:7
BRF:0
BRH:0
end_of_record
TN:
SF:algorithms/math/factorial/factorial.js
FN:5,factorial
FNF:1
FNH:1
FNDA:14,factorial
DA:6,14
DA:8,14
DA:9,62
DA:12,14
LF:4
LH:4
BRF:0
BRH:0
end_of_record
TN:
SF:algorithms/math/factorial/factorialRecursive.js
FN:5,factorialRecursive
FNF:1
FNH:1
FNDA:25,factorialRecursive
DA:6,25
LF:1
LH:1
BRDA:6,0,0,20
BRDA:6,0,1,5
BRF:2
BRH:2
end_of_record
TN:
SF:algorithms/math/fast-powering/fastPowering.js
FN:11,fastPowering
FNF:1
FNH:1
FNDA:69,fastPowering
DA:12,69
DA:14,17
DA:17,52
DA:21,25
DA:22,25
DA:28,27
DA:29,27
LF:7
LH:7
BRDA:12,0,0,17
BRDA:12,0,1,52
BRDA:17,1,0,25
BRDA:17,1,1,27
BRF:4
BRH:4
end_of_record
TN:
SF:algorithms/math/fibonacci/fibonacci.js
FN:7,fibonacci
FNF:1
FNH:1
FNDA:10,fibonacci
DA:8,10
DA:10,10
DA:11,10
DA:13,10
DA:14,1
DA:17,9
DA:19,9
DA:20,45
DA:21,45
DA:23,45
DA:25,45
DA:28,9
LF:12
LH:12
BRDA:13,0,0,1
BRDA:13,0,1,9
BRF:2
BRH:2
end_of_record
TN:
SF:algorithms/math/fibonacci/fibonacciNth.js
FN:7,fibonacciNth
FNF:1
FNH:1
FNDA:19,fibonacciNth
DA:8,19
DA:9,19
DA:11,19
DA:12,1
DA:15,18
DA:17,18
DA:18,722
DA:19,722
DA:21,722
DA:24,18
LF:10
LH:10
BRDA:11,0,0,1
BRDA:11,0,1,18
BRF:2
BRH:2
end_of_record
TN:
SF:algorithms/math/fibonacci/fibonacciNthClosedForm.js
FN:8,fibonacciClosedForm
FNF:1
FNH:1
FNDA:13,fibonacciClosedForm
DA:9,13
DA:12,13
DA:13,1
DA:17,12
DA:19,12
DA:22,12
LF:6
LH:6
BRDA:12,0,0,1
BRDA:12,0,1,12
BRDA:12,1,0,13
BRDA:12,1,1,13
BRF:4
BRH:4
end_of_record
TN:
SF:algorithms/math/fourier-transform/discreteFourierTransform.js
FN:22,dft
FNF:1
FNH:1
FNDA:12,dft
DA:3,1
DA:23,12
DA:24,12
DA:27,12
DA:30,40
DA:33,40
DA:34,146
DA:37,146
DA:40,146
DA:46,146
DA:50,40
DA:51,6
DA:54,40
DA:55,28
DA:62,40
DA:65,40
DA:68,12
LF:17
LH:17
BRDA:22,0,0,12
BRDA:50,1,0,6
BRDA:50,1,1,34
BRDA:54,2,0,28
BRDA:54,2,1,12
BRF:5
BRH:5
end_of_record
TN:
SF:algorithms/math/fourier-transform/fastFourierTransform.js
FN:11,reverseBits
FN:33,fastFourierTransform
FNF:2
FNH:2
FNDA:42,reverseBits
FNDA:6,fastFourierTransform
DA:12,42
DA:14,42
DA:15,144
DA:17,144
DA:18,72
DA:22,42
DA:34,6
DA:35,6
DA:37,6
DA:38,7
DA:41,6
DA:42,6
DA:43,42
DA:46,6
DA:47,12
DA:48,12
DA:53,12
DA:54,36
DA:56,36
DA:57,72
DA:59,72
DA:60,72
DA:62,72
DA:63,72
DA:65,72
DA:70,6
DA:71,3
DA:72,21
DA:76,6
LF:29
LH:29
BRDA:17,0,0,72
BRDA:17,0,1,72
BRDA:33,1,0,3
BRDA:47,2,0,6
BRDA:47,2,1,6
BRDA:70,3,0,3
BRDA:70,3,1,3
BRF:7
BRH:7
end_of_record
TN:
SF:algorithms/math/fourier-transform/inverseDiscreteFourierTransform.js
FN:16,inverseDiscreteFourierTransform
FNF:1
FNH:1
FNDA:12,inverseDiscreteFourierTransform
DA:3,1
DA:20,12
DA:21,12
DA:24,12
DA:26,40
DA:29,40
DA:30,146
DA:33,146
DA:36,146
DA:41,146
DA:45,40
DA:46,18
DA:49,40
DA:50,32
DA:54,40
DA:57,12
LF:16
LH:16
BRDA:18,0,0,12
BRDA:45,1,0,18
BRDA:45,1,1,22
BRDA:49,2,0,32
BRDA:49,2,1,8
BRF:5
BRH:5
end_of_record
TN:
SF:algorithms/math/fourier-transform/__test__/FourierTester.js
FN:242,(anonymous_0)
FN:243,(anonymous_1)
FN:247,(anonymous_2)
FN:254,(anonymous_3)
FN:272,(anonymous_4)
FN:273,(anonymous_5)
FN:277,(anonymous_6)
FN:286,(anonymous_7)
FNF:8
FNH:8
FNDA:1,(anonymous_0)
FNDA:12,(anonymous_1)
FNDA:40,(anonymous_2)
FNDA:40,(anonymous_3)
FNDA:1,(anonymous_4)
FNDA:12,(anonymous_5)
FNDA:40,(anonymous_6)
FNDA:40,(anonymous_7)
DA:3,2
DA:243,1
DA:244,12
DA:247,40
DA:248,12
DA:251,12
DA:254,12
DA:256,40
DA:257,40
DA:260,40
DA:261,40
DA:262,40
DA:263,40
DA:264,40
DA:273,1
DA:274,12
DA:277,12
DA:278,40
DA:280,12
DA:283,12
DA:286,12
DA:288,40
DA:291,40
LF:23
LH:23
BRF:0
BRH:0
end_of_record
TN:
SF:algorithms/math/horner-method/classicPolynome.js
FN:9,classicPolynome
FN:11,(anonymous_1)
FNF:2
FNH:2
FNDA:11,classicPolynome
FNDA:45,(anonymous_1)
DA:10,11
DA:12,45
LF:2
LH:2
BRF:0
BRH:0
end_of_record
TN:
SF:algorithms/math/horner-method/hornerMethod.js
FN:9,hornerMethod
FN:11,(anonymous_1)
FNF:2
FNH:2
FNDA:11,hornerMethod
FNDA:45,(anonymous_1)
DA:10,11
DA:12,45
LF:2
LH:2
BRF:0
BRH:0
end_of_record
TN:
SF:algorithms/math/integer-partition/integerPartition.js
FN:5,integerPartition
FN:7,(anonymous_1)
FNF:2
FNH:2
FNDA:8,integerPartition
FNDA:44,(anonymous_1)
DA:7,8
DA:8,44
DA:16,8
DA:17,36
DA:24,8
DA:25,44
DA:30,8
DA:31,36
DA:32,204
DA:35,84
DA:48,120
DA:49,120
DA:51,120
DA:56,8
LF:14
LH:14
BRDA:32,0,0,84
BRDA:32,0,1,120
BRF:2
BRH:2
end_of_record
TN:
SF:algorithms/math/is-power-of-two/isPowerOfTwo.js
FN:5,isPowerOfTwo
FNF:1
FNH:1
FNDA:27,isPowerOfTwo
DA:7,27
DA:8,2
DA:13,25
DA:14,25
DA:15,56
DA:18,13
DA:21,43
DA:24,12
LF:8
LH:8
BRDA:7,0,0,2
BRDA:7,0,1,25
BRDA:15,1,0,13
BRDA:15,1,1,43
BRF:4
BRH:4
end_of_record
TN:
SF:algorithms/math/is-power-of-two/isPowerOfTwoBitwise.js
FN:5,isPowerOfTwoBitwise
FNF:1
FNH:1
FNDA:17,isPowerOfTwoBitwise
DA:7,17
DA:8,2
DA:25,15
LF:3
LH:3
BRDA:7,0,0,2
BRDA:7,0,1,15
BRF:2
BRH:2
end_of_record
TN:
SF:algorithms/math/least-common-multiple/leastCommonMultiple.js
FN:9,leastCommonMultiple
FNF:1
FNH:1
FNDA:12,leastCommonMultiple
DA:10,12
LF:1
LH:1
BRDA:10,0,0,3
BRDA:10,0,1,9
BRDA:10,1,0,12
BRDA:10,1,1,10
BRF:4
BRH:4
end_of_record
TN:
SF:algorithms/math/liu-hui/liuHui.js
FN:12,getNGonSideLength
FN:31,getNGonSideCount
FN:46,liuHui
FNF:3
FNH:3
FNDA:38,getNGonSideLength
FNDA:4,getNGonSideCount
FNDA:4,liuHui
DA:5,1
DA:13,38
DA:14,4
DA:17,34
DA:20,34
DA:21,34
DA:22,34
DA:24,34
DA:33,4
DA:36,4
DA:47,4
DA:48,4
DA:49,4
DA:50,4
DA:53,4
LF:15
LH:15
BRDA:13,0,0,4
BRDA:13,0,1,34
BRDA:36,1,0,3
BRDA:36,1,1,1
BRDA:46,2,0,0
BRF:5
BRH:4
end_of_record
TN:
SF:algorithms/math/matrix/Matrix.js
FN:14,(anonymous_0)
FN:30,(anonymous_1)
FN:46,(anonymous_2)
FN:61,(anonymous_3)
FN:86,(anonymous_4)
FN:94,(anonymous_5)
FN:98,(anonymous_6)
FN:116,(anonymous_7)
FN:117,(anonymous_8)
FN:126,(anonymous_9)
FN:162,(anonymous_10)
FN:180,(anonymous_11)
FN:188,(anonymous_12)
FN:211,(anonymous_13)
FN:230,(anonymous_14)
FN:249,(anonymous_15)
FN:253,(anonymous_16)
FN:257,(anonymous_17)
FN:272,(anonymous_18)
FN:276,(anonymous_19)
FN:280,(anonymous_20)
FN:295,(anonymous_21)
FN:299,(anonymous_22)
FN:303,(anonymous_23)
FNF:24
FNH:11
FNDA:655,(anonymous_0)
FNDA:214,(anonymous_1)
FNDA:0,(anonymous_2)
FNDA:107,(anonymous_3)
FNDA:5,(anonymous_4)
FNDA:23,(anonymous_5)
FNDA:39,(anonymous_6)
FNDA:5,(anonymous_7)
FNDA:39,(anonymous_8)
FNDA:0,(anonymous_9)
FNDA:0,(anonymous_10)
FNDA:105,(anonymous_11)
FNDA:441,(anonymous_12)
FNDA:231,(anonymous_13)
FNDA:0,(anonymous_14)
FNDA:0,(anonymous_15)
FNDA:0,(anonymous_16)
FNDA:0,(anonymous_17)
FNDA:0,(anonymous_18)
FNDA:0,(anonymous_19)
FNDA:0,(anonymous_20)
FNDA:0,(anonymous_21)
FNDA:0,(anonymous_22)
FNDA:0,(anonymous_23)
DA:14,2
DA:15,655
DA:16,655
DA:17,655
DA:18,743
DA:19,743
DA:21,655
DA:30,2
DA:31,214
DA:36,0
DA:46,2
DA:47,0
DA:48,0
DA:49,0
DA:50,0
DA:61,2
DA:62,107
DA:63,107
DA:65,107
DA:66,107
DA:68,107
DA:69,0
DA:72,107
DA:73,212
DA:74,2
DA:86,2
DA:94,5
DA:95,23
DA:96,18
DA:98,39
DA:100,5
DA:101,5
DA:102,18
DA:104,5
DA:107,5
DA:116,2
DA:117,39
DA:126,2
DA:128,0
DA:129,0
DA:132,0
DA:133,0
DA:134,0
DA:135,0
DA:139,0
DA:140,0
DA:142,0
DA:143,0
DA:144,0
DA:145,0
DA:146,0
DA:148,0
DA:152,0
DA:162,2
DA:163,0
DA:164,0
DA:165,0
DA:166,0
DA:167,0
DA:168,0
DA:171,0
DA:180,2
DA:188,105
DA:189,441
DA:191,441
DA:192,105
DA:193,231
DA:196,441
DA:197,336
DA:201,105
DA:211,2
DA:213,231
DA:216,231
DA:217,0
DA:220,231
DA:230,2
DA:232,0
DA:235,0
DA:236,0
DA:239,0
DA:249,2
DA:250,0
DA:251,0
DA:253,0
DA:254,0
DA:257,0
DA:258,0
DA:259,0
DA:262,0
DA:272,2
DA:273,0
DA:274,0
DA:276,0
DA:277,0
DA:280,0
DA:281,0
DA:282,0
DA:285,0
DA:295,2
DA:296,0
DA:297,0
DA:299,0
DA:300,0
DA:303,0
DA:304,0
DA:305,0
DA:308,0
LF:107
LH:50
BRDA:17,0,0,1398
BRDA:17,0,1,1185
BRDA:19,1,0,743
BRDA:19,1,1,743
BRDA:19,1,2,141
BRDA:31,2,0,0
BRDA:31,2,1,214
BRDA:32,3,0,214
BRDA:32,3,1,214
BRDA:32,3,2,214
BRDA:49,4,0,0
BRDA:49,4,1,0
BRDA:68,5,0,0
BRDA:68,5,1,107
BRDA:72,6,0,317
BRDA:72,6,1,212
BRDA:73,7,0,2
BRDA:73,7,1,210
BRDA:95,8,0,18
BRDA:95,8,1,5
BRDA:134,9,0,0
BRDA:134,9,1,0
BRDA:191,10,0,105
BRDA:191,10,1,336
BRF:24
BRH:18
end_of_record
TN:
SF:algorithms/math/pascal-triangle/pascalTriangle.js
FN:5,pascalTriangle
FNF:1
FNH:1
FNDA:15,pascalTriangle
DA:6,15
DA:8,15
DA:10,15
DA:12,271
DA:15,15
LF:5
LH:5
BRF:0
BRH:0
end_of_record
TN:
SF:algorithms/math/pascal-triangle/pascalTriangleRecursive.js
FN:5,pascalTriangleRecursive
FNF:1
FNH:1
FNDA:36,pascalTriangleRecursive
DA:6,36
DA:7,8
DA:10,28
DA:11,28
DA:14,28
DA:17,28
DA:22,28
DA:23,112
DA:24,112
DA:26,112
DA:29,28
LF:11
LH:11
BRDA:6,0,0,8
BRDA:6,0,1,28
BRDA:23,1,0,84
BRDA:23,1,1,28
BRDA:24,2,0,84
BRDA:24,2,1,28
BRF:6
BRH:6
end_of_record
TN:
SF:algorithms/math/primality-test/trialDivision.js
FN:5,trialDivision
FNF:1
FNH:1
FNDA:21,trialDivision
DA:7,21
DA:8,3
DA:11,18
DA:13,3
DA:16,15
DA:18,2
DA:22,13
DA:23,7
DA:27,6
DA:28,6
DA:29,21
DA:30,1
DA:34,5
LF:13
LH:13
BRDA:7,0,0,3
BRDA:7,0,1,18
BRDA:11,1,0,3
BRDA:11,1,1,15
BRDA:16,2,0,2
BRDA:16,2,1,13
BRDA:22,3,0,7
BRDA:22,3,1,6
BRDA:29,4,0,1
BRDA:29,4,1,20
BRF:10
BRH:10
end_of_record
TN:
SF:algorithms/math/prime-factors/primeFactors.js
FN:7,primeFactors
FN:40,hardyRamanujan
FNF:2
FNH:2
FNDA:30,primeFactors
FNDA:22,hardyRamanujan
DA:9,30
DA:12,30
DA:15,30
DA:17,4325
DA:19,92
DA:21,92
DA:27,30
DA:28,21
DA:31,30
DA:41,22
LF:10
LH:10
BRDA:27,0,0,21
BRDA:27,0,1,9
BRF:2
BRH:2
end_of_record
TN:
SF:algorithms/math/radian/degreeToRadian.js
FN:5,degreeToRadian
FNF:1
FNH:1
FNDA:6,degreeToRadian
DA:6,6
LF:1
LH:1
BRF:0
BRH:0
end_of_record
TN:
SF:algorithms/math/radian/radianToDegree.js
FN:5,radianToDegree
FNF:1
FNH:1
FNDA:56,radianToDegree
DA:6,56
LF:1
LH:1
BRF:0
BRH:0
end_of_record
TN:
SF:algorithms/math/sieve-of-eratosthenes/sieveOfEratosthenes.js
FN:5,sieveOfEratosthenes
FNF:1
FNH:1
FNDA:3,sieveOfEratosthenes
DA:6,3
DA:7,3
DA:8,3
DA:10,3
DA:12,3
DA:13,112
DA:14,32
DA:26,32
DA:28,32
DA:29,110
DA:30,110
DA:35,3
LF:12
LH:12
BRDA:13,0,0,32
BRDA:13,0,1,80
BRF:2
BRH:2
end_of_record
TN:
SF:algorithms/math/square-root/squareRoot.js
FN:9,squareRoot
FNF:1
FNH:1
FNDA:43,squareRoot
DA:11,43
DA:12,1
DA:16,42
DA:17,4
DA:21,38
DA:28,38
DA:31,38
DA:35,186
DA:39,38
LF:9
LH:9
BRDA:9,0,0,11
BRDA:11,1,0,1
BRDA:11,1,1,42
BRDA:16,2,0,4
BRDA:16,2,1,38
BRF:5
BRH:5
end_of_record
TN:
SF:algorithms/ml/k-means/kMeans.js
FN:11,KMeans
FNF:1
FNH:1
FNDA:6,KMeans
DA:15,6
DA:16,1
DA:20,5
DA:21,5
DA:29,5
DA:32,5
DA:34,5
DA:35,5
DA:36,11
DA:39,11
DA:40,39
DA:41,84
DA:47,38
DA:52,38
DA:53,18
DA:56,38
DA:60,10
DA:62,22
DA:63,22
DA:64,22
DA:65,82
DA:67,38
DA:68,38
DA:70,85
DA:75,22
DA:76,50
DA:84,4
LF:27
LH:27
BRDA:13,0,0,1
BRDA:15,1,0,1
BRDA:15,1,1,5
BRDA:52,2,0,18
BRDA:52,2,1,20
BRDA:65,3,0,38
BRDA:65,3,1,44
BRF:7
BRH:7
end_of_record
TN:
SF:algorithms/ml/knn/kNN.js
FN:13,kNN
FN:35,(anonymous_1)
FNF:2
FNH:2
FNDA:9,kNN
FNDA:29,(anonymous_1)
DA:19,9
DA:20,3
DA:25,6
DA:26,6
DA:27,23
DA:35,5
DA:36,29
DA:37,4
DA:39,25
DA:43,5
DA:44,5
DA:45,5
DA:46,5
DA:47,16
DA:48,6
DA:50,10
DA:52,16
DA:53,10
DA:54,10
DA:59,5
LF:20
LH:20
BRDA:17,0,0,8
BRDA:19,1,0,3
BRDA:19,1,1,6
BRDA:19,2,0,9
BRDA:19,2,1,8
BRDA:19,2,2,7
BRDA:36,3,0,4
BRDA:36,3,1,25
BRDA:39,4,0,8
BRDA:39,4,1,17
BRDA:47,5,0,6
BRDA:47,5,1,10
BRDA:52,6,0,10
BRDA:52,6,1,6
BRF:14
BRH:14
end_of_record
TN:
SF:algorithms/search/binary-search/binarySearch.js
FN:12,binarySearch
FNF:1
FNH:1
FNDA:14,binarySearch
DA:15,14
DA:18,14
DA:19,14
DA:23,14
DA:25,25
DA:28,25
DA:29,10
DA:33,15
DA:35,8
DA:38,7
DA:43,4
LF:11
LH:11
BRDA:28,0,0,10
BRDA:28,0,1,15
BRDA:33,1,0,8
BRDA:33,1,1,7
BRF:4
BRH:4
end_of_record
TN:
SF:algorithms/search/interpolation-search/interpolationSearch.js
FN:8,interpolationSearch
FNF:1
FNH:1
FNDA:18,interpolationSearch
DA:9,18
DA:10,18
DA:12,18
DA:13,38
DA:14,38
DA:15,38
DA:20,38
DA:21,2
DA:27,36
DA:30,2
DA:34,34
DA:37,34
DA:38,13
DA:42,21
DA:44,19
DA:47,2
DA:51,1
LF:17
LH:17
BRDA:20,0,0,2
BRDA:20,0,1,36
BRDA:27,1,0,2
BRDA:27,1,1,34
BRDA:30,2,0,2
BRDA:30,2,1,0
BRDA:37,3,0,13
BRDA:37,3,1,21
BRDA:42,4,0,19
BRDA:42,4,1,2
BRF:10
BRH:9
end_of_record
TN:
SF:algorithms/search/jump-search/jumpSearch.js
FN:11,jumpSearch
FNF:1
FNH:1
FNDA:19,jumpSearch
DA:12,19
DA:13,19
DA:15,19
DA:17,2
DA:24,17
DA:27,17
DA:28,17
DA:29,17
DA:31,15
DA:32,15
DA:35,15
DA:36,2
DA:41,15
DA:42,15
DA:43,28
DA:44,12
DA:47,16
DA:50,3
LF:18
LH:18
BRDA:15,0,0,2
BRDA:15,0,1,17
BRDA:35,1,0,2
BRDA:35,1,1,13
BRDA:43,2,0,12
BRDA:43,2,1,16
BRF:6
BRH:6
end_of_record
TN:
SF:algorithms/search/linear-search/linearSearch.js
FN:11,linearSearch
FN:15,(anonymous_1)
FNF:2
FNH:2
FNDA:9,linearSearch
FNDA:36,(anonymous_1)
DA:12,9
DA:13,9
DA:15,9
DA:16,36
DA:17,9
DA:21,9
LF:6
LH:6
BRDA:16,0,0,9
BRDA:16,0,1,27
BRF:2
BRH:2
end_of_record
TN:
SF:algorithms/sets/cartesian-product/cartesianProduct.js
FN:7,cartesianProduct
FNF:1
FNH:1
FNDA:4,cartesianProduct
DA:10,4
DA:11,2
DA:15,2
DA:18,2
DA:19,3
DA:21,5
DA:26,2
LF:7
LH:7
BRDA:10,0,0,2
BRDA:10,0,1,2
BRDA:10,1,0,4
BRDA:10,1,1,4
BRDA:10,1,2,2
BRDA:10,1,3,2
BRF:6
BRH:6
end_of_record
TN:
SF:algorithms/sets/combination-sum/combinationSum.js
FN:9,combinationSumRecursive
FN:63,combinationSum
FNF:2
FNH:2
FNDA:62,combinationSumRecursive
FNDA:5,combinationSum
DA:16,62
DA:19,31
DA:22,31
DA:26,6
DA:28,6
DA:33,25
DA:34,57
DA:37,57
DA:40,57
DA:50,57
DA:53,25
DA:64,5
LF:12
LH:12
BRDA:12,0,0,5
BRDA:13,1,0,5
BRDA:14,2,0,5
BRDA:16,3,0,31
BRDA:16,3,1,31
BRDA:22,4,0,6
BRDA:22,4,1,25
BRF:7
BRH:7
end_of_record
TN:
SF:algorithms/sets/combinations/combineWithRepetitions.js
FN:6,combineWithRepetitions
FN:10,(anonymous_1)
FN:18,(anonymous_2)
FN:26,(anonymous_3)
FNF:4
FNH:4
FNDA:190,combineWithRepetitions
FNDA:356,(anonymous_1)
FNDA:183,(anonymous_2)
FNDA:1027,(anonymous_3)
DA:9,190
DA:10,356
DA:14,54
DA:18,54
DA:20,183
DA:26,183
DA:27,1027
DA:31,54
LF:8
LH:8
BRDA:9,0,0,136
BRDA:9,0,1,54
BRF:2
BRH:2
end_of_record
TN:
SF:algorithms/sets/combinations/combineWithoutRepetitions.js
FN:6,combineWithoutRepetitions
FN:10,(anonymous_1)
FN:18,(anonymous_2)
FN:26,(anonymous_3)
FNF:4
FNH:4
FNDA:140,combineWithoutRepetitions
FNDA:92,(anonymous_1)
FNDA:131,(anonymous_2)
FNDA:244,(anonymous_3)
DA:9,140
DA:10,92
DA:14,57
DA:18,57
DA:20,131
DA:26,131
DA:27,244
DA:31,57
LF:8
LH:8
BRDA:9,0,0,83
BRDA:9,0,1,57
BRF:2
BRH:2
end_of_record
TN:
SF:algorithms/sets/fisher-yates/fisherYates.js
FN:5,fisherYates
FNF:1
FNH:1
FNDA:3,fisherYates
DA:7,3
DA:9,3
DA:10,19
DA:11,19
DA:14,3
LF:5
LH:5
BRF:0
BRH:0
end_of_record
TN:
SF:algorithms/sets/knapsack-problem/Knapsack.js
FN:8,(anonymous_0)
FN:14,(anonymous_1)
FN:20,(anonymous_2)
FN:30,(anonymous_3)
FN:36,(anonymous_4)
FN:46,(anonymous_5)
FN:52,(anonymous_6)
FN:64,(anonymous_7)
FN:75,(anonymous_8)
FN:155,(anonymous_9)
FN:182,(anonymous_10)
FN:184,(anonymous_11)
FN:189,(anonymous_12)
FN:191,(anonymous_13)
FNF:14
FNH:14
FNDA:7,(anonymous_0)
FNDA:4,(anonymous_1)
FNDA:38,(anonymous_2)
FNDA:7,(anonymous_3)
FNDA:78,(anonymous_4)
FNDA:3,(anonymous_5)
FNDA:24,(anonymous_6)
FNDA:4,(anonymous_7)
FNDA:18,(anonymous_8)
FNDA:3,(anonymous_9)
FNDA:7,(anonymous_10)
FNDA:20,(anonymous_11)
FNDA:35,(anonymous_12)
FNDA:72,(anonymous_13)
DA:9,7
DA:10,7
DA:11,7
DA:15,4
DA:21,38
DA:22,14
DA:25,24
DA:31,7
DA:37,78
DA:38,4
DA:41,74
DA:47,3
DA:53,24
DA:54,6
DA:57,18
DA:67,4
DA:68,4
DA:70,4
DA:73,4
DA:74,4
DA:75,4
DA:76,18
DA:81,4
DA:82,18
DA:87,4
DA:88,24
DA:89,24
DA:90,24
DA:91,24
DA:97,4
DA:98,14
DA:99,78
DA:100,78
DA:102,78
DA:106,39
DA:110,39
DA:120,4
DA:121,4
DA:123,4
DA:124,14
DA:125,14
DA:130,14
DA:136,5
DA:137,5
DA:138,5
DA:142,3
DA:144,9
DA:145,4
DA:146,4
DA:149,14
DA:156,3
DA:157,3
DA:159,3
DA:160,15
DA:161,13
DA:164,13
DA:165,13
DA:167,13
DA:170,8
DA:171,5
DA:174,5
DA:177,13
DA:184,7
DA:185,20
DA:191,35
DA:192,72
LF:66
LH:66
BRDA:21,0,0,14
BRDA:21,0,1,24
BRDA:25,1,0,0
BRDA:25,1,1,24
BRDA:37,2,0,4
BRDA:37,2,1,74
BRDA:41,3,0,18
BRDA:41,3,1,56
BRDA:53,4,0,6
BRDA:53,4,1,18
BRDA:57,5,0,12
BRDA:57,5,1,6
BRDA:91,6,0,17
BRDA:91,6,1,7
BRDA:102,7,0,39
BRDA:102,7,1,39
BRDA:130,8,0,5
BRDA:130,8,1,9
BRDA:131,9,0,14
BRDA:131,9,1,11
BRDA:138,10,0,3
BRDA:138,10,1,2
BRDA:139,11,0,5
BRDA:139,11,1,5
BRDA:139,11,2,5
BRDA:144,12,0,4
BRDA:144,12,1,5
BRDA:160,13,0,13
BRDA:160,13,1,2
BRDA:167,14,0,8
BRDA:167,14,1,5
BRDA:171,15,0,5
BRDA:171,15,1,0
BRF:33
BRH:31
end_of_record
TN:
SF:algorithms/sets/knapsack-problem/KnapsackItem.js
FN:8,(anonymous_0)
FN:16,(anonymous_1)
FN:20,(anonymous_2)
FN:26,(anonymous_3)
FN:30,(anonymous_4)
FNF:5
FNH:5
FNDA:34,(anonymous_0)
FNDA:23,(anonymous_1)
FNDA:75,(anonymous_2)
FNDA:87,(anonymous_3)
FNDA:23,(anonymous_4)
DA:9,34
DA:10,34
DA:11,34
DA:13,34
DA:17,23
DA:21,75
DA:27,87
DA:31,23
LF:8
LH:8
BRDA:8,0,0,24
BRF:1
BRH:1
end_of_record
TN:
SF:algorithms/sets/longest-common-subsequence/longestCommonSubsequence.js
FN:6,longestCommonSubsequence
FN:8,(anonymous_1)
FNF:2
FNH:2
FNDA:12,longestCommonSubsequence
FNDA:67,(anonymous_1)
DA:8,67
DA:11,12
DA:12,64
DA:16,12
DA:17,67
DA:21,12
DA:22,55
DA:23,286
DA:24,54
DA:26,232
DA:35,12
DA:37,4
DA:40,8
DA:41,8
DA:42,8
DA:44,8
DA:45,59
DA:47,27
DA:48,27
DA:49,27
DA:50,32
DA:52,15
DA:55,17
DA:59,8
LF:24
LH:24
BRDA:23,0,0,54
BRDA:23,0,1,232
BRDA:35,1,0,4
BRDA:35,1,1,8
BRDA:44,2,0,67
BRDA:44,2,1,11
BRDA:45,3,0,27
BRDA:45,3,1,32
BRDA:50,4,0,15
BRDA:50,4,1,17
BRF:10
BRH:10
end_of_record
TN:
SF:algorithms/sets/longest-increasing-subsequence/dpLongestIncreasingSubsequence.js
FN:8,dpLongestIncreasingSubsequence
FNF:1
FNH:1
FNDA:4,dpLongestIncreasingSubsequence
DA:12,4
DA:14,4
DA:15,4
DA:17,4
DA:18,231
DA:23,132
DA:24,132
DA:27,90
DA:32,231
DA:36,231
DA:37,39
DA:38,39
DA:44,4
DA:46,4
DA:47,43
DA:48,21
DA:52,4
LF:17
LH:17
BRDA:18,0,0,132
BRDA:18,0,1,99
BRDA:24,1,0,90
BRDA:24,1,1,42
BRDA:36,2,0,39
BRDA:36,2,1,192
BRDA:47,3,0,21
BRDA:47,3,1,22
BRF:8
BRH:8
end_of_record
TN:
SF:algorithms/sets/maximum-subarray/bfMaximumSubarray.js
FN:8,bfMaximumSubarray
FNF:1
FNH:1
FNDA:10,bfMaximumSubarray
DA:9,10
DA:10,10
DA:11,10
DA:13,10
DA:14,52
DA:15,52
DA:16,208
DA:17,208
DA:18,38
DA:19,38
DA:20,38
DA:25,10
LF:12
LH:12
BRDA:17,0,0,38
BRDA:17,0,1,170
BRDA:17,1,0,208
BRDA:17,1,1,199
BRF:4
BRH:4
end_of_record
TN:
SF:algorithms/sets/maximum-subarray/dpMaximumSubarray.js
FN:8,dpMaximumSubarray
FN:27,(anonymous_1)
FNF:2
FNH:2
FNDA:10,dpMaximumSubarray
FNDA:52,(anonymous_1)
DA:17,10
DA:18,10
DA:23,10
DA:24,10
DA:25,10
DA:27,10
DA:28,52
DA:31,52
DA:32,30
DA:33,30
DA:34,30
DA:38,52
DA:39,12
DA:40,12
DA:44,10
LF:15
LH:15
BRDA:31,0,0,30
BRDA:31,0,1,22
BRDA:38,1,0,12
BRDA:38,1,1,40
BRF:4
BRH:4
end_of_record
TN:
SF:algorithms/sets/permutations/permutateWithRepetitions.js
FN:6,permutateWithRepetitions
FN:11,(anonymous_1)
FN:24,(anonymous_2)
FN:25,(anonymous_3)
FNF:4
FNH:4
FNDA:10,permutateWithRepetitions
FNDA:10,(anonymous_1)
FNDA:20,(anonymous_2)
FNDA:376,(anonymous_3)
DA:10,10
DA:11,10
DA:15,6
DA:18,6
DA:24,6
DA:25,20
DA:26,376
DA:30,6
LF:8
LH:8
BRDA:8,0,0,4
BRDA:10,1,0,4
BRDA:10,1,1,6
BRF:3
BRH:3
end_of_record
TN:
SF:algorithms/sets/permutations/permutateWithoutRepetitions.js
FN:5,permutateWithoutRepetitions
FNF:1
FNH:1
FNDA:18,permutateWithoutRepetitions
DA:6,18
DA:7,6
DA:11,12
DA:14,12
DA:17,12
DA:19,12
DA:20,167
DA:23,167
DA:24,916
DA:25,916
DA:26,916
DA:30,12
LF:12
LH:12
BRDA:6,0,0,6
BRDA:6,0,1,12
BRF:2
BRH:2
end_of_record
TN:
SF:algorithms/sets/power-set/btPowerSet.js
FN:8,btPowerSetRecursive
FN:39,btPowerSet
FNF:2
FNH:2
FNDA:10,btPowerSetRecursive
FNDA:2,btPowerSet
DA:11,10
DA:13,8
DA:19,8
DA:23,8
DA:26,8
DA:30,10
DA:40,2
LF:7
LH:7
BRDA:8,0,0,2
BRDA:8,1,0,2
BRDA:8,2,0,2
BRF:3
BRH:3
end_of_record
TN:
SF:algorithms/sets/power-set/bwPowerSet.js
FN:7,bwPowerSet
FNF:1
FNH:1
FNDA:2,bwPowerSet
DA:8,2
DA:13,2
DA:19,2
DA:20,10
DA:22,10
DA:24,26
DA:25,13
DA:30,10
DA:33,2
LF:9
LH:9
BRDA:24,0,0,13
BRDA:24,0,1,13
BRF:2
BRH:2
end_of_record
TN:
SF:algorithms/sets/shortest-common-supersequence/shortestCommonSupersequence.js
FN:9,shortestCommonSupersequence
FNF:1
FNH:1
FNDA:5,shortestCommonSupersequence
DA:11,5
DA:15,5
DA:16,1
DA:20,4
DA:22,4
DA:23,4
DA:24,4
DA:25,4
DA:26,4
DA:28,4
DA:30,29
DA:31,29
DA:32,6
DA:33,6
DA:35,23
DA:40,29
DA:41,29
DA:42,9
DA:43,9
DA:45,20
DA:50,29
DA:51,15
DA:52,15
DA:53,15
DA:54,15
DA:55,15
DA:56,15
DA:61,4
DA:62,2
DA:66,4
DA:67,1
DA:70,4
LF:32
LH:32
BRDA:15,0,0,1
BRDA:15,0,1,4
BRDA:15,1,0,5
BRDA:15,1,1,1
BRDA:30,2,0,29
BRDA:30,2,1,0
BRDA:31,3,0,6
BRDA:31,3,1,23
BRDA:31,4,0,29
BRDA:31,4,1,21
BRDA:40,5,0,29
BRDA:40,5,1,0
BRDA:41,6,0,9
BRDA:41,6,1,20
BRDA:41,7,0,29
BRDA:41,7,1,24
BRDA:50,8,0,15
BRDA:50,8,1,14
BRDA:50,9,0,29
BRDA:50,9,1,23
BRDA:61,10,0,2
BRDA:61,10,1,2
BRDA:66,11,0,1
BRDA:66,11,1,3
BRF:24
BRH:22
end_of_record
TN:
SF:algorithms/sorting/Sort.js
FN:12,(anonymous_0)
FN:21,(anonymous_1)
FN:23,(anonymous_2)
FN:31,(anonymous_3)
FNF:4
FNH:4
FNDA:88,(anonymous_0)
FNDA:88,(anonymous_1)
FNDA:5485,(anonymous_2)
FNDA:1,(anonymous_3)
DA:13,88
DA:14,88
DA:22,88
DA:23,88
DA:25,88
DA:26,88
DA:28,88
DA:32,1
LF:8
LH:8
BRDA:22,0,0,88
BRDA:22,0,1,21
BRDA:25,1,0,88
BRDA:25,1,1,60
BRDA:26,2,0,88
BRDA:26,2,1,49
BRF:6
BRH:6
end_of_record
TN:
SF:algorithms/sorting/SortTester.js
FN:9,(anonymous_0)
FN:23,(anonymous_1)
FN:28,(anonymous_2)
FN:30,(anonymous_3)
FN:47,(anonymous_4)
FN:49,(anonymous_5)
FN:63,(anonymous_6)
FNF:7
FNH:7
FNDA:10,(anonymous_0)
FNDA:9,(anonymous_1)
FNDA:8,(anonymous_2)
FNDA:72,(anonymous_3)
FNDA:4,(anonymous_4)
FNDA:49,(anonymous_5)
FNDA:38,(anonymous_6)
DA:1,11
DA:2,11
DA:3,11
DA:4,11
DA:5,11
DA:6,11
DA:10,10
DA:12,10
DA:13,10
DA:14,10
DA:15,10
DA:16,10
DA:17,10
DA:18,10
DA:19,10
DA:20,10
DA:24,9
DA:25,9
DA:29,8
DA:31,72
DA:32,10
DA:34,62
DA:38,8
DA:40,8
DA:41,8
DA:42,8
DA:43,8
DA:44,8
DA:48,4
DA:50,49
DA:51,10
DA:53,39
DA:57,4
DA:59,4
DA:60,4
DA:64,38
DA:65,38
DA:66,38
DA:68,38
DA:70,38
LF:40
LH:40
BRDA:31,0,0,10
BRDA:31,0,1,62
BRDA:34,1,0,24
BRDA:34,1,1,38
BRDA:50,2,0,10
BRDA:50,2,1,39
BRDA:53,3,0,20
BRDA:53,3,1,19
BRF:8
BRH:8
end_of_record
TN:
SF:algorithms/sorting/bubble-sort/BubbleSort.js
FN:4,(anonymous_0)
FNF:1
FNH:1
FNDA:21,(anonymous_0)
DA:6,21
DA:8,21
DA:10,21
DA:11,94
DA:14,94
DA:16,94
DA:18,908
DA:21,908
DA:22,594
DA:25,594
DA:31,94
DA:32,12
DA:36,9
LF:13
LH:13
BRDA:21,0,0,594
BRDA:21,0,1,314
BRDA:31,1,0,12
BRDA:31,1,1,82
BRF:4
BRH:4
end_of_record
TN:
SF:algorithms/sorting/counting-sort/CountingSort.js
FN:9,(anonymous_0)
FN:15,(anonymous_1)
FN:35,(anonymous_2)
FNF:3
FNH:3
FNDA:15,(anonymous_0)
FNDA:185,(anonymous_1)
FNDA:205,(anonymous_2)
DA:11,15
DA:12,15
DA:14,15
DA:15,14
DA:17,185
DA:20,185
DA:21,58
DA:25,185
DA:26,2
DA:33,15
DA:35,15
DA:37,205
DA:39,205
DA:45,15
DA:46,180
DA:53,15
DA:54,15
DA:57,15
DA:58,15
DA:60,205
DA:63,205
DA:66,205
DA:69,205
DA:72,205
DA:76,15
LF:25
LH:25
BRDA:9,0,0,14
BRDA:9,1,0,14
BRDA:11,2,0,15
BRDA:11,2,1,14
BRDA:12,3,0,15
BRDA:12,3,1,14
BRDA:14,4,0,14
BRDA:14,4,1,1
BRDA:14,5,0,15
BRDA:14,5,1,1
BRDA:20,6,0,58
BRDA:20,6,1,127
BRDA:25,7,0,2
BRDA:25,7,1,183
BRF:14
BRH:14
end_of_record
TN:
SF:algorithms/sorting/heap-sort/HeapSort.js
FN:5,(anonymous_0)
FN:10,(anonymous_1)
FNF:2
FNH:2
FNDA:19,(anonymous_0)
FNDA:195,(anonymous_1)
DA:6,19
DA:7,19
DA:10,19
DA:12,195
DA:14,195
DA:19,19
DA:20,195
DA:23,195
DA:25,195
DA:28,19
LF:10
LH:10
BRF:0
BRH:0
end_of_record
TN:
SF:algorithms/sorting/insertion-sort/InsertionSort.js
FN:4,(anonymous_0)
FNF:1
FNH:1
FNDA:21,(anonymous_0)
DA:5,21
DA:8,21
DA:9,183
DA:12,183
DA:16,183
DA:21,594
DA:24,594
DA:33,594
DA:37,21
LF:9
LH:9
BRDA:17,0,0,777
BRDA:17,0,1,724
BRF:2
BRH:2
end_of_record
TN:
SF:algorithms/sorting/merge-sort/MergeSort.js
FN:4,(anonymous_0)
FN:26,(anonymous_1)
FNF:2
FNH:2
FNDA:505,(anonymous_0)
FNDA:235,(anonymous_1)
DA:6,505
DA:9,505
DA:10,270
DA:14,235
DA:15,235
DA:16,235
DA:19,235
DA:20,235
DA:23,235
DA:27,235
DA:30,235
DA:31,235
DA:33,235
DA:34,531
DA:37,531
DA:38,292
DA:40,292
DA:42,239
DA:44,239
DA:48,531
DA:51,531
DA:56,235
LF:22
LH:22
BRDA:9,0,0,270
BRDA:9,0,1,235
BRDA:33,1,0,766
BRDA:33,1,1,625
BRDA:37,2,0,292
BRDA:37,2,1,239
BRF:6
BRH:6
end_of_record
TN:
SF:algorithms/sorting/quick-sort/QuickSort.js
FN:8,(anonymous_0)
FNF:1
FNH:1
FNDA:318,(anonymous_0)
DA:10,318
DA:13,318
DA:14,171
DA:18,147
DA:19,147
DA:22,147
DA:23,147
DA:26,147
DA:27,1083
DA:30,1083
DA:32,1083
DA:33,46
DA:34,1037
DA:35,508
DA:37,529
DA:42,147
DA:43,147
DA:46,147
LF:18
LH:18
BRDA:13,0,0,171
BRDA:13,0,1,147
BRDA:32,1,0,46
BRDA:32,1,1,1037
BRDA:34,2,0,508
BRDA:34,2,1,529
BRF:6
BRH:6
end_of_record
TN:
SF:algorithms/sorting/quick-sort/QuickSortInPlace.js
FN:15,(anonymous_0)
FN:35,(anonymous_1)
FN:41,(anonymous_2)
FNF:3
FNH:3
FNDA:331,(anonymous_0)
FNDA:156,(anonymous_1)
FNDA:855,(anonymous_2)
DA:22,331
DA:35,331
DA:41,156
DA:42,855
DA:43,855
DA:44,855
DA:47,156
DA:49,156
DA:51,156
DA:52,156
DA:53,1350
DA:54,699
DA:55,699
DA:63,156
DA:65,156
DA:69,331
DA:70,156
DA:71,156
DA:72,156
DA:73,156
DA:76,331
LF:21
LH:21
BRDA:17,0,0,19
BRDA:18,1,0,19
BRDA:19,2,0,19
BRDA:22,3,0,312
BRDA:22,3,1,19
BRDA:53,4,0,699
BRDA:53,4,1,651
BRDA:69,5,0,156
BRDA:69,5,1,175
BRF:9
BRH:9
end_of_record
TN:
SF:algorithms/sorting/radix-sort/RadixSort.js
FN:13,(anonymous_0)
FN:26,(anonymous_1)
FN:39,(anonymous_2)
FN:45,(anonymous_3)
FN:69,(anonymous_4)
FN:72,(anonymous_5)
FN:87,(anonymous_6)
FN:106,(anonymous_7)
FN:114,(anonymous_8)
FN:119,(anonymous_9)
FN:128,(anonymous_10)
FN:137,(anonymous_11)
FN:142,(anonymous_12)
FN:149,(anonymous_13)
FNF:14
FNH:14
FNDA:11,(anonymous_0)
FNDA:284,(anonymous_1)
FNDA:18,(anonymous_2)
FNDA:232,(anonymous_3)
FNDA:4,(anonymous_4)
FNDA:24,(anonymous_5)
FNDA:24,(anonymous_6)
FNDA:11,(anonymous_7)
FNDA:11,(anonymous_8)
FNDA:6,(anonymous_9)
FNDA:22,(anonymous_10)
FNDA:22,(anonymous_11)
FNDA:284,(anonymous_12)
FNDA:22,(anonymous_13)
DA:4,1
DA:5,1
DA:6,1
DA:15,11
DA:17,11
DA:18,11
DA:20,11
DA:21,22
DA:26,22
DA:27,284
DA:31,11
DA:41,18
DA:42,18
DA:43,18
DA:45,18
DA:46,232
DA:47,232
DA:48,75
DA:55,157
DA:56,157
DA:60,18
DA:70,4
DA:72,4
DA:73,24
DA:74,24
DA:75,24
DA:78,4
DA:89,24
DA:90,9
DA:97,15
DA:99,15
DA:107,11
DA:115,11
DA:116,9
DA:119,2
DA:120,6
DA:130,22
DA:142,284
DA:150,22
LF:39
LH:39
BRDA:21,0,0,18
BRDA:21,0,1,4
BRDA:47,1,0,75
BRDA:47,1,1,157
BRDA:89,2,0,9
BRDA:89,2,1,15
BRDA:97,3,0,7
BRDA:97,3,1,8
BRDA:115,4,0,9
BRDA:115,4,1,2
BRDA:120,5,0,2
BRDA:120,5,1,4
BRF:12
BRH:12
end_of_record
TN:
SF:algorithms/sorting/selection-sort/SelectionSort.js
FN:4,(anonymous_0)
FNF:1
FNH:1
FNDA:19,(anonymous_0)
DA:6,19
DA:8,19
DA:9,177
DA:12,177
DA:15,177
DA:17,1620
DA:19,1620
DA:20,300
DA:25,177
DA:26,75
DA:30,19
LF:11
LH:11
BRDA:19,0,0,300
BRDA:19,0,1,1320
BRDA:25,1,0,75
BRDA:25,1,1,102
BRF:4
BRH:4
end_of_record
TN:
SF:algorithms/sorting/shell-sort/ShellSort.js
FN:4,(anonymous_0)
FNF:1
FNH:1
FNDA:19,(anonymous_0)
DA:6,19
DA:9,19
DA:12,19
DA:14,44
DA:15,549
DA:16,549
DA:18,549
DA:20,2712
DA:23,2712
DA:24,163
DA:25,163
DA:26,163
DA:29,2712
DA:30,2712
DA:35,44
DA:39,19
LF:16
LH:16
BRDA:23,0,0,163
BRDA:23,0,1,2549
BRF:2
BRH:2
end_of_record
TN:
SF:algorithms/string/hamming-distance/hammingDistance.js
FN:6,hammingDistance
FNF:1
FNH:1
FNDA:8,hammingDistance
DA:7,8
DA:8,1
DA:11,7
DA:13,7
DA:14,33
DA:15,14
DA:19,7
LF:7
LH:7
BRDA:7,0,0,1
BRDA:7,0,1,7
BRDA:14,1,0,14
BRDA:14,1,1,19
BRF:4
BRH:4
end_of_record
TN:
SF:algorithms/string/knuth-morris-pratt/knuthMorrisPratt.js
FN:6,buildPatternTable
FN:32,knuthMorrisPratt
FNF:2
FNH:2
FNDA:7,buildPatternTable
FNDA:9,knuthMorrisPratt
DA:7,7
DA:8,7
DA:9,7
DA:11,7
DA:12,41
DA:13,19
DA:14,19
DA:15,19
DA:16,22
DA:17,16
DA:18,16
DA:20,6
DA:24,7
DA:33,9
DA:34,2
DA:37,7
DA:38,7
DA:40,7
DA:42,7
DA:43,121
DA:45,81
DA:46,5
DA:48,76
DA:49,76
DA:50,40
DA:51,19
DA:53,21
DA:54,21
DA:58,2
LF:29
LH:29
BRDA:12,0,0,19
BRDA:12,0,1,22
BRDA:16,1,0,16
BRDA:16,1,1,6
BRDA:33,2,0,2
BRDA:33,2,1,7
BRDA:43,3,0,81
BRDA:43,3,1,40
BRDA:45,4,0,5
BRDA:45,4,1,76
BRDA:50,5,0,19
BRDA:50,5,1,21
BRF:12
BRH:12
end_of_record
TN:
SF:algorithms/string/levenshtein-distance/levenshteinDistance.js
FN:6,levenshteinDistance
FN:9,(anonymous_1)
FNF:2
FNH:2
FNDA:11,levenshteinDistance
FNDA:55,(anonymous_1)
DA:9,55
DA:14,11
DA:15,54
DA:21,11
DA:22,55
DA:25,11
DA:26,44
DA:27,263
DA:28,263
DA:36,11
LF:10
LH:10
BRDA:27,0,0,40
BRDA:27,0,1,223
BRF:2
BRH:2
end_of_record
TN:
SF:algorithms/string/longest-common-substring/longestCommonSubstring.js
FN:6,longestCommonSubstring
FN:15,(anonymous_1)
FNF:2
FNH:2
FNDA:10,longestCommonSubstring
FNDA:137,(anonymous_1)
DA:11,10
DA:12,10
DA:15,10
DA:16,137
DA:20,10
DA:21,112
DA:24,10
DA:25,137
DA:29,10
DA:30,10
DA:31,10
DA:33,10
DA:34,127
DA:35,5030
DA:36,358
DA:38,4672
DA:43,5030
DA:44,52
DA:45,52
DA:46,52
DA:51,10
DA:53,3
DA:57,7
DA:59,7
DA:60,52
DA:61,52
DA:62,52
DA:65,7
LF:28
LH:28
BRDA:35,0,0,358
BRDA:35,0,1,4672
BRDA:43,1,0,52
BRDA:43,1,1,4978
BRDA:51,2,0,3
BRDA:51,2,1,7
BRF:6
BRH:6
end_of_record
TN:
SF:algorithms/string/rabin-karp/rabinKarp.js
FN:8,rabinKarp
FNF:1
FNH:1
FNDA:18,rabinKarp
DA:9,18
DA:12,18
DA:14,18
DA:15,18
DA:18,18
DA:19,2175
DA:22,2175
DA:23,18
DA:25,2157
DA:28,2175
DA:33,2175
DA:37,15
DA:41,3
LF:13
LH:13
BRDA:22,0,0,18
BRDA:22,0,1,2157
BRDA:33,1,0,15
BRDA:33,1,1,2160
BRDA:34,2,0,2175
BRDA:34,2,1,42
BRF:6
BRH:6
end_of_record
TN:
SF:algorithms/string/regular-expression-matching/regularExpressionMatching.js
FN:11,regularExpressionMatching
FN:27,(anonymous_1)
FNF:2
FNH:2
FNDA:27,regularExpressionMatching
FNDA:121,(anonymous_1)
DA:1,1
DA:2,1
DA:27,27
DA:28,121
DA:33,27
DA:43,27
DA:44,95
DA:46,95
DA:47,27
DA:49,68
DA:59,27
DA:60,94
DA:65,27
DA:66,94
DA:68,509
DA:69,509
DA:71,509
DA:87,151
DA:88,33
DA:89,118
DA:96,47
DA:98,71
DA:100,358
DA:117,178
DA:129,180
DA:134,27
LF:26
LH:26
BRDA:46,0,0,27
BRDA:46,0,1,68
BRDA:71,1,0,151
BRDA:71,1,1,358
BRDA:87,2,0,33
BRDA:87,2,1,118
BRDA:89,3,0,47
BRDA:89,3,1,71
BRDA:90,4,0,118
BRDA:90,4,1,66
BRDA:90,4,2,58
BRDA:100,5,0,178
BRDA:100,5,1,180
BRDA:101,6,0,358
BRDA:101,6,1,259
BRF:15
BRH:15
end_of_record
TN:
SF:algorithms/string/z-algorithm/zAlgorithm.js
FN:8,buildZArray
FN:10,(anonymous_1)
FN:106,zAlgorithm
FNF:3
FNH:3
FNDA:10,buildZArray
FNDA:221,(anonymous_1)
FNDA:10,zAlgorithm
DA:2,1
DA:10,221
DA:13,10
DA:14,10
DA:25,10
DA:28,10
DA:29,211
DA:34,112
DA:35,112
DA:42,112
DA:47,112
DA:53,112
DA:57,112
DA:63,99
DA:68,99
DA:71,83
DA:79,16
DA:83,16
DA:87,38
DA:90,16
DA:92,16
DA:98,10
DA:109,10
DA:112,10
DA:115,10
DA:121,10
DA:122,211
DA:125,8
DA:126,8
DA:131,10
LF:30
LH:30
BRDA:29,0,0,112
BRDA:29,0,1,99
BRDA:43,1,0,224
BRDA:43,1,1,221
BRDA:68,2,0,83
BRDA:68,2,1,16
BRDA:84,3,0,54
BRDA:84,3,1,51
BRDA:122,4,0,8
BRDA:122,4,1,203
BRF:10
BRH:10
end_of_record
TN:
SF:algorithms/tree/breadth-first-search/breadthFirstSearch.js
FN:15,initCallbacks
FN:18,(anonymous_1)
FN:19,(anonymous_2)
FN:32,breadthFirstSearch
FNF:4
FNH:4
FNDA:4,initCallbacks
FNDA:28,(anonymous_1)
FNDA:18,(anonymous_2)
FNDA:4,breadthFirstSearch
DA:16,4
DA:18,4
DA:19,18
DA:21,4
DA:22,4
DA:23,4
DA:25,4
DA:33,4
DA:34,4
DA:37,4
DA:39,4
DA:40,25
DA:42,25
DA:47,25
DA:48,10
DA:52,25
DA:53,11
DA:56,25
LF:18
LH:18
BRDA:15,0,0,2
BRDA:21,1,0,4
BRDA:21,1,1,3
BRDA:22,2,0,4
BRDA:22,2,1,2
BRDA:23,3,0,4
BRDA:23,3,1,2
BRDA:47,4,0,10
BRDA:47,4,1,15
BRDA:47,5,0,25
BRDA:47,5,1,11
BRDA:52,6,0,11
BRDA:52,6,1,14
BRDA:52,7,0,25
BRDA:52,7,1,11
BRF:15
BRH:15
end_of_record
TN:
SF:algorithms/tree/depth-first-search/depthFirstSearch.js
FN:18,initCallbacks
FN:23,(anonymous_1)
FN:26,(anonymous_2)
FN:43,depthFirstSearchRecursive
FN:70,depthFirstSearch
FNF:5
FNH:5
FNDA:4,initCallbacks
FNDA:28,(anonymous_1)
FNDA:18,(anonymous_2)
FNDA:25,depthFirstSearchRecursive
FNDA:4,depthFirstSearch
DA:20,4
DA:23,4
DA:26,18
DA:29,4
DA:30,4
DA:31,4
DA:34,4
DA:45,25
DA:48,25
DA:49,10
DA:53,25
DA:54,11
DA:59,25
DA:72,4
DA:75,4
LF:15
LH:15
BRDA:18,0,0,2
BRDA:29,1,0,4
BRDA:29,1,1,3
BRDA:30,2,0,4
BRDA:30,2,1,2
BRDA:31,3,0,4
BRDA:31,3,1,2
BRDA:48,4,0,10
BRDA:48,4,1,15
BRDA:48,5,0,25
BRDA:48,5,1,11
BRDA:53,6,0,11
BRDA:53,6,1,14
BRDA:53,7,0,25
BRDA:53,7,1,11
BRF:15
BRH:15
end_of_record
TN:
SF:algorithms/uncategorized/hanoi-tower/hanoiTower.js
FN:10,hanoiTowerRecursive
FN:61,hanoiTower
FNF:2
FNH:2
FNDA:108,hanoiTowerRecursive
FNDA:3,hanoiTower
DA:17,108
DA:19,73
DA:20,73
DA:21,73
DA:26,35
DA:35,35
DA:44,35
DA:73,3
DA:74,11
DA:77,3
LF:10
LH:10
BRDA:17,0,0,73
BRDA:17,0,1,35
BRDA:64,1,0,2
BRDA:65,2,0,2
BRDA:66,3,0,2
BRF:5
BRH:5
end_of_record
TN:
SF:algorithms/uncategorized/jump-game/backtrackingJumpGame.js
FN:15,backtrackingJumpGame
FNF:1
FNH:1
FNDA:64,backtrackingJumpGame
DA:16,64
DA:18,6
DA:23,58
DA:30,58
DA:32,54
DA:33,54
DA:35,54
DA:38,54
DA:39,15
DA:44,39
DA:47,43
LF:11
LH:11
BRDA:15,0,0,10
BRDA:15,1,0,10
BRDA:16,2,0,6
BRDA:16,2,1,58
BRDA:38,3,0,15
BRDA:38,3,1,39
BRF:6
BRH:6
end_of_record
TN:
SF:algorithms/uncategorized/jump-game/dpBottomUpJumpGame.js
FN:19,dpBottomUpJumpGame
FNF:1
FNH:1
FNDA:10,dpBottomUpJumpGame
DA:21,10
DA:23,10
DA:27,10
DA:28,36
DA:33,36
DA:34,42
DA:35,42
DA:36,17
DA:39,17
DA:45,10
LF:10
LH:10
BRDA:35,0,0,17
BRDA:35,0,1,25
BRF:2
BRH:2
end_of_record
TN:
SF:algorithms/uncategorized/jump-game/dpTopDownJumpGame.js
FN:20,dpTopDownJumpGame
FN:35,(anonymous_1)
FNF:2
FNH:2
FNDA:34,dpTopDownJumpGame
FNDA:46,(anonymous_1)
DA:26,34
DA:28,6
DA:33,28
DA:34,28
DA:35,46
DA:37,10
DA:42,28
DA:49,28
DA:51,37
DA:55,37
DA:56,24
DA:58,24
DA:66,24
DA:67,15
DA:72,9
DA:75,9
DA:79,13
LF:17
LH:17
BRDA:22,0,0,10
BRDA:23,1,0,10
BRDA:24,2,0,10
BRDA:26,3,0,6
BRDA:26,3,1,28
BRDA:34,4,0,10
BRDA:34,4,1,18
BRDA:55,5,0,24
BRDA:55,5,1,13
BRDA:66,6,0,15
BRDA:66,6,1,9
BRF:11
BRH:11
end_of_record
TN:
SF:algorithms/uncategorized/jump-game/greedyJumpGame.js
FN:20,greedyJumpGame
FNF:1
FNH:1
FNDA:10,greedyJumpGame
DA:24,10
DA:27,10
DA:31,36
DA:32,36
DA:33,17
DA:39,10
LF:6
LH:6
BRDA:32,0,0,17
BRDA:32,0,1,19
BRF:2
BRH:2
end_of_record
TN:
SF:algorithms/uncategorized/knight-tour/knightTour.js
FN:6,getPossibleMoves
FN:20,(anonymous_1)
FN:31,isMoveAllowed
FN:40,isBoardCompletelyVisited
FN:52,knightTourRecursive
FN:96,knightTour
FN:98,(anonymous_6)
FNF:7
FNH:7
FNDA:31707,getPossibleMoves
FNDA:253656,(anonymous_1)
FNDA:112968,isMoveAllowed
FNDA:31708,isBoardCompletelyVisited
FNDA:31708,knightTourRecursive
FNDA:2,knightTour
FNDA:8,(anonymous_6)
DA:8,31707
DA:20,31707
DA:21,253656
DA:22,253656
DA:32,112968
DA:41,31708
DA:42,31708
DA:44,31708
DA:53,31708
DA:56,31708
DA:57,1
DA:61,31707
DA:62,31707
DA:65,31707
DA:66,112968
DA:70,112968
DA:72,31706
DA:73,31706
DA:77,31706
DA:78,24
DA:83,31682
DA:84,31682
DA:89,31683
DA:98,8
DA:101,2
DA:104,2
DA:105,2
DA:106,2
DA:109,2
DA:111,2
LF:30
LH:30
BRDA:22,0,0,253656
BRDA:22,0,1,224588
BRDA:22,0,2,192419
BRDA:22,0,3,147204
BRDA:56,1,0,1
BRDA:56,1,1,31707
BRDA:70,2,0,31706
BRDA:70,2,1,81262
BRDA:77,3,0,24
BRDA:77,3,1,31682
BRDA:111,4,0,1
BRDA:111,4,1,1
BRF:12
BRH:12
end_of_record
TN:
SF:algorithms/uncategorized/n-queens/QueenPosition.js
FN:9,(anonymous_0)
FN:17,(anonymous_1)
FN:28,(anonymous_2)
FN:36,(anonymous_3)
FNF:4
FNH:4
FNDA:1752,(anonymous_0)
FNDA:3382,(anonymous_1)
FNDA:3010,(anonymous_2)
FNDA:15,(anonymous_3)
DA:10,1752
DA:11,1752
DA:22,3382
DA:33,3010
DA:37,15
LF:5
LH:5
BRF:0
BRH:0
end_of_record
TN:
SF:algorithms/uncategorized/n-queens/nQueens.js
FN:9,isSafe
FN:48,nQueensRecursive
FN:50,(anonymous_2)
FN:88,nQueens
FNF:4
FNH:4
FNDA:972,isSafe
FNDA:176,nQueensRecursive
FNDA:1004,(anonymous_2)
FNDA:3,nQueens
DA:11,972
DA:14,972
DA:15,2676
DA:17,2676
DA:33,799
DA:38,173
DA:50,176
DA:51,1004
DA:57,176
DA:60,6
DA:63,6
DA:67,170
DA:68,972
DA:70,173
DA:73,173
DA:77,173
DA:81,170
DA:94,3
DA:97,3
DA:100,3
DA:102,3
LF:21
LH:21
BRDA:17,0,0,799
BRDA:17,0,1,1877
BRDA:19,1,0,2676
BRDA:19,1,1,2117
BRDA:19,1,2,1690
BRDA:19,1,3,1690
BRDA:19,1,4,1504
BRDA:51,2,0,399
BRDA:51,2,1,605
BRDA:57,3,0,6
BRDA:57,3,1,170
BRDA:68,4,0,173
BRDA:68,4,1,799
BRF:13
BRH:13
end_of_record
TN:
SF:algorithms/uncategorized/n-queens/nQueensBitwise.js
FN:14,nQueensBitwiseRecursive
FN:99,nQueensBitwise
FNF:2
FNH:2
FNDA:213692,nQueensBitwiseRecursive
FNDA:8,nQueensBitwise
DA:22,213692
DA:28,213692
DA:33,213692
DA:34,3904
DA:42,209788
DA:47,209788
DA:55,213684
DA:65,213684
DA:82,213684
DA:91,209788
DA:100,8
LF:11
LH:11
BRDA:16,0,0,8
BRDA:17,1,0,8
BRDA:18,2,0,8
BRDA:19,3,0,8
BRDA:33,4,0,3904
BRDA:33,4,1,209788
BRF:6
BRH:6
end_of_record
TN:
SF:algorithms/uncategorized/rain-terraces/bfRainTerraces.js
FN:7,bfRainTerraces
FNF:1
FNH:1
FNDA:15,bfRainTerraces
DA:8,15
DA:10,15
DA:12,77
DA:13,77
DA:14,231
DA:18,77
DA:19,77
DA:20,231
DA:24,77
DA:25,77
DA:28,21
DA:32,15
LF:12
LH:12
BRDA:25,0,0,21
BRDA:25,0,1,56
BRF:2
BRH:2
end_of_record
TN:
SF:algorithms/uncategorized/rain-terraces/dpRainTerraces.js
FN:7,dpRainTerraces
FNF:1
FNH:1
FNDA:15,dpRainTerraces
DA:8,15
DA:11,15
DA:12,15
DA:15,15
DA:16,15
DA:17,62
DA:24,15
DA:25,15
DA:26,62
DA:34,15
DA:36,77
DA:41,77
DA:42,21
DA:46,15
LF:14
LH:14
BRDA:41,0,0,21
BRDA:41,0,1,56
BRF:2
BRH:2
end_of_record
TN:
SF:algorithms/uncategorized/recursive-staircase/recursiveStaircaseBF.js
FN:7,recursiveStaircaseBF
FNF:1
FNH:1
FNDA:278,recursiveStaircaseBF
DA:8,278
DA:11,2
DA:14,276
DA:16,55
DA:19,221
DA:21,88
DA:26,133
LF:7
LH:7
BRDA:8,0,0,2
BRDA:8,0,1,276
BRDA:14,1,0,55
BRDA:14,1,1,221
BRDA:19,2,0,88
BRDA:19,2,1,133
BRF:6
BRH:6
end_of_record
TN:
SF:algorithms/uncategorized/recursive-staircase/recursiveStaircaseDP.js
FN:7,recursiveStaircaseDP
FNF:1
FNH:1
FNDA:12,recursiveStaircaseDP
DA:8,12
DA:10,1
DA:14,11
DA:17,11
DA:18,11
DA:19,11
DA:21,11
DA:23,3
DA:27,8
DA:28,36
DA:32,8
LF:11
LH:11
BRDA:8,0,0,1
BRDA:8,0,1,11
BRDA:21,1,0,3
BRDA:21,1,1,8
BRF:4
BRH:4
end_of_record
TN:
SF:algorithms/uncategorized/recursive-staircase/recursiveStaircaseIT.js
FN:7,recursiveStaircaseIT
FNF:1
FNH:1
FNDA:12,recursiveStaircaseIT
DA:8,12
DA:11,2
DA:15,10
DA:17,10
DA:19,2
DA:25,8
DA:26,36
DA:30,8
LF:8
LH:8
BRDA:8,0,0,2
BRDA:8,0,1,10
BRDA:17,1,0,2
BRDA:17,1,1,8
BRF:4
BRH:4
end_of_record
TN:
SF:algorithms/uncategorized/recursive-staircase/recursiveStaircaseMEM.js
FN:7,recursiveStaircaseMEM
FN:13,(anonymous_1)
FNF:2
FNH:2
FNDA:12,recursiveStaircaseMEM
FNDA:84,(anonymous_1)
DA:10,12
DA:13,12
DA:14,84
DA:17,2
DA:20,82
DA:22,9
DA:25,73
DA:27,16
DA:31,57
DA:32,21
DA:37,36
DA:39,36
DA:43,12
LF:13
LH:13
BRDA:14,0,0,2
BRDA:14,0,1,82
BRDA:20,1,0,9
BRDA:20,1,1,73
BRDA:25,2,0,16
BRDA:25,2,1,57
BRDA:31,3,0,21
BRDA:31,3,1,36
BRF:8
BRH:8
end_of_record
TN:
SF:algorithms/uncategorized/square-matrix-rotation/squareMatrixRotation.js
FN:5,squareMatrixRotation
FNF:1
FNH:1
FNDA:4,squareMatrixRotation
DA:6,4
DA:9,4
DA:10,10
DA:12,10
DA:23,4
DA:24,10
DA:26,17
DA:36,4
LF:8
LH:8
BRF:0
BRH:0
end_of_record
TN:
SF:algorithms/uncategorized/unique-paths/btUniquePaths.js
FN:10,btUniquePaths
FNF:1
FNH:1
FNDA:185202,btUniquePaths
DA:12,185202
DA:15,185202
DA:18,48681
DA:23,136521
DA:24,136521
DA:27,136521
DA:28,92599
DA:34,92599
DA:37,92599
DA:41,136521
DA:42,92597
DA:48,92597
DA:51,92597
DA:57,136521
LF:14
LH:14
BRDA:10,0,0,6
BRDA:10,1,0,6
BRDA:15,2,0,48681
BRDA:15,2,1,136521
BRDA:15,3,0,185202
BRDA:15,3,1,92603
BRDA:27,4,0,92599
BRDA:27,4,1,43922
BRDA:41,5,0,92597
BRDA:41,5,1,43924
BRF:10
BRH:10
end_of_record
TN:
SF:algorithms/uncategorized/unique-paths/dpUniquePaths.js
FN:8,dpUniquePaths
FN:10,(anonymous_1)
FNF:2
FNH:2
FNDA:6,dpUniquePaths
FNDA:123,(anonymous_1)
DA:10,6
DA:11,123
DA:19,6
DA:20,123
DA:21,348
DA:22,241
DA:31,6
DA:32,117
DA:33,107
DA:34,107
DA:35,107
DA:39,6
LF:12
LH:12
BRDA:21,0,0,241
BRDA:21,0,1,107
BRDA:21,1,0,348
BRDA:21,1,1,224
BRF:4
BRH:4
end_of_record
TN:
SF:algorithms/uncategorized/unique-paths/uniquePaths.js
FN:8,uniquePaths
FNF:1
FNH:1
FNDA:6,uniquePaths
DA:9,6
DA:10,6
DA:12,6
LF:3
LH:3
BRF:0
BRH:0
end_of_record
TN:
SF:data-structures/bloom-filter/BloomFilter.js
FN:5,(anonymous_0)
FN:15,(anonymous_1)
FN:19,(anonymous_2)
FN:26,(anonymous_3)
FN:49,(anonymous_4)
FN:58,(anonymous_5)
FN:61,(anonymous_6)
FN:73,(anonymous_7)
FN:90,(anonymous_8)
FN:105,(anonymous_9)
FN:124,(anonymous_10)
FNF:11
FNH:11
FNDA:5,(anonymous_0)
FNDA:3,(anonymous_1)
FNDA:9,(anonymous_2)
FNDA:4,(anonymous_3)
FNDA:6,(anonymous_4)
FNDA:10,(anonymous_5)
FNDA:9,(anonymous_6)
FNDA:15,(anonymous_7)
FNDA:15,(anonymous_8)
FNDA:15,(anonymous_9)
FNDA:9,(anonymous_10)
DA:8,5
DA:9,5
DA:16,3
DA:19,9
DA:27,4
DA:29,4
DA:30,10
DA:32,1
DA:37,3
DA:50,6
DA:53,6
DA:54,518
DA:57,6
DA:59,10
DA:62,9
DA:66,6
DA:74,15
DA:76,15
DA:77,113
DA:78,113
DA:79,113
DA:80,113
DA:83,15
DA:91,15
DA:93,15
DA:94,113
DA:95,113
DA:98,15
DA:106,15
DA:108,15
DA:109,113
DA:110,113
DA:111,113
DA:112,113
DA:115,15
DA:125,9
LF:36
LH:36
BRDA:5,0,0,5
BRDA:30,1,0,1
BRDA:30,1,1,9
BRF:3
BRH:3
end_of_record
TN:
SF:data-structures/disjoint-set/DisjointSet.js
FN:7,(anonymous_0)
FN:16,(anonymous_1)
FN:33,(anonymous_2)
FN:53,(anonymous_3)
FN:87,(anonymous_4)
FNF:5
FNH:5
FNDA:9,(anonymous_0)
FNDA:37,(anonymous_1)
FNDA:176,(anonymous_2)
FNDA:32,(anonymous_3)
FNDA:44,(anonymous_4)
DA:8,9
DA:9,9
DA:17,37
DA:19,37
DA:21,37
DA:24,37
DA:34,176
DA:37,176
DA:39,176
DA:40,10
DA:43,166
DA:54,32
DA:55,32
DA:57,32
DA:58,1
DA:61,31
DA:63,1
DA:66,30
DA:67,30
DA:69,30
DA:71,2
DA:73,2
DA:77,28
DA:79,28
DA:88,44
DA:89,44
DA:91,44
DA:92,1
DA:95,43
LF:29
LH:29
BRDA:19,0,0,37
BRDA:19,0,1,0
BRDA:39,1,0,10
BRDA:39,1,1,166
BRDA:57,2,0,1
BRDA:57,2,1,31
BRDA:57,3,0,32
BRDA:57,3,1,31
BRDA:61,4,0,1
BRDA:61,4,1,30
BRDA:69,5,0,2
BRDA:69,5,1,28
BRDA:91,6,0,1
BRDA:91,6,1,43
BRDA:91,7,0,44
BRDA:91,7,1,43
BRF:16
BRH:15
end_of_record
TN:
SF:data-structures/disjoint-set/DisjointSetItem.js
FN:6,(anonymous_0)
FN:17,(anonymous_1)
FN:30,(anonymous_2)
FN:37,(anonymous_3)
FN:46,(anonymous_4)
FN:54,(anonymous_5)
FN:68,(anonymous_6)
FN:77,(anonymous_7)
FN:90,(anonymous_8)
FNF:9
FNH:9
FNDA:221,(anonymous_0)
FNDA:454,(anonymous_1)
FNDA:249,(anonymous_2)
FNDA:269,(anonymous_3)
FNDA:139,(anonymous_4)
FNDA:63,(anonymous_5)
FNDA:188,(anonymous_6)
FNDA:38,(anonymous_7)
FNDA:36,(anonymous_8)
DA:7,221
DA:8,221
DA:10,221
DA:11,221
DA:19,454
DA:20,312
DA:24,142
DA:31,249
DA:38,269
DA:47,139
DA:48,104
DA:51,35
DA:54,35
DA:56,63
DA:59,63
DA:62,35
DA:69,188
DA:78,38
DA:79,38
DA:80,2
DA:83,38
DA:91,36
DA:92,36
DA:94,36
LF:24
LH:24
BRDA:19,0,0,312
BRDA:19,0,1,142
BRDA:31,1,0,176
BRDA:31,1,1,73
BRDA:47,2,0,104
BRDA:47,2,1,35
BRDA:77,3,0,2
BRDA:79,4,0,2
BRDA:79,4,1,36
BRF:9
BRH:9
end_of_record
TN:
SF:data-structures/doubly-linked-list/DoublyLinkedList.js
FN:8,(anonymous_0)
FN:22,(anonymous_1)
FN:46,(anonymous_2)
FN:73,(anonymous_3)
FN:129,(anonymous_4)
FN:156,(anonymous_5)
FN:183,(anonymous_6)
FN:204,(anonymous_7)
FN:220,(anonymous_8)
FN:221,(anonymous_9)
FN:230,(anonymous_10)
FN:231,(anonymous_11)
FN:238,(anonymous_12)
FNF:13
FNH:13
FNDA:12,(anonymous_0)
FNDA:3,(anonymous_1)
FNDA:38,(anonymous_2)
FNDA:7,(anonymous_3)
FNDA:8,(anonymous_4)
FNDA:4,(anonymous_5)
FNDA:3,(anonymous_6)
FNDA:19,(anonymous_7)
FNDA:1,(anonymous_8)
FNDA:8,(anonymous_9)
FNDA:19,(anonymous_10)
FNDA:47,(anonymous_11)
FNDA:2,(anonymous_12)
DA:10,12
DA:13,12
DA:15,12
DA:24,3
DA:29,3
DA:30,2
DA:32,3
DA:35,3
DA:36,1
DA:39,3
DA:47,38
DA:50,38
DA:51,10
DA:52,10
DA:54,10
DA:58,28
DA:61,28
DA:64,28
DA:66,28
DA:74,7
DA:75,1
DA:78,6
DA:79,6
DA:81,6
DA:82,24
DA:83,8
DA:85,8
DA:89,3
DA:92,3
DA:93,2
DA:98,3
DA:99,1
DA:101,5
DA:105,2
DA:106,2
DA:109,3
DA:110,3
DA:112,3
DA:113,3
DA:117,24
DA:120,6
DA:130,8
DA:131,1
DA:134,7
DA:136,7
DA:138,16
DA:139,1
DA:143,15
DA:144,3
DA:147,12
DA:150,3
DA:157,4
DA:159,1
DA:162,3
DA:164,1
DA:165,1
DA:166,1
DA:168,1
DA:172,2
DA:174,2
DA:175,2
DA:177,2
DA:184,3
DA:185,1
DA:188,2
DA:190,2
DA:191,1
DA:192,1
DA:194,1
DA:195,1
DA:198,2
DA:205,19
DA:207,19
DA:208,19
DA:209,47
DA:210,47
DA:213,19
DA:221,8
DA:223,1
DA:231,47
DA:239,2
DA:240,2
DA:241,2
DA:243,2
DA:245,8
DA:246,8
DA:249,8
DA:250,8
DA:253,8
DA:254,8
DA:258,2
DA:259,2
DA:261,2
LF:93
LH:93
BRDA:29,0,0,2
BRDA:29,0,1,1
BRDA:35,1,0,1
BRDA:35,1,1,2
BRDA:50,2,0,10
BRDA:50,2,1,28
BRDA:74,3,0,1
BRDA:74,3,1,6
BRDA:82,4,0,8
BRDA:82,4,1,16
BRDA:85,5,0,3
BRDA:85,5,1,5
BRDA:92,6,0,2
BRDA:92,6,1,1
BRDA:98,7,0,1
BRDA:98,7,1,2
BRDA:101,8,0,2
BRDA:101,8,1,3
BRDA:129,9,0,2
BRDA:129,10,0,6
BRDA:130,11,0,1
BRDA:130,11,1,7
BRDA:138,12,0,1
BRDA:138,12,1,15
BRDA:138,13,0,16
BRDA:138,13,1,5
BRDA:143,14,0,3
BRDA:143,14,1,12
BRDA:143,15,0,15
BRDA:143,15,1,11
BRDA:157,16,0,1
BRDA:157,16,1,3
BRDA:162,17,0,1
BRDA:162,17,1,2
BRDA:184,18,0,1
BRDA:184,18,1,2
BRDA:190,19,0,1
BRDA:190,19,1,1
BRF:38
BRH:38
end_of_record
TN:
SF:data-structures/doubly-linked-list/DoublyLinkedListNode.js
FN:2,(anonymous_0)
FN:8,(anonymous_1)
FNF:2
FNH:2
FNDA:48,(anonymous_0)
FNDA:70,(anonymous_1)
DA:3,48
DA:4,48
DA:5,48
DA:9,70
LF:4
LH:4
BRDA:2,0,0,43
BRDA:2,1,0,47
BRDA:9,2,0,3
BRDA:9,2,1,67
BRF:4
BRH:4
end_of_record
TN:
SF:data-structures/graph/Graph.js
FN:5,(anonymous_0)
FN:15,(anonymous_1)
FN:25,(anonymous_2)
FN:33,(anonymous_3)
FN:40,(anonymous_4)
FN:47,(anonymous_5)
FN:55,(anonymous_6)
FN:95,(anonymous_7)
FN:116,(anonymous_8)
FN:129,(anonymous_9)
FN:130,(anonymous_10)
FN:139,(anonymous_11)
FN:141,(anonymous_12)
FN:158,(anonymous_13)
FN:160,(anonymous_14)
FN:170,(anonymous_15)
FN:176,(anonymous_16)
FN:181,(anonymous_17)
FN:182,(anonymous_18)
FN:194,(anonymous_19)
FNF:20
FNH:20
FNDA:62,(anonymous_0)
FNDA:322,(anonymous_1)
FNDA:1684,(anonymous_2)
FNDA:372,(anonymous_3)
FNDA:158,(anonymous_4)
FNDA:33,(anonymous_5)
FNDA:381,(anonymous_6)
FNDA:41,(anonymous_7)
FNDA:440,(anonymous_8)
FNDA:10,(anonymous_9)
FNDA:56,(anonymous_10)
FNDA:3,(anonymous_11)
FNDA:20,(anonymous_12)
FNDA:9,(anonymous_13)
FNDA:40,(anonymous_14)
FNDA:5,(anonymous_15)
FNDA:22,(anonymous_16)
FNDA:22,(anonymous_17)
FNDA:52,(anonymous_18)
FNDA:13,(anonymous_19)
DA:6,62
DA:7,62
DA:8,62
DA:16,322
DA:18,322
DA:26,1684
DA:34,372
DA:41,158
DA:48,33
DA:57,381
DA:58,381
DA:61,381
DA:62,66
DA:63,66
DA:67,381
DA:68,231
DA:69,231
DA:73,381
DA:74,1
DA:76,380
DA:80,380
DA:82,143
DA:85,237
DA:86,237
DA:89,380
DA:97,41
DA:98,40
DA:100,1
DA:104,40
DA:105,40
DA:107,40
DA:108,40
DA:117,440
DA:119,440
DA:120,2
DA:123,438
DA:130,10
DA:131,56
DA:141,3
DA:143,20
DA:146,20
DA:149,20
DA:152,3
DA:159,9
DA:160,9
DA:161,40
DA:164,9
DA:171,5
DA:172,5
DA:176,5
DA:177,22
DA:181,5
DA:182,22
DA:183,52
DA:184,52
DA:188,5
DA:195,13
LF:57
LH:57
BRDA:5,0,0,40
BRDA:61,1,0,66
BRDA:61,1,1,315
BRDA:67,2,0,231
BRDA:67,2,1,150
BRDA:73,3,0,1
BRDA:73,3,1,380
BRDA:80,4,0,143
BRDA:80,4,1,237
BRDA:97,5,0,40
BRDA:97,5,1,1
BRDA:119,6,0,2
BRDA:119,6,1,438
BRF:13
BRH:13
end_of_record
TN:
SF:data-structures/graph/GraphEdge.js
FN:7,(anonymous_0)
FN:16,(anonymous_1)
FN:26,(anonymous_2)
FN:37,(anonymous_3)
FNF:4
FNH:4
FNDA:359,(anonymous_0)
FNDA:1649,(anonymous_1)
FNDA:21,(anonymous_2)
FNDA:5,(anonymous_3)
DA:8,359
DA:9,359
DA:10,359
DA:17,1649
DA:18,1649
DA:20,1649
DA:27,21
DA:28,21
DA:29,21
DA:31,21
DA:38,5
LF:11
LH:11
BRDA:7,0,0,238
BRF:1
BRH:1
end_of_record
TN:
SF:data-structures/graph/GraphVertex.js
FN:7,(anonymous_0)
FN:16,(anonymous_1)
FN:34,(anonymous_2)
FN:43,(anonymous_3)
FN:50,(anonymous_4)
FN:54,(anonymous_5)
FN:66,(anonymous_6)
FN:67,(anonymous_7)
FN:73,(anonymous_8)
FN:81,(anonymous_9)
FN:83,(anonymous_10)
FN:93,(anonymous_11)
FN:95,(anonymous_12)
FN:105,(anonymous_13)
FN:106,(anonymous_14)
FN:118,(anonymous_15)
FN:125,(anonymous_16)
FN:126,(anonymous_17)
FN:135,(anonymous_18)
FNF:19
FNH:19
FNDA:502,(anonymous_0)
FNDA:214,(anonymous_1)
FNDA:631,(anonymous_2)
FNDA:84,(anonymous_3)
FNDA:562,(anonymous_4)
FNDA:1084,(anonymous_5)
FNDA:42,(anonymous_6)
FNDA:85,(anonymous_7)
FNDA:24,(anonymous_8)
FNDA:18,(anonymous_9)
FNDA:9,(anonymous_10)
FNDA:2,(anonymous_11)
FNDA:2,(anonymous_12)
FNDA:440,(anonymous_13)
FNDA:867,(anonymous_14)
FNDA:9671,(anonymous_15)
FNDA:1,(anonymous_16)
FNDA:2,(anonymous_17)
FNDA:53,(anonymous_18)
DA:8,502
DA:9,1
DA:16,501
DA:17,214
DA:18,90
DA:21,124
DA:26,501
DA:27,501
DA:35,631
DA:37,631
DA:44,84
DA:51,562
DA:54,562
DA:55,1084
DA:60,562
DA:67,85
DA:74,24
DA:82,18
DA:83,9
DA:86,18
DA:94,2
DA:95,2
DA:98,2
DA:106,440
DA:107,867
DA:110,440
DA:112,440
DA:119,9671
DA:126,2
DA:128,1
DA:136,53
LF:31
LH:31
BRDA:8,0,0,1
BRDA:8,0,1,501
BRDA:17,1,0,90
BRDA:17,1,1,124
BRDA:21,2,0,38
BRDA:21,2,1,86
BRDA:55,3,0,649
BRDA:55,3,1,435
BRDA:95,4,0,2
BRDA:95,4,1,2
BRDA:107,5,0,867
BRDA:107,5,1,745
BRDA:112,6,0,365
BRDA:112,6,1,75
BRDA:136,7,0,0
BRDA:136,7,1,53
BRF:16
BRH:15
end_of_record
TN:
SF:data-structures/hash-table/HashTable.js
FN:13,(anonymous_0)
FN:15,(anonymous_1)
FN:27,(anonymous_2)
FN:39,(anonymous_3)
FN:51,(anonymous_4)
FN:55,(anonymous_5)
FN:70,(anonymous_6)
FN:74,(anonymous_7)
FN:87,(anonymous_8)
FN:89,(anonymous_9)
FN:98,(anonymous_10)
FN:105,(anonymous_11)
FN:114,(anonymous_12)
FN:115,(anonymous_13)
FN:117,(anonymous_14)
FNF:15
FNH:15
FNDA:366,(anonymous_0)
FNDA:11628,(anonymous_1)
FNDA:648,(anonymous_2)
FNDA:2024,(anonymous_3)
FNDA:194,(anonymous_4)
FNDA:63,(anonymous_5)
FNDA:12,(anonymous_6)
FNDA:12,(anonymous_7)
FNDA:435,(anonymous_8)
FNDA:434,(anonymous_9)
FNDA:185,(anonymous_10)
FNDA:37,(anonymous_11)
FNDA:3,(anonymous_12)
FNDA:38,(anonymous_13)
FNDA:6,(anonymous_14)
DA:7,10
DA:15,11628
DA:18,366
DA:38,648
DA:39,2024
DA:44,648
DA:52,194
DA:53,194
DA:54,194
DA:55,194
DA:57,194
DA:59,134
DA:62,60
DA:71,12
DA:72,12
DA:73,12
DA:74,12
DA:76,12
DA:77,11
DA:80,1
DA:88,435
DA:89,435
DA:91,435
DA:99,185
DA:106,37
DA:115,3
DA:116,38
DA:117,6
DA:118,38
LF:29
LH:29
BRDA:13,0,0,361
BRDA:57,1,0,134
BRDA:57,1,1,60
BRDA:76,2,0,11
BRDA:76,2,1,1
BRDA:91,3,0,431
BRDA:91,3,1,4
BRF:7
BRH:7
end_of_record
TN:
SF:data-structures/heap/Heap.js
FN:11,(anonymous_0)
FN:25,(anonymous_1)
FN:33,(anonymous_2)
FN:41,(anonymous_3)
FN:49,(anonymous_4)
FN:57,(anonymous_5)
FN:65,(anonymous_6)
FN:73,(anonymous_7)
FN:81,(anonymous_8)
FN:89,(anonymous_9)
FN:97,(anonymous_10)
FN:106,(anonymous_11)
FN:117,(anonymous_12)
FN:139,(anonymous_13)
FN:150,(anonymous_14)
FN:194,(anonymous_15)
FN:209,(anonymous_16)
FN:216,(anonymous_17)
FN:223,(anonymous_18)
FN:241,(anonymous_19)
FNF:20
FNH:20
FNDA:49,(anonymous_0)
FNDA:1131,(anonymous_1)
FNDA:858,(anonymous_2)
FNDA:1516,(anonymous_3)
FNDA:588,(anonymous_4)
FNDA:569,(anonymous_5)
FNDA:385,(anonymous_6)
FNDA:325,(anonymous_7)
FNDA:325,(anonymous_8)
FNDA:484,(anonymous_9)
FNDA:525,(anonymous_10)
FNDA:24,(anonymous_11)
FNDA:260,(anonymous_12)
FNDA:345,(anonymous_13)
FNDA:39,(anonymous_14)
FNDA:120,(anonymous_15)
FNDA:250,(anonymous_16)
FNDA:71,(anonymous_17)
FNDA:366,(anonymous_18)
FNDA:236,(anonymous_19)
DA:12,49
DA:13,1
DA:17,48
DA:18,48
DA:26,1131
DA:34,858
DA:42,1516
DA:50,588
DA:58,569
DA:66,385
DA:74,325
DA:82,325
DA:90,484
DA:98,525
DA:99,525
DA:100,525
DA:107,24
DA:108,2
DA:111,22
DA:118,260
DA:119,2
DA:122,258
DA:123,31
DA:126,227
DA:129,227
DA:130,227
DA:132,227
DA:140,345
DA:141,345
DA:142,345
DA:152,39
DA:154,39
DA:157,40
DA:161,40
DA:162,10
DA:165,30
DA:168,30
DA:172,30
DA:179,9
DA:181,21
DA:186,39
DA:195,120
DA:197,120
DA:198,447
DA:199,102
DA:203,120
DA:210,250
DA:217,71
DA:227,366
DA:229,366
DA:233,222
DA:234,222
DA:245,236
DA:246,236
DA:248,236
DA:249,385
DA:253,148
DA:255,237
DA:258,385
DA:262,82
DA:265,303
DA:266,303
LF:62
LH:62
BRDA:12,0,0,1
BRDA:12,0,1,48
BRDA:107,1,0,2
BRDA:107,1,1,22
BRDA:118,2,0,2
BRDA:118,2,1,258
BRDA:122,3,0,31
BRDA:122,3,1,227
BRDA:150,4,0,28
BRDA:161,5,0,10
BRDA:161,5,1,30
BRDA:172,6,0,9
BRDA:172,6,1,21
BRDA:173,7,0,30
BRDA:173,7,1,9
BRDA:173,7,2,2
BRDA:194,8,0,6
BRDA:198,9,0,102
BRDA:198,9,1,345
BRDA:227,10,0,366
BRDA:227,10,1,347
BRDA:230,11,0,588
BRDA:230,11,1,454
BRDA:241,12,0,227
BRDA:249,13,0,148
BRDA:249,13,1,237
BRDA:250,14,0,385
BRDA:250,14,1,325
BRDA:258,15,0,82
BRDA:258,15,1,303
BRF:30
BRH:30
end_of_record
TN:
SF:data-structures/heap/MaxHeap.js
FN:13,(anonymous_0)
FNF:1
FNH:1
FNDA:68,(anonymous_0)
DA:14,68
LF:1
LH:1
BRF:0
BRH:0
end_of_record
TN:
SF:data-structures/heap/MinHeap.js
FN:13,(anonymous_0)
FNF:1
FNH:1
FNDA:1098,(anonymous_0)
DA:14,1098
LF:1
LH:1
BRF:0
BRH:0
end_of_record
TN:
SF:data-structures/linked-list/LinkedList.js
FN:8,(anonymous_0)
FN:22,(anonymous_1)
FN:39,(anonymous_2)
FN:61,(anonymous_3)
FN:103,(anonymous_4)
FN:130,(anonymous_5)
FN:161,(anonymous_6)
FN:182,(anonymous_7)
FN:183,(anonymous_8)
FN:191,(anonymous_9)
FN:207,(anonymous_10)
FN:208,(anonymous_11)
FN:215,(anonymous_12)
FNF:13
FNH:13
FNDA:12177,(anonymous_0)
FNDA:122,(anonymous_1)
FNDA:873,(anonymous_2)
FNDA:102,(anonymous_3)
FNDA:1111,(anonymous_4)
FNDA:3,(anonymous_5)
FNDA:149,(anonymous_6)
FNDA:2,(anonymous_7)
FNDA:13,(anonymous_8)
FNDA:844,(anonymous_9)
FNDA:27,(anonymous_10)
FNDA:56,(anonymous_11)
FNDA:2,(anonymous_12)
DA:10,12177
DA:13,12177
DA:15,12177
DA:24,122
DA:25,122
DA:28,122
DA:29,33
DA:32,122
DA:40,873
DA:43,873
DA:44,456
DA:45,456
DA:47,456
DA:51,417
DA:52,417
DA:54,417
DA:62,102
DA:63,8
DA:66,94
DA:70,94
DA:71,71
DA:72,71
DA:75,94
DA:77,94
DA:79,63
DA:80,40
DA:81,12
DA:82,12
DA:84,28
DA:90,94
DA:91,38
DA:94,94
DA:104,1111
DA:105,159
DA:108,952
DA:110,952
DA:112,1408
DA:113,876
DA:117,532
DA:118,4
DA:121,528
DA:124,72
DA:131,3
DA:133,3
DA:135,1
DA:136,1
DA:138,1
DA:144,2
DA:145,2
DA:146,3
DA:147,2
DA:149,1
DA:153,2
DA:155,2
DA:162,149
DA:163,3
DA:166,146
DA:168,146
DA:169,102
DA:171,44
DA:172,44
DA:175,146
DA:183,13
DA:185,2
DA:192,844
DA:194,844
DA:195,844
DA:196,1570
DA:197,1570
DA:200,844
DA:208,56
DA:216,2
DA:217,2
DA:218,2
DA:220,2
DA:222,6
DA:225,6
DA:228,6
DA:229,6
DA:233,2
DA:234,2
DA:236,2
LF:82
LH:82
BRDA:28,0,0,33
BRDA:28,0,1,89
BRDA:43,1,0,456
BRDA:43,1,1,417
BRDA:62,2,0,8
BRDA:62,2,1,94
BRDA:70,3,0,165
BRDA:70,3,1,134
BRDA:77,4,0,63
BRDA:77,4,1,31
BRDA:80,5,0,12
BRDA:80,5,1,28
BRDA:90,6,0,38
BRDA:90,6,1,56
BRDA:103,7,0,1104
BRDA:103,8,0,7
BRDA:104,9,0,159
BRDA:104,9,1,952
BRDA:112,10,0,876
BRDA:112,10,1,532
BRDA:112,11,0,1408
BRDA:112,11,1,1393
BRDA:117,12,0,4
BRDA:117,12,1,528
BRDA:117,13,0,532
BRDA:117,13,1,15
BRDA:133,14,0,1
BRDA:133,14,1,2
BRDA:146,15,0,2
BRDA:146,15,1,1
BRDA:162,16,0,3
BRDA:162,16,1,146
BRDA:168,17,0,102
BRDA:168,17,1,44
BRF:34
BRH:34
end_of_record
TN:
SF:data-structures/linked-list/LinkedListNode.js
FN:2,(anonymous_0)
FN:7,(anonymous_1)
FNF:2
FNH:2
FNDA:1001,(anonymous_0)
FNDA:82,(anonymous_1)
DA:3,1001
DA:4,1001
DA:8,82
LF:3
LH:3
BRDA:2,0,0,878
BRDA:8,1,0,11
BRDA:8,1,1,71
BRF:3
BRH:3
end_of_record
TN:
SF:data-structures/priority-queue/PriorityQueue.js
FN:7,(anonymous_0)
FN:25,(anonymous_1)
FN:37,(anonymous_2)
FN:49,(anonymous_3)
FN:60,(anonymous_4)
FN:69,(anonymous_5)
FN:79,(anonymous_6)
FN:92,(anonymous_7)
FNF:8
FNH:8
FNDA:12,(anonymous_0)
FNDA:65,(anonymous_1)
FNDA:9,(anonymous_2)
FNDA:9,(anonymous_3)
FNDA:35,(anonymous_4)
FNDA:35,(anonymous_5)
FNDA:150,(anonymous_6)
FNDA:101,(anonymous_7)
DA:9,12
DA:12,12
DA:16,12
DA:26,65
DA:27,65
DA:28,65
DA:38,9
DA:39,9
DA:40,9
DA:50,9
DA:51,9
DA:52,9
DA:61,35
DA:70,35
DA:80,150
DA:81,20
DA:83,130
DA:93,101
DA:94,30
DA:96,71
LF:20
LH:20
BRDA:25,0,0,0
BRDA:80,1,0,20
BRDA:80,1,1,130
BRDA:83,2,0,42
BRDA:83,2,1,88
BRDA:93,3,0,30
BRDA:93,3,1,71
BRDA:96,4,0,31
BRDA:96,4,1,40
BRF:9
BRH:8
end_of_record
TN:
SF:data-structures/queue/Queue.js
FN:4,(anonymous_0)
FN:15,(anonymous_1)
FN:23,(anonymous_2)
FN:36,(anonymous_3)
FN:45,(anonymous_4)
FN:54,(anonymous_5)
FNF:6
FNH:6
FNDA:13,(anonymous_0)
FNDA:58,(anonymous_1)
FNDA:3,(anonymous_2)
FNDA:57,(anonymous_3)
FNDA:53,(anonymous_4)
FNDA:2,(anonymous_5)
DA:9,13
DA:16,58
DA:24,3
DA:25,1
DA:28,2
DA:37,57
DA:46,53
DA:47,53
DA:56,2
LF:9
LH:9
BRDA:24,0,0,1
BRDA:24,0,1,2
BRDA:47,1,0,52
BRDA:47,1,1,1
BRF:4
BRH:4
end_of_record
TN:
SF:data-structures/stack/Stack.js
FN:4,(anonymous_0)
FN:14,(anonymous_1)
FN:22,(anonymous_2)
FN:35,(anonymous_3)
FN:44,(anonymous_4)
FN:54,(anonymous_5)
FN:57,(anonymous_6)
FN:64,(anonymous_7)
FNF:8
FNH:8
FNDA:19,(anonymous_0)
FNDA:97,(anonymous_1)
FNDA:77,(anonymous_2)
FNDA:119,(anonymous_3)
FNDA:93,(anonymous_4)
FNDA:150,(anonymous_5)
FNDA:282,(anonymous_6)
FNDA:2,(anonymous_7)
DA:8,19
DA:16,97
DA:23,77
DA:25,2
DA:29,75
DA:38,119
DA:47,93
DA:48,93
DA:55,150
DA:57,282
DA:65,2
LF:11
LH:11
BRDA:23,0,0,2
BRDA:23,0,1,75
BRDA:48,1,0,92
BRDA:48,1,1,1
BRF:4
BRH:4
end_of_record
TN:
SF:data-structures/tree/BinaryTreeNode.js
FN:8,(anonymous_0)
FN:24,(anonymous_1)
FN:35,(anonymous_2)
FN:46,(anonymous_3)
FN:53,(anonymous_4)
FN:61,(anonymous_5)
FN:92,(anonymous_6)
FN:102,(anonymous_7)
FN:123,(anonymous_8)
FN:144,(anonymous_9)
FN:163,(anonymous_10)
FN:185,(anonymous_11)
FN:194,(anonymous_12)
FN:216,(anonymous_13)
FNF:14
FNH:14
FNDA:295,(anonymous_0)
FNDA:1793,(anonymous_1)
FNDA:1793,(anonymous_2)
FNDA:1268,(anonymous_3)
FNDA:525,(anonymous_4)
FNDA:83,(anonymous_5)
FNDA:9,(anonymous_6)
FNDA:171,(anonymous_7)
FNDA:195,(anonymous_8)
FNDA:14,(anonymous_9)
FNDA:7,(anonymous_10)
FNDA:3,(anonymous_11)
FNDA:1381,(anonymous_12)
FNDA:415,(anonymous_13)
DA:9,295
DA:10,295
DA:11,295
DA:12,295
DA:15,295
DA:18,295
DA:25,1793
DA:26,1209
DA:29,584
DA:36,1793
DA:37,1170
DA:40,623
DA:47,1268
DA:54,525
DA:63,83
DA:64,6
DA:68,77
DA:69,4
DA:73,73
DA:74,16
DA:79,57
DA:81,40
DA:85,17
DA:93,9
DA:95,9
DA:104,171
DA:105,39
DA:109,171
DA:112,171
DA:113,147
DA:116,171
DA:125,195
DA:126,50
DA:130,195
DA:133,195
DA:134,163
DA:137,195
DA:145,14
DA:146,9
DA:147,9
DA:150,5
DA:151,4
DA:152,4
DA:155,1
DA:164,7
DA:165,1
DA:168,6
DA:169,2
DA:170,2
DA:173,4
DA:174,3
DA:175,3
DA:178,1
DA:186,3
DA:187,3
DA:188,3
DA:195,1381
DA:198,1381
DA:199,471
DA:203,1381
DA:206,1381
DA:207,484
DA:210,1381
DA:217,415
LF:64
LH:64
BRDA:8,0,0,3
BRDA:25,1,0,1209
BRDA:25,1,1,584
BRDA:36,2,0,1170
BRDA:36,2,1,623
BRDA:63,3,0,6
BRDA:63,3,1,77
BRDA:68,4,0,4
BRDA:68,4,1,73
BRDA:73,5,0,16
BRDA:73,5,1,57
BRDA:73,6,0,73
BRDA:73,6,1,64
BRDA:79,7,0,40
BRDA:79,7,1,17
BRDA:104,8,0,39
BRDA:104,8,1,132
BRDA:112,9,0,147
BRDA:112,9,1,24
BRDA:125,10,0,50
BRDA:125,10,1,145
BRDA:133,11,0,163
BRDA:133,11,1,32
BRDA:145,12,0,9
BRDA:145,12,1,5
BRDA:145,13,0,14
BRDA:145,13,1,10
BRDA:150,14,0,4
BRDA:150,14,1,1
BRDA:150,15,0,5
BRDA:150,15,1,4
BRDA:164,16,0,1
BRDA:164,16,1,6
BRDA:164,17,0,7
BRDA:164,17,1,7
BRDA:168,18,0,2
BRDA:168,18,1,4
BRDA:168,19,0,6
BRDA:168,19,1,6
BRDA:173,20,0,3
BRDA:173,20,1,1
BRDA:173,21,0,4
BRDA:173,21,1,4
BRDA:198,22,0,471
BRDA:198,22,1,910
BRDA:206,23,0,484
BRDA:206,23,1,897
BRF:47
BRH:47
end_of_record
TN:
SF:data-structures/tree/avl-tree/AvlTree.js
FN:7,(anonymous_0)
FN:23,(anonymous_1)
FN:34,(anonymous_2)
FN:60,(anonymous_3)
FN:86,(anonymous_4)
FN:114,(anonymous_5)
FN:141,(anonymous_6)
FNF:7
FNH:7
FNDA:80,(anonymous_0)
FNDA:4,(anonymous_1)
FNDA:247,(anonymous_2)
FNDA:10,(anonymous_3)
FNDA:4,(anonymous_4)
FNDA:2,(anonymous_5)
FNDA:15,(anonymous_6)
DA:9,80
DA:12,80
DA:13,80
DA:14,243
DA:15,243
DA:25,4
DA:28,4
DA:36,247
DA:38,10
DA:40,6
DA:41,4
DA:43,4
DA:45,237
DA:47,15
DA:49,13
DA:50,2
DA:52,2
DA:62,10
DA:63,10
DA:66,10
DA:67,4
DA:68,6
DA:70,6
DA:75,10
DA:76,2
DA:80,10
DA:88,4
DA:89,4
DA:92,4
DA:93,4
DA:96,4
DA:97,1
DA:98,1
DA:102,4
DA:105,4
DA:108,4
DA:116,2
DA:117,2
DA:120,2
DA:121,2
DA:123,2
DA:124,1
DA:125,1
DA:129,2
DA:132,2
DA:135,2
DA:143,15
DA:144,15
DA:147,15
DA:148,6
DA:149,9
DA:151,9
DA:156,15
DA:157,2
DA:161,15
LF:55
LH:55
BRDA:36,0,0,10
BRDA:36,0,1,237
BRDA:38,1,0,6
BRDA:38,1,1,4
BRDA:41,2,0,4
BRDA:41,2,1,0
BRDA:45,3,0,15
BRDA:45,3,1,222
BRDA:47,4,0,13
BRDA:47,4,1,2
BRDA:50,5,0,2
BRDA:50,5,1,0
BRDA:66,6,0,4
BRDA:66,6,1,6
BRDA:68,7,0,6
BRDA:68,7,1,0
BRDA:75,8,0,2
BRDA:75,8,1,8
BRDA:96,9,0,1
BRDA:96,9,1,3
BRDA:123,10,0,1
BRDA:123,10,1,1
BRDA:147,11,0,6
BRDA:147,11,1,9
BRDA:149,12,0,9
BRDA:149,12,1,0
BRDA:156,13,0,2
BRDA:156,13,1,13
BRF:28
BRH:24
end_of_record
TN:
SF:data-structures/tree/binary-search-tree/BinarySearchTree.js
FN:7,(anonymous_0)
FN:18,(anonymous_1)
FN:26,(anonymous_2)
FN:34,(anonymous_3)
FN:41,(anonymous_4)
FNF:5
FNH:5
FNDA:31,(anonymous_0)
FNDA:165,(anonymous_1)
FNDA:4,(anonymous_2)
FNDA:6,(anonymous_3)
FNDA:56,(anonymous_4)
DA:8,31
DA:11,31
DA:19,165
DA:27,4
DA:35,6
DA:42,56
LF:6
LH:6
BRF:0
BRH:0
end_of_record
TN:
SF:data-structures/tree/binary-search-tree/BinarySearchTreeNode.js
FN:9,(anonymous_0)
FN:21,(anonymous_1)
FN:59,(anonymous_2)
FN:82,(anonymous_3)
FN:90,(anonymous_4)
FN:144,(anonymous_5)
FNF:6
FNH:6
FNDA:218,(anonymous_0)
FNDA:364,(anonymous_1)
FNDA:325,(anonymous_2)
FNDA:21,(anonymous_3)
FNDA:20,(anonymous_4)
FNDA:22,(anonymous_5)
DA:10,218
DA:13,218
DA:14,218
DA:22,364
DA:23,35
DA:25,35
DA:28,329
DA:30,143
DA:31,68
DA:34,75
DA:35,75
DA:37,75
DA:40,186
DA:42,185
DA:43,87
DA:46,98
DA:47,98
DA:49,98
DA:52,1
DA:61,325
DA:62,115
DA:65,210
DA:67,78
DA:70,132
DA:72,119
DA:75,13
DA:83,21
DA:91,20
DA:93,20
DA:94,1
DA:97,19
DA:99,19
DA:101,11
DA:103,10
DA:106,1
DA:108,8
DA:112,4
DA:113,4
DA:114,1
DA:115,1
DA:119,3
DA:120,3
DA:126,4
DA:128,4
DA:129,2
DA:131,2
DA:136,19
DA:138,19
DA:145,22
DA:146,10
DA:149,12
LF:51
LH:51
BRDA:9,0,0,6
BRDA:9,1,0,212
BRDA:22,2,0,35
BRDA:22,2,1,329
BRDA:28,3,0,143
BRDA:28,3,1,186
BRDA:30,4,0,68
BRDA:30,4,1,75
BRDA:40,5,0,185
BRDA:40,5,1,1
BRDA:42,6,0,87
BRDA:42,6,1,98
BRDA:61,7,0,115
BRDA:61,7,1,210
BRDA:65,8,0,78
BRDA:65,8,1,132
BRDA:65,9,0,210
BRDA:65,9,1,78
BRDA:70,10,0,119
BRDA:70,10,1,13
BRDA:70,11,0,132
BRDA:70,11,1,132
BRDA:93,12,0,1
BRDA:93,12,1,19
BRDA:99,13,0,11
BRDA:99,13,1,8
BRDA:99,14,0,19
BRDA:99,14,1,13
BRDA:101,15,0,10
BRDA:101,15,1,1
BRDA:108,16,0,4
BRDA:108,16,1,4
BRDA:108,17,0,8
BRDA:108,17,1,6
BRDA:113,18,0,1
BRDA:113,18,1,3
BRDA:126,19,0,4
BRDA:126,19,1,2
BRDA:128,20,0,2
BRDA:128,20,1,2
BRDA:145,21,0,10
BRDA:145,21,1,12
BRF:42
BRH:42
end_of_record
TN:
SF:data-structures/tree/fenwick-tree/FenwickTree.js
FN:8,(anonymous_0)
FN:22,(anonymous_1)
FN:40,(anonymous_2)
FN:61,(anonymous_3)
FNF:4
FNH:4
FNDA:5,(anonymous_0)
FNDA:18,(anonymous_1)
FNDA:45,(anonymous_2)
FNDA:12,(anonymous_3)
DA:9,5
DA:12,5
DA:23,18
DA:24,2
DA:27,16
DA:28,37
DA:31,16
DA:41,45
DA:42,2
DA:45,43
DA:47,43
DA:48,71
DA:51,43
DA:62,12
DA:63,1
DA:66,11
DA:67,6
DA:70,5
LF:18
LH:18
BRDA:23,0,0,2
BRDA:23,0,1,16
BRDA:23,1,0,18
BRDA:23,1,1,17
BRDA:41,2,0,2
BRDA:41,2,1,43
BRDA:41,3,0,45
BRDA:41,3,1,44
BRDA:62,4,0,1
BRDA:62,4,1,11
BRDA:66,5,0,6
BRDA:66,5,1,5
BRF:12
BRH:12
end_of_record
TN:
SF:data-structures/tree/red-black-tree/RedBlackTree.js
FN:17,(anonymous_0)
FN:39,(anonymous_1)
FN:46,(anonymous_2)
FN:123,(anonymous_3)
FN:170,(anonymous_4)
FN:198,(anonymous_5)
FN:245,(anonymous_6)
FN:272,(anonymous_7)
FN:282,(anonymous_8)
FN:292,(anonymous_9)
FN:300,(anonymous_10)
FN:308,(anonymous_11)
FN:316,(anonymous_12)
FNF:13
FNH:13
FNDA:66,(anonymous_0)
FNDA:1,(anonymous_1)
FNDA:81,(anonymous_2)
FNDA:5,(anonymous_3)
FNDA:3,(anonymous_4)
FNDA:4,(anonymous_5)
FNDA:1,(anonymous_6)
FNDA:61,(anonymous_7)
FNDA:44,(anonymous_8)
FNDA:65,(anonymous_9)
FNDA:120,(anonymous_10)
FNDA:1,(anonymous_11)
FNDA:9,(anonymous_12)
DA:4,1
DA:10,1
DA:18,66
DA:21,66
DA:23,11
DA:26,55
DA:30,66
DA:32,66
DA:40,1
DA:48,81
DA:49,14
DA:53,67
DA:54,43
DA:57,24
DA:59,24
DA:63,15
DA:64,15
DA:66,15
DA:68,6
DA:72,9
DA:76,6
DA:77,9
DA:80,9
DA:84,9
DA:86,5
DA:88,2
DA:91,3
DA:95,4
DA:97,3
DA:100,1
DA:105,9
DA:106,3
DA:109,3
DA:113,9
DA:125,5
DA:129,5
DA:130,3
DA:134,5
DA:138,5
DA:141,5
DA:144,5
DA:147,5
DA:148,3
DA:149,1
DA:151,2
DA:155,2
DA:159,5
DA:162,5
DA:172,3
DA:173,3
DA:178,3
DA:181,3
DA:184,3
DA:187,3
DA:190,3
DA:200,4
DA:204,4
DA:205,3
DA:209,4
DA:213,4
DA:216,4
DA:219,4
DA:222,4
DA:223,3
DA:224,1
DA:226,2
DA:230,1
DA:234,4
DA:237,4
DA:247,1
DA:248,1
DA:253,1
DA:256,1
DA:259,1
DA:262,1
DA:265,1
DA:273,61
DA:275,61
DA:283,44
DA:285,44
DA:293,65
DA:301,120
DA:309,1
DA:317,9
DA:318,9
DA:320,9
DA:321,9
LF:87
LH:87
BRDA:21,0,0,11
BRDA:21,0,1,55
BRDA:48,1,0,14
BRDA:48,1,1,67
BRDA:53,2,0,43
BRDA:53,2,1,24
BRDA:59,3,0,15
BRDA:59,3,1,9
BRDA:59,4,0,24
BRDA:59,4,1,17
BRDA:66,5,0,6
BRDA:66,5,1,9
BRDA:77,6,0,9
BRDA:77,6,1,0
BRDA:77,7,0,9
BRDA:77,7,1,2
BRDA:80,8,0,9
BRDA:80,8,1,0
BRDA:84,9,0,5
BRDA:84,9,1,4
BRDA:86,10,0,2
BRDA:86,10,1,3
BRDA:95,11,0,3
BRDA:95,11,1,1
BRDA:105,12,0,3
BRDA:105,12,1,6
BRDA:105,13,0,9
BRDA:105,13,1,9
BRDA:129,14,0,3
BRDA:129,14,1,2
BRDA:147,15,0,3
BRDA:147,15,1,2
BRDA:148,16,0,1
BRDA:148,16,1,2
BRDA:204,17,0,3
BRDA:204,17,1,1
BRDA:222,18,0,3
BRDA:222,18,1,1
BRDA:223,19,0,1
BRDA:223,19,1,2
BRDA:309,20,0,1
BRDA:309,20,1,1
BRF:42
BRH:40
end_of_record
TN:
SF:data-structures/tree/segment-tree/SegmentTree.js
FN:9,(anonymous_0)
FN:24,(anonymous_1)
FN:48,(anonymous_2)
FN:62,(anonymous_3)
FN:94,(anonymous_4)
FN:118,(anonymous_5)
FN:156,(anonymous_6)
FN:165,(anonymous_7)
FNF:8
FNH:8
FNDA:10,(anonymous_0)
FNDA:10,(anonymous_1)
FNDA:10,(anonymous_2)
FNDA:80,(anonymous_3)
FNDA:24,(anonymous_4)
FNDA:134,(anonymous_5)
FNDA:125,(anonymous_6)
FNDA:125,(anonymous_7)
DA:10,10
DA:11,10
DA:12,10
DA:15,10
DA:17,10
DA:26,10
DA:28,10
DA:30,5
DA:36,5
DA:37,5
DA:38,5
DA:39,5
DA:42,10
DA:49,10
DA:50,10
DA:51,10
DA:52,10
DA:67,80
DA:68,45
DA:69,45
DA:73,35
DA:75,35
DA:77,35
DA:81,35
DA:95,24
DA:96,24
DA:97,24
DA:99,24
DA:119,134
DA:121,38
DA:124,96
DA:126,41
DA:130,55
DA:132,55
DA:140,55
DA:148,55
DA:157,125
DA:166,125
LF:38
LH:38
BRDA:28,0,0,5
BRDA:28,0,1,5
BRDA:67,1,0,45
BRDA:67,1,1,35
BRDA:119,2,0,38
BRDA:119,2,1,96
BRDA:119,3,0,134
BRDA:119,3,1,81
BRDA:124,4,0,41
BRDA:124,4,1,55
BRDA:124,5,0,96
BRDA:124,5,1,77
BRF:12
BRH:12
end_of_record
TN:
SF:data-structures/trie/Trie.js
FN:7,(anonymous_0)
FN:15,(anonymous_1)
FN:31,(anonymous_2)
FN:32,(anonymous_3)
FN:70,(anonymous_4)
FN:86,(anonymous_5)
FN:96,(anonymous_6)
FNF:7
FNH:7
FNDA:5,(anonymous_0)
FNDA:15,(anonymous_1)
FNDA:5,(anonymous_2)
FNDA:25,(anonymous_3)
FNDA:3,(anonymous_4)
FNDA:25,(anonymous_5)
FNDA:28,(anonymous_6)
DA:4,1
DA:8,5
DA:16,15
DA:17,15
DA:19,15
DA:20,62
DA:21,62
DA:24,15
DA:32,5
DA:33,25
DA:35,4
DA:38,21
DA:39,21
DA:41,21
DA:43,1
DA:47,20
DA:50,20
DA:51,4
DA:57,20
DA:61,5
DA:63,5
DA:71,3
DA:73,3
DA:74,1
DA:77,2
DA:87,25
DA:89,25
DA:97,28
DA:98,28
DA:100,28
DA:101,95
DA:102,6
DA:105,89
DA:108,22
LF:34
LH:34
BRDA:32,0,0,5
BRDA:33,1,0,4
BRDA:33,1,1,21
BRDA:41,2,0,1
BRDA:41,2,1,20
BRDA:50,3,0,4
BRDA:50,3,1,16
BRDA:73,4,0,1
BRDA:73,4,1,2
BRDA:89,5,0,25
BRDA:89,5,1,20
BRDA:101,6,0,6
BRDA:101,6,1,89
BRF:13
BRH:13
end_of_record
TN:
SF:data-structures/trie/TrieNode.js
FN:8,(anonymous_0)
FN:18,(anonymous_1)
FN:27,(anonymous_2)
FN:44,(anonymous_3)
FN:65,(anonymous_4)
FN:73,(anonymous_5)
FN:80,(anonymous_6)
FN:87,(anonymous_7)
FNF:8
FNH:8
FNDA:62,(anonymous_0)
FNDA:145,(anonymous_1)
FNDA:75,(anonymous_2)
FNDA:23,(anonymous_3)
FNDA:102,(anonymous_4)
FNDA:22,(anonymous_5)
FNDA:14,(anonymous_6)
FNDA:11,(anonymous_7)
DA:9,62
DA:10,62
DA:11,62
DA:19,145
DA:28,75
DA:29,48
DA:32,75
DA:35,75
DA:37,75
DA:45,23
DA:50,23
DA:55,9
DA:58,23
DA:66,102
DA:74,22
DA:81,14
DA:88,11
DA:89,11
DA:90,11
DA:92,11
LF:20
LH:20
BRDA:8,0,0,13
BRDA:27,1,0,11
BRDA:28,2,0,48
BRDA:28,2,1,27
BRDA:35,3,0,75
BRDA:35,3,1,57
BRDA:50,4,0,9
BRDA:50,4,1,14
BRDA:51,5,0,23
BRDA:51,5,1,23
BRDA:51,5,2,20
BRDA:89,6,0,6
BRDA:89,6,1,5
BRDA:90,7,0,2
BRDA:90,7,1,9
BRF:15
BRH:15
end_of_record
TN:
SF:utils/comparator/Comparator.js
FN:6,(anonymous_0)
FN:16,(anonymous_1)
FN:30,(anonymous_2)
FN:40,(anonymous_3)
FN:50,(anonymous_4)
FN:60,(anonymous_5)
FN:70,(anonymous_6)
FN:77,(anonymous_7)
FN:79,(anonymous_8)
FNF:9
FNH:9
FNDA:12940,(anonymous_0)
FNDA:14523,(anonymous_1)
FNDA:4089,(anonymous_2)
FNDA:10729,(anonymous_3)
FNDA:612,(anonymous_4)
FNDA:1632,(anonymous_5)
FNDA:77,(anonymous_6)
FNDA:1,(anonymous_7)
FNDA:8,(anonymous_8)
DA:7,12940
DA:17,14523
DA:18,2439
DA:21,12084
DA:31,4089
DA:41,10729
DA:51,612
DA:61,1632
DA:71,77
DA:78,1
DA:79,8
LF:11
LH:11
BRDA:7,0,0,12940
BRDA:7,0,1,12325
BRDA:17,1,0,2439
BRDA:17,1,1,12084
BRDA:21,2,0,4534
BRDA:21,2,1,7550
BRDA:61,3,0,1632
BRDA:61,3,1,1140
BRDA:71,4,0,77
BRDA:71,4,1,45
BRF:10
BRH:10
end_of_record
