<?xml version="1.0" encoding="UTF-8"?>
<coverage generated="1650870185831" clover="3.2.0">
  <project timestamp="1650870185832" name="All files">
    <metrics statements="16" coveredstatements="1" conditionals="3" coveredconditionals="0" methods="10" coveredmethods="1" elements="29" coveredelements="2" complexity="0" loc="16" ncloc="16" packages="1" files="1" classes="1"/>
    <file name="util.js" path="/Users/fangqi-apple/Library/Mobile Documents/com~apple~CloudDocs/Documents/WebDev/javascript/src/utils/util.js">
      <metrics statements="16" coveredstatements="1" conditionals="3" coveredconditionals="0" methods="10" coveredmethods="1"/>
      <line num="2" count="0" type="stmt"/>
      <line num="3" count="0" type="stmt"/>
      <line num="4" count="0" type="stmt"/>
      <line num="8" count="0" type="stmt"/>
      <line num="12" count="0" type="stmt"/>
      <line num="16" count="0" type="stmt"/>
      <line num="20" count="0" type="cond" truecount="0" falsecount="2"/>
      <line num="21" count="0" type="stmt"/>
      <line num="22" count="0" type="stmt"/>
      <line num="27" count="0" type="stmt"/>
      <line num="28" count="0" type="stmt"/>
      <line num="33" count="0" type="stmt"/>
      <line num="34" count="0" type="stmt"/>
      <line num="38" count="0" type="stmt"/>
      <line num="42" count="0" type="stmt"/>
      <line num="46" count="2" type="stmt"/>
    </file>
  </project>
</coverage>
