{"/Users/fangqi-apple/Library/Mobile Documents/com~apple~CloudDocs/Documents/WebDev/javascript/src/utils/util.js": {"path":"/Users/fangqi-apple/Library/Mobile Documents/com~apple~CloudDocs/Documents/WebDev/javascript/src/utils/util.js","statementMap":{"0":{"start":{"line":2,"column":12},"end":{"line":2,"column":18}},"1":{"start":{"line":3,"column":2},"end":{"line":3,"column":18}},"2":{"start":{"line":4,"column":2},"end":{"line":4,"column":15}},"3":{"start":{"line":8,"column":2},"end":{"line":8,"column":68}},"4":{"start":{"line":12,"column":2},"end":{"line":12,"column":69}},"5":{"start":{"line":16,"column":2},"end":{"line":16,"column":71}},"6":{"start":{"line":20,"column":2},"end":{"line":23,"column":3}},"7":{"start":{"line":21,"column":4},"end":{"line":21,"column":28}},"8":{"start":{"line":22,"column":4},"end":{"line":22,"column":16}},"9":{"start":{"line":27,"column":2},"end":{"line":29,"column":3}},"10":{"start":{"line":28,"column":4},"end":{"line":28,"column":10}},"11":{"start":{"line":33,"column":12},"end":{"line":33,"column":27}},"12":{"start":{"line":34,"column":2},"end":{"line":34,"column":31}},"13":{"start":{"line":38,"column":2},"end":{"line":38,"column":56}},"14":{"start":{"line":42,"column":2},"end":{"line":42,"column":64}},"15":{"start":{"line":46,"column":2},"end":{"line":46,"column":77}}},"fnMap":{"0":{"name":"swap","decl":{"start":{"line":1,"column":16},"end":{"line":1,"column":20}},"loc":{"start":{"line":1,"column":32},"end":{"line":5,"column":1}},"line":1},"1":{"name":"isArray","decl":{"start":{"line":7,"column":16},"end":{"line":7,"column":23}},"loc":{"start":{"line":7,"column":31},"end":{"line":9,"column":1}},"line":7},"2":{"name":"isString","decl":{"start":{"line":11,"column":16},"end":{"line":11,"column":24}},"loc":{"start":{"line":11,"column":32},"end":{"line":13,"column":1}},"line":11},"3":{"name":"isFunction","decl":{"start":{"line":15,"column":16},"end":{"line":15,"column":26}},"loc":{"start":{"line":15,"column":34},"end":{"line":17,"column":1}},"line":15},"4":{"name":"nTimesRec","decl":{"start":{"line":19,"column":17},"end":{"line":19,"column":26}},"loc":{"start":{"line":19,"column":30},"end":{"line":24,"column":1}},"line":19},"5":{"name":"nTimes","decl":{"start":{"line":26,"column":17},"end":{"line":26,"column":23}},"loc":{"start":{"line":26,"column":27},"end":{"line":30,"column":1}},"line":26},"6":{"name":"round","decl":{"start":{"line":32,"column":16},"end":{"line":32,"column":21}},"loc":{"start":{"line":32,"column":32},"end":{"line":35,"column":1}},"line":32},"7":{"name":"random","decl":{"start":{"line":37,"column":16},"end":{"line":37,"column":22}},"loc":{"start":{"line":37,"column":33},"end":{"line":39,"column":1}},"line":37},"8":{"name":"insertStrAt","decl":{"start":{"line":41,"column":16},"end":{"line":41,"column":27}},"loc":{"start":{"line":41,"column":46},"end":{"line":43,"column":1}},"line":41},"9":{"name":"replaceStrAt","decl":{"start":{"line":45,"column":16},"end":{"line":45,"column":28}},"loc":{"start":{"line":45,"column":47},"end":{"line":47,"column":1}},"line":45}},"branchMap":{"0":{"loc":{"start":{"line":20,"column":2},"end":{"line":23,"column":3}},"type":"if","locations":[{"start":{"line":20,"column":2},"end":{"line":23,"column":3}},{"start":{},"end":{}}],"line":20},"1":{"loc":{"start":{"line":32,"column":25},"end":{"line":32,"column":30}},"type":"default-arg","locations":[{"start":{"line":32,"column":29},"end":{"line":32,"column":30}}],"line":32}},"s":{"0":0,"1":0,"2":0,"3":0,"4":0,"5":0,"6":0,"7":0,"8":0,"9":0,"10":0,"11":0,"12":0,"13":0,"14":0,"15":2},"f":{"0":0,"1":0,"2":0,"3":0,"4":0,"5":0,"6":0,"7":0,"8":0,"9":2},"b":{"0":[0,0],"1":[0]},"_coverageSchema":"1a1c01bbd47fc00a2c39e90264f33305004495a9","hash":"920e524bca3d3acc4f501a25fae74fbf3952ae2a"}
}
