TN:
SF:src/utils/util.js
FN:1,swap
FN:7,isArray
FN:11,isString
FN:15,isFunction
FN:19,nTimesRec
FN:26,nTimes
FN:32,round
FN:37,random
FN:41,insertStrAt
FN:45,replaceStrAt
FNF:10
FNH:1
FNDA:0,swap
FNDA:0,isArray
FNDA:0,isString
FNDA:0,isFunction
FNDA:0,nTimesRec
FNDA:0,nTimes
FNDA:0,round
FNDA:0,random
FNDA:0,insertStrAt
FNDA:2,replaceStrAt
DA:2,0
DA:3,0
DA:4,0
DA:8,0
DA:12,0
DA:16,0
DA:20,0
DA:21,0
DA:22,0
DA:27,0
DA:28,0
DA:33,0
DA:34,0
DA:38,0
DA:42,0
DA:46,2
LF:16
LH:1
BRDA:20,0,0,0
BRDA:20,0,1,0
BRDA:32,1,0,0
BRF:3
BRH:0
end_of_record
